{"/home/runner/work/open-domain-specification/open-domain-specification/packages/core/src/consumable-map.ts": {"path":"/home/runner/work/open-domain-specification/open-domain-specification/packages/core/src/consumable-map.ts","all":true,"statementMap":{"0":{"start":{"line":1,"column":0},"end":{"line":1,"column":37}},"1":{"start":{"line":2,"column":0},"end":{"line":2,"column":57}},"13":{"start":{"line":14,"column":0},"end":{"line":14,"column":31}},"14":{"start":{"line":15,"column":0},"end":{"line":15,"column":63}},"15":{"start":{"line":16,"column":0},"end":{"line":16,"column":59}},"16":{"start":{"line":17,"column":0},"end":{"line":17,"column":59}},"18":{"start":{"line":19,"column":0},"end":{"line":19,"column":39}},"19":{"start":{"line":20,"column":0},"end":{"line":20,"column":47}},"20":{"start":{"line":21,"column":0},"end":{"line":21,"column":21}},"21":{"start":{"line":22,"column":0},"end":{"line":22,"column":23}},"22":{"start":{"line":23,"column":0},"end":{"line":23,"column":3}},"23":{"start":{"line":24,"column":0},"end":{"line":24,"column":32}},"24":{"start":{"line":25,"column":0},"end":{"line":25,"column":14}},"25":{"start":{"line":26,"column":0},"end":{"line":26,"column":2}},"27":{"start":{"line":28,"column":0},"end":{"line":28,"column":47}},"28":{"start":{"line":29,"column":0},"end":{"line":29,"column":47}},"29":{"start":{"line":30,"column":0},"end":{"line":30,"column":21}},"30":{"start":{"line":31,"column":0},"end":{"line":31,"column":23}},"31":{"start":{"line":32,"column":0},"end":{"line":32,"column":3}},"33":{"start":{"line":34,"column":0},"end":{"line":34,"column":32}},"34":{"start":{"line":35,"column":0},"end":{"line":35,"column":14}},"35":{"start":{"line":36,"column":0},"end":{"line":36,"column":2}},"37":{"start":{"line":38,"column":0},"end":{"line":38,"column":39}},"38":{"start":{"line":39,"column":0},"end":{"line":39,"column":30}},"40":{"start":{"line":41,"column":0},"end":{"line":41,"column":42}},"42":{"start":{"line":43,"column":0},"end":{"line":43,"column":21}},"43":{"start":{"line":44,"column":0},"end":{"line":44,"column":23}},"44":{"start":{"line":45,"column":0},"end":{"line":45,"column":3}},"46":{"start":{"line":47,"column":0},"end":{"line":47,"column":27}},"48":{"start":{"line":49,"column":0},"end":{"line":49,"column":14}},"49":{"start":{"line":50,"column":0},"end":{"line":50,"column":2}},"51":{"start":{"line":52,"column":0},"end":{"line":52,"column":43}},"52":{"start":{"line":53,"column":0},"end":{"line":53,"column":43}},"53":{"start":{"line":54,"column":0},"end":{"line":54,"column":59}},"54":{"start":{"line":55,"column":0},"end":{"line":55,"column":44}},"55":{"start":{"line":56,"column":0},"end":{"line":56,"column":47}},"56":{"start":{"line":57,"column":0},"end":{"line":57,"column":61}},"57":{"start":{"line":58,"column":0},"end":{"line":58,"column":16}},"58":{"start":{"line":59,"column":0},"end":{"line":59,"column":6}},"59":{"start":{"line":60,"column":0},"end":{"line":60,"column":72}},"60":{"start":{"line":61,"column":0},"end":{"line":61,"column":11}},"61":{"start":{"line":62,"column":0},"end":{"line":62,"column":74}},"62":{"start":{"line":63,"column":0},"end":{"line":63,"column":13}},"63":{"start":{"line":64,"column":0},"end":{"line":64,"column":7}},"64":{"start":{"line":65,"column":0},"end":{"line":65,"column":6}},"65":{"start":{"line":66,"column":0},"end":{"line":66,"column":73}},"66":{"start":{"line":67,"column":0},"end":{"line":67,"column":12}},"67":{"start":{"line":68,"column":0},"end":{"line":68,"column":68}},"68":{"start":{"line":69,"column":0},"end":{"line":69,"column":20}},"69":{"start":{"line":70,"column":0},"end":{"line":70,"column":7}},"70":{"start":{"line":71,"column":0},"end":{"line":71,"column":6}},"71":{"start":{"line":72,"column":0},"end":{"line":72,"column":71}},"72":{"start":{"line":73,"column":0},"end":{"line":73,"column":74}},"73":{"start":{"line":74,"column":0},"end":{"line":74,"column":7}},"74":{"start":{"line":75,"column":0},"end":{"line":75,"column":6}},"75":{"start":{"line":76,"column":0},"end":{"line":76,"column":61}},"76":{"start":{"line":77,"column":0},"end":{"line":77,"column":64}},"77":{"start":{"line":78,"column":0},"end":{"line":78,"column":7}},"78":{"start":{"line":79,"column":0},"end":{"line":79,"column":6}},"79":{"start":{"line":80,"column":0},"end":{"line":80,"column":6}},"81":{"start":{"line":82,"column":0},"end":{"line":82,"column":67}},"82":{"start":{"line":83,"column":0},"end":{"line":83,"column":35}},"83":{"start":{"line":84,"column":0},"end":{"line":84,"column":38}},"84":{"start":{"line":85,"column":0},"end":{"line":85,"column":52}},"85":{"start":{"line":86,"column":0},"end":{"line":86,"column":21}},"86":{"start":{"line":87,"column":0},"end":{"line":87,"column":6}},"88":{"start":{"line":89,"column":0},"end":{"line":89,"column":36}},"89":{"start":{"line":90,"column":0},"end":{"line":90,"column":33}},"90":{"start":{"line":91,"column":0},"end":{"line":91,"column":36}},"91":{"start":{"line":92,"column":0},"end":{"line":92,"column":65}},"92":{"start":{"line":93,"column":0},"end":{"line":93,"column":16}},"93":{"start":{"line":94,"column":0},"end":{"line":94,"column":6}},"94":{"start":{"line":95,"column":0},"end":{"line":95,"column":72}},"95":{"start":{"line":96,"column":0},"end":{"line":96,"column":11}},"96":{"start":{"line":97,"column":0},"end":{"line":97,"column":74}},"97":{"start":{"line":98,"column":0},"end":{"line":98,"column":13}},"98":{"start":{"line":99,"column":0},"end":{"line":99,"column":7}},"99":{"start":{"line":100,"column":0},"end":{"line":100,"column":6}},"100":{"start":{"line":101,"column":0},"end":{"line":101,"column":67}},"101":{"start":{"line":102,"column":0},"end":{"line":102,"column":70}},"102":{"start":{"line":103,"column":0},"end":{"line":103,"column":7}},"103":{"start":{"line":104,"column":0},"end":{"line":104,"column":6}},"104":{"start":{"line":105,"column":0},"end":{"line":105,"column":60}},"105":{"start":{"line":106,"column":0},"end":{"line":106,"column":63}},"106":{"start":{"line":107,"column":0},"end":{"line":107,"column":7}},"107":{"start":{"line":108,"column":0},"end":{"line":108,"column":6}},"108":{"start":{"line":109,"column":0},"end":{"line":109,"column":50}},"109":{"start":{"line":110,"column":0},"end":{"line":110,"column":53}},"110":{"start":{"line":111,"column":0},"end":{"line":111,"column":7}},"111":{"start":{"line":112,"column":0},"end":{"line":112,"column":6}},"112":{"start":{"line":113,"column":0},"end":{"line":113,"column":6}},"114":{"start":{"line":115,"column":0},"end":{"line":115,"column":17}},"115":{"start":{"line":116,"column":0},"end":{"line":116,"column":23}},"116":{"start":{"line":117,"column":0},"end":{"line":117,"column":23}},"117":{"start":{"line":118,"column":0},"end":{"line":118,"column":39}},"118":{"start":{"line":119,"column":0},"end":{"line":119,"column":50}},"119":{"start":{"line":120,"column":0},"end":{"line":120,"column":6}},"120":{"start":{"line":121,"column":0},"end":{"line":121,"column":3}},"121":{"start":{"line":122,"column":0},"end":{"line":122,"column":2}},"123":{"start":{"line":124,"column":0},"end":{"line":124,"column":45}},"124":{"start":{"line":125,"column":0},"end":{"line":125,"column":30}},"125":{"start":{"line":126,"column":0},"end":{"line":126,"column":61}},"126":{"start":{"line":127,"column":0},"end":{"line":127,"column":4}},"127":{"start":{"line":128,"column":0},"end":{"line":128,"column":2}},"129":{"start":{"line":130,"column":0},"end":{"line":130,"column":36}},"130":{"start":{"line":131,"column":0},"end":{"line":131,"column":30}},"131":{"start":{"line":132,"column":0},"end":{"line":132,"column":55}},"132":{"start":{"line":133,"column":0},"end":{"line":133,"column":4}},"133":{"start":{"line":134,"column":0},"end":{"line":134,"column":2}},"135":{"start":{"line":136,"column":0},"end":{"line":136,"column":45}},"136":{"start":{"line":137,"column":0},"end":{"line":137,"column":30}},"137":{"start":{"line":138,"column":0},"end":{"line":138,"column":61}},"138":{"start":{"line":139,"column":0},"end":{"line":139,"column":4}},"139":{"start":{"line":140,"column":0},"end":{"line":140,"column":2}},"141":{"start":{"line":142,"column":0},"end":{"line":142,"column":60}},"142":{"start":{"line":143,"column":0},"end":{"line":143,"column":30}},"143":{"start":{"line":144,"column":0},"end":{"line":144,"column":71}},"144":{"start":{"line":145,"column":0},"end":{"line":145,"column":4}},"145":{"start":{"line":146,"column":0},"end":{"line":146,"column":2}},"147":{"start":{"line":148,"column":0},"end":{"line":148,"column":45}},"148":{"start":{"line":149,"column":0},"end":{"line":149,"column":30}},"149":{"start":{"line":150,"column":0},"end":{"line":150,"column":61}},"150":{"start":{"line":151,"column":0},"end":{"line":151,"column":4}},"151":{"start":{"line":152,"column":0},"end":{"line":152,"column":2}},"153":{"start":{"line":154,"column":0},"end":{"line":154,"column":39}},"154":{"start":{"line":155,"column":0},"end":{"line":155,"column":30}},"155":{"start":{"line":156,"column":0},"end":{"line":156,"column":57}},"156":{"start":{"line":157,"column":0},"end":{"line":157,"column":4}},"157":{"start":{"line":158,"column":0},"end":{"line":158,"column":2}},"158":{"start":{"line":159,"column":0},"end":{"line":159,"column":1}}},"s":{"0":0,"1":0,"13":0,"14":0,"15":0,"16":0,"18":0,"19":0,"20":0,"21":0,"22":0,"23":0,"24":0,"25":0,"27":0,"28":0,"29":0,"30":0,"31":0,"33":0,"34":0,"35":0,"37":0,"38":0,"40":0,"42":0,"43":0,"44":0,"46":0,"48":0,"49":0,"51":0,"52":0,"53":0,"54":0,"55":0,"56":0,"57":0,"58":0,"59":0,"60":0,"61":0,"62":0,"63":0,"64":0,"65":0,"66":0,"67":0,"68":0,"69":0,"70":0,"71":0,"72":0,"73":0,"74":0,"75":0,"76":0,"77":0,"78":0,"79":0,"81":0,"82":0,"83":0,"84":0,"85":0,"86":0,"88":0,"89":0,"90":0,"91":0,"92":0,"93":0,"94":0,"95":0,"96":0,"97":0,"98":0,"99":0,"100":0,"101":0,"102":0,"103":0,"104":0,"105":0,"106":0,"107":0,"108":0,"109":0,"110":0,"111":0,"112":0,"114":0,"115":0,"116":0,"117":0,"118":0,"119":0,"120":0,"121":0,"123":0,"124":0,"125":0,"126":0,"127":0,"129":0,"130":0,"131":0,"132":0,"133":0,"135":0,"136":0,"137":0,"138":0,"139":0,"141":0,"142":0,"143":0,"144":0,"145":0,"147":0,"148":0,"149":0,"150":0,"151":0,"153":0,"154":0,"155":0,"156":0,"157":0,"158":0},"branchMap":{"0":{"type":"branch","line":1,"loc":{"start":{"line":1,"column":4742},"end":{"line":185,"column":2}},"locations":[{"start":{"line":1,"column":4742},"end":{"line":185,"column":2}}]}},"b":{"0":[0]},"fnMap":{"0":{"name":"(empty-report)","decl":{"start":{"line":1,"column":4742},"end":{"line":185,"column":2}},"loc":{"start":{"line":1,"column":4742},"end":{"line":185,"column":2}},"line":1}},"f":{"0":0}}
,"/home/runner/work/open-domain-specification/open-domain-specification/packages/core/src/consuption-graph.ts": {"path":"/home/runner/work/open-domain-specification/open-domain-specification/packages/core/src/consuption-graph.ts","all":true,"statementMap":{"0":{"start":{"line":1,"column":0},"end":{"line":1,"column":47}},"1":{"start":{"line":2,"column":0},"end":{"line":2,"column":44}},"13":{"start":{"line":14,"column":0},"end":{"line":14,"column":58}},"14":{"start":{"line":15,"column":0},"end":{"line":15,"column":59}},"18":{"start":{"line":19,"column":0},"end":{"line":19,"column":36}},"19":{"start":{"line":20,"column":0},"end":{"line":20,"column":49}},"20":{"start":{"line":21,"column":0},"end":{"line":21,"column":2}},"22":{"start":{"line":23,"column":0},"end":{"line":23,"column":42}},"23":{"start":{"line":24,"column":0},"end":{"line":24,"column":38}},"24":{"start":{"line":25,"column":0},"end":{"line":25,"column":35}},"25":{"start":{"line":26,"column":0},"end":{"line":26,"column":2}},"27":{"start":{"line":28,"column":0},"end":{"line":28,"column":45}},"28":{"start":{"line":29,"column":0},"end":{"line":29,"column":38}},"29":{"start":{"line":30,"column":0},"end":{"line":30,"column":38}},"30":{"start":{"line":31,"column":0},"end":{"line":31,"column":2}},"32":{"start":{"line":33,"column":0},"end":{"line":33,"column":36}},"33":{"start":{"line":34,"column":0},"end":{"line":34,"column":48}},"34":{"start":{"line":35,"column":0},"end":{"line":35,"column":71}},"35":{"start":{"line":36,"column":0},"end":{"line":36,"column":13}},"36":{"start":{"line":37,"column":0},"end":{"line":37,"column":4}},"37":{"start":{"line":38,"column":0},"end":{"line":38,"column":38}},"38":{"start":{"line":39,"column":0},"end":{"line":39,"column":3}},"39":{"start":{"line":40,"column":0},"end":{"line":40,"column":30}},"40":{"start":{"line":41,"column":0},"end":{"line":41,"column":2}},"42":{"start":{"line":43,"column":0},"end":{"line":43,"column":45}},"43":{"start":{"line":44,"column":0},"end":{"line":44,"column":54}},"44":{"start":{"line":45,"column":0},"end":{"line":45,"column":41}},"45":{"start":{"line":46,"column":0},"end":{"line":46,"column":4}},"46":{"start":{"line":47,"column":0},"end":{"line":47,"column":48}},"47":{"start":{"line":48,"column":0},"end":{"line":48,"column":29}},"48":{"start":{"line":49,"column":0},"end":{"line":49,"column":2}},"50":{"start":{"line":51,"column":0},"end":{"line":51,"column":36}},"51":{"start":{"line":52,"column":0},"end":{"line":52,"column":54}},"52":{"start":{"line":53,"column":0},"end":{"line":53,"column":35}},"53":{"start":{"line":54,"column":0},"end":{"line":54,"column":4}},"54":{"start":{"line":55,"column":0},"end":{"line":55,"column":42}},"55":{"start":{"line":56,"column":0},"end":{"line":56,"column":29}},"56":{"start":{"line":57,"column":0},"end":{"line":57,"column":2}},"58":{"start":{"line":59,"column":0},"end":{"line":59,"column":45}},"59":{"start":{"line":60,"column":0},"end":{"line":60,"column":54}},"60":{"start":{"line":61,"column":0},"end":{"line":61,"column":41}},"61":{"start":{"line":62,"column":0},"end":{"line":62,"column":4}},"62":{"start":{"line":63,"column":0},"end":{"line":63,"column":48}},"63":{"start":{"line":64,"column":0},"end":{"line":64,"column":29}},"64":{"start":{"line":65,"column":0},"end":{"line":65,"column":2}},"66":{"start":{"line":67,"column":0},"end":{"line":67,"column":60}},"67":{"start":{"line":68,"column":0},"end":{"line":68,"column":54}},"68":{"start":{"line":69,"column":0},"end":{"line":69,"column":51}},"69":{"start":{"line":70,"column":0},"end":{"line":70,"column":4}},"70":{"start":{"line":71,"column":0},"end":{"line":71,"column":58}},"71":{"start":{"line":72,"column":0},"end":{"line":72,"column":29}},"72":{"start":{"line":73,"column":0},"end":{"line":73,"column":2}},"74":{"start":{"line":75,"column":0},"end":{"line":75,"column":45}},"75":{"start":{"line":76,"column":0},"end":{"line":76,"column":54}},"76":{"start":{"line":77,"column":0},"end":{"line":77,"column":41}},"77":{"start":{"line":78,"column":0},"end":{"line":78,"column":4}},"78":{"start":{"line":79,"column":0},"end":{"line":79,"column":48}},"79":{"start":{"line":80,"column":0},"end":{"line":80,"column":29}},"80":{"start":{"line":81,"column":0},"end":{"line":81,"column":2}},"82":{"start":{"line":83,"column":0},"end":{"line":83,"column":39}},"83":{"start":{"line":84,"column":0},"end":{"line":84,"column":54}},"84":{"start":{"line":85,"column":0},"end":{"line":85,"column":37}},"85":{"start":{"line":86,"column":0},"end":{"line":86,"column":4}},"86":{"start":{"line":87,"column":0},"end":{"line":87,"column":44}},"87":{"start":{"line":88,"column":0},"end":{"line":88,"column":29}},"88":{"start":{"line":89,"column":0},"end":{"line":89,"column":2}},"89":{"start":{"line":90,"column":0},"end":{"line":90,"column":1}}},"s":{"0":0,"1":0,"13":0,"14":0,"18":0,"19":0,"20":0,"22":0,"23":0,"24":0,"25":0,"27":0,"28":0,"29":0,"30":0,"32":0,"33":0,"34":0,"35":0,"36":0,"37":0,"38":0,"39":0,"40":0,"42":0,"43":0,"44":0,"45":0,"46":0,"47":0,"48":0,"50":0,"51":0,"52":0,"53":0,"54":0,"55":0,"56":0,"58":0,"59":0,"60":0,"61":0,"62":0,"63":0,"64":0,"66":0,"67":0,"68":0,"69":0,"70":0,"71":0,"72":0,"74":0,"75":0,"76":0,"77":0,"78":0,"79":0,"80":0,"82":0,"83":0,"84":0,"85":0,"86":0,"87":0,"88":0,"89":0},"branchMap":{"0":{"type":"branch","line":1,"loc":{"start":{"line":1,"column":2380},"end":{"line":90,"column":1}},"locations":[{"start":{"line":1,"column":2380},"end":{"line":90,"column":1}}]}},"b":{"0":[0]},"fnMap":{"0":{"name":"(empty-report)","decl":{"start":{"line":1,"column":2380},"end":{"line":90,"column":1}},"loc":{"start":{"line":1,"column":2380},"end":{"line":90,"column":1}},"line":1}},"f":{"0":0}}
,"/home/runner/work/open-domain-specification/open-domain-specification/packages/core/src/context-map.ts": {"path":"/home/runner/work/open-domain-specification/open-domain-specification/packages/core/src/context-map.ts","all":true,"statementMap":{"0":{"start":{"line":1,"column":0},"end":{"line":1,"column":37}},"1":{"start":{"line":2,"column":0},"end":{"line":2,"column":57}},"11":{"start":{"line":12,"column":0},"end":{"line":12,"column":28}},"12":{"start":{"line":13,"column":0},"end":{"line":13,"column":55}},"13":{"start":{"line":14,"column":0},"end":{"line":14,"column":55}},"15":{"start":{"line":16,"column":0},"end":{"line":16,"column":35}},"16":{"start":{"line":17,"column":0},"end":{"line":17,"column":47}},"17":{"start":{"line":18,"column":0},"end":{"line":18,"column":21}},"18":{"start":{"line":19,"column":0},"end":{"line":19,"column":23}},"19":{"start":{"line":20,"column":0},"end":{"line":20,"column":3}},"20":{"start":{"line":21,"column":0},"end":{"line":21,"column":32}},"21":{"start":{"line":22,"column":0},"end":{"line":22,"column":14}},"22":{"start":{"line":23,"column":0},"end":{"line":23,"column":2}},"24":{"start":{"line":25,"column":0},"end":{"line":25,"column":35}},"25":{"start":{"line":26,"column":0},"end":{"line":26,"column":30}},"27":{"start":{"line":28,"column":0},"end":{"line":28,"column":42}},"29":{"start":{"line":30,"column":0},"end":{"line":30,"column":21}},"30":{"start":{"line":31,"column":0},"end":{"line":31,"column":23}},"31":{"start":{"line":32,"column":0},"end":{"line":32,"column":3}},"33":{"start":{"line":34,"column":0},"end":{"line":34,"column":27}},"35":{"start":{"line":36,"column":0},"end":{"line":36,"column":14}},"36":{"start":{"line":37,"column":0},"end":{"line":37,"column":2}},"38":{"start":{"line":39,"column":0},"end":{"line":39,"column":43}},"39":{"start":{"line":40,"column":0},"end":{"line":40,"column":43}},"40":{"start":{"line":41,"column":0},"end":{"line":41,"column":36}},"41":{"start":{"line":42,"column":0},"end":{"line":42,"column":59}},"42":{"start":{"line":43,"column":0},"end":{"line":43,"column":62}},"43":{"start":{"line":44,"column":0},"end":{"line":44,"column":76}},"44":{"start":{"line":45,"column":0},"end":{"line":45,"column":16}},"45":{"start":{"line":46,"column":0},"end":{"line":46,"column":6}},"46":{"start":{"line":47,"column":0},"end":{"line":47,"column":72}},"47":{"start":{"line":48,"column":0},"end":{"line":48,"column":11}},"48":{"start":{"line":49,"column":0},"end":{"line":49,"column":74}},"49":{"start":{"line":50,"column":0},"end":{"line":50,"column":13}},"50":{"start":{"line":51,"column":0},"end":{"line":51,"column":7}},"51":{"start":{"line":52,"column":0},"end":{"line":52,"column":6}},"52":{"start":{"line":53,"column":0},"end":{"line":53,"column":73}},"53":{"start":{"line":54,"column":0},"end":{"line":54,"column":12}},"54":{"start":{"line":55,"column":0},"end":{"line":55,"column":68}},"55":{"start":{"line":56,"column":0},"end":{"line":56,"column":20}},"56":{"start":{"line":57,"column":0},"end":{"line":57,"column":7}},"57":{"start":{"line":58,"column":0},"end":{"line":58,"column":6}},"58":{"start":{"line":59,"column":0},"end":{"line":59,"column":71}},"59":{"start":{"line":60,"column":0},"end":{"line":60,"column":74}},"60":{"start":{"line":61,"column":0},"end":{"line":61,"column":7}},"61":{"start":{"line":62,"column":0},"end":{"line":62,"column":6}},"62":{"start":{"line":63,"column":0},"end":{"line":63,"column":6}},"64":{"start":{"line":65,"column":0},"end":{"line":65,"column":36}},"65":{"start":{"line":66,"column":0},"end":{"line":66,"column":48}},"66":{"start":{"line":67,"column":0},"end":{"line":67,"column":51}},"67":{"start":{"line":68,"column":0},"end":{"line":68,"column":65}},"68":{"start":{"line":69,"column":0},"end":{"line":69,"column":16}},"69":{"start":{"line":70,"column":0},"end":{"line":70,"column":6}},"70":{"start":{"line":71,"column":0},"end":{"line":71,"column":72}},"71":{"start":{"line":72,"column":0},"end":{"line":72,"column":11}},"72":{"start":{"line":73,"column":0},"end":{"line":73,"column":74}},"73":{"start":{"line":74,"column":0},"end":{"line":74,"column":13}},"74":{"start":{"line":75,"column":0},"end":{"line":75,"column":7}},"75":{"start":{"line":76,"column":0},"end":{"line":76,"column":6}},"76":{"start":{"line":77,"column":0},"end":{"line":77,"column":67}},"77":{"start":{"line":78,"column":0},"end":{"line":78,"column":70}},"78":{"start":{"line":79,"column":0},"end":{"line":79,"column":7}},"79":{"start":{"line":80,"column":0},"end":{"line":80,"column":6}},"80":{"start":{"line":81,"column":0},"end":{"line":81,"column":60}},"81":{"start":{"line":82,"column":0},"end":{"line":82,"column":63}},"82":{"start":{"line":83,"column":0},"end":{"line":83,"column":7}},"83":{"start":{"line":84,"column":0},"end":{"line":84,"column":6}},"84":{"start":{"line":85,"column":0},"end":{"line":85,"column":6}},"86":{"start":{"line":87,"column":0},"end":{"line":87,"column":17}},"87":{"start":{"line":88,"column":0},"end":{"line":88,"column":23}},"88":{"start":{"line":89,"column":0},"end":{"line":89,"column":23}},"89":{"start":{"line":90,"column":0},"end":{"line":90,"column":39}},"90":{"start":{"line":91,"column":0},"end":{"line":91,"column":50}},"91":{"start":{"line":92,"column":0},"end":{"line":92,"column":6}},"92":{"start":{"line":93,"column":0},"end":{"line":93,"column":3}},"93":{"start":{"line":94,"column":0},"end":{"line":94,"column":2}},"95":{"start":{"line":96,"column":0},"end":{"line":96,"column":45}},"96":{"start":{"line":97,"column":0},"end":{"line":97,"column":27}},"97":{"start":{"line":98,"column":0},"end":{"line":98,"column":61}},"98":{"start":{"line":99,"column":0},"end":{"line":99,"column":4}},"99":{"start":{"line":100,"column":0},"end":{"line":100,"column":2}},"101":{"start":{"line":102,"column":0},"end":{"line":102,"column":36}},"102":{"start":{"line":103,"column":0},"end":{"line":103,"column":27}},"103":{"start":{"line":104,"column":0},"end":{"line":104,"column":55}},"104":{"start":{"line":105,"column":0},"end":{"line":105,"column":4}},"105":{"start":{"line":106,"column":0},"end":{"line":106,"column":2}},"107":{"start":{"line":108,"column":0},"end":{"line":108,"column":45}},"108":{"start":{"line":109,"column":0},"end":{"line":109,"column":27}},"109":{"start":{"line":110,"column":0},"end":{"line":110,"column":61}},"110":{"start":{"line":111,"column":0},"end":{"line":111,"column":4}},"111":{"start":{"line":112,"column":0},"end":{"line":112,"column":2}},"113":{"start":{"line":114,"column":0},"end":{"line":114,"column":60}},"114":{"start":{"line":115,"column":0},"end":{"line":115,"column":27}},"115":{"start":{"line":116,"column":0},"end":{"line":116,"column":71}},"116":{"start":{"line":117,"column":0},"end":{"line":117,"column":4}},"117":{"start":{"line":118,"column":0},"end":{"line":118,"column":2}},"118":{"start":{"line":119,"column":0},"end":{"line":119,"column":1}}},"s":{"0":0,"1":0,"11":0,"12":0,"13":0,"15":0,"16":0,"17":0,"18":0,"19":0,"20":0,"21":0,"22":0,"24":0,"25":0,"27":0,"29":0,"30":0,"31":0,"33":0,"35":0,"36":0,"38":0,"39":0,"40":0,"41":0,"42":0,"43":0,"44":0,"45":0,"46":0,"47":0,"48":0,"49":0,"50":0,"51":0,"52":0,"53":0,"54":0,"55":0,"56":0,"57":0,"58":0,"59":0,"60":0,"61":0,"62":0,"64":0,"65":0,"66":0,"67":0,"68":0,"69":0,"70":0,"71":0,"72":0,"73":0,"74":0,"75":0,"76":0,"77":0,"78":0,"79":0,"80":0,"81":0,"82":0,"83":0,"84":0,"86":0,"87":0,"88":0,"89":0,"90":0,"91":0,"92":0,"93":0,"95":0,"96":0,"97":0,"98":0,"99":0,"101":0,"102":0,"103":0,"104":0,"105":0,"107":0,"108":0,"109":0,"110":0,"111":0,"113":0,"114":0,"115":0,"116":0,"117":0,"118":0},"branchMap":{"0":{"type":"branch","line":1,"loc":{"start":{"line":1,"column":3551},"end":{"line":138,"column":2}},"locations":[{"start":{"line":1,"column":3551},"end":{"line":138,"column":2}}]}},"b":{"0":[0]},"fnMap":{"0":{"name":"(empty-report)","decl":{"start":{"line":1,"column":3551},"end":{"line":138,"column":2}},"loc":{"start":{"line":1,"column":3551},"end":{"line":138,"column":2}},"line":1}},"f":{"0":0}}
,"/home/runner/work/open-domain-specification/open-domain-specification/packages/core/src/debug.ts": {"path":"/home/runner/work/open-domain-specification/open-domain-specification/packages/core/src/debug.ts","all":false,"statementMap":{"0":{"start":{"line":1,"column":0},"end":{"line":1,"column":55}},"2":{"start":{"line":3,"column":0},"end":{"line":3,"column":62}},"4":{"start":{"line":5,"column":0},"end":{"line":5,"column":55}},"5":{"start":{"line":6,"column":0},"end":{"line":6,"column":32}},"6":{"start":{"line":7,"column":0},"end":{"line":7,"column":1}}},"s":{"0":1,"2":1,"4":1,"5":44,"6":44},"branchMap":{"0":{"type":"branch","line":5,"loc":{"start":{"line":5,"column":7},"end":{"line":7,"column":1}},"locations":[{"start":{"line":5,"column":7},"end":{"line":7,"column":1}}]}},"b":{"0":[44]},"fnMap":{"0":{"name":"getDebug","decl":{"start":{"line":5,"column":7},"end":{"line":7,"column":1}},"loc":{"start":{"line":5,"column":7},"end":{"line":7,"column":1}},"line":5}},"f":{"0":44}}
,"/home/runner/work/open-domain-specification/open-domain-specification/packages/core/src/index.ts": {"path":"/home/runner/work/open-domain-specification/open-domain-specification/packages/core/src/index.ts","all":true,"statementMap":{"0":{"start":{"line":1,"column":0},"end":{"line":1,"column":33}},"1":{"start":{"line":2,"column":0},"end":{"line":2,"column":35}},"2":{"start":{"line":3,"column":0},"end":{"line":3,"column":30}},"3":{"start":{"line":4,"column":0},"end":{"line":4,"column":31}},"4":{"start":{"line":5,"column":0},"end":{"line":5,"column":25}},"5":{"start":{"line":6,"column":0},"end":{"line":6,"column":28}},"6":{"start":{"line":7,"column":0},"end":{"line":7,"column":26}},"7":{"start":{"line":8,"column":0},"end":{"line":8,"column":28}}},"s":{"0":0,"1":0,"2":0,"3":0,"4":0,"5":0,"6":0,"7":0},"branchMap":{"0":{"type":"branch","line":1,"loc":{"start":{"line":1,"column":243},"end":{"line":8,"column":28}},"locations":[{"start":{"line":1,"column":243},"end":{"line":8,"column":28}}]}},"b":{"0":[0]},"fnMap":{"0":{"name":"(empty-report)","decl":{"start":{"line":1,"column":243},"end":{"line":8,"column":28}},"loc":{"start":{"line":1,"column":243},"end":{"line":8,"column":28}},"line":1}},"f":{"0":0}}
,"/home/runner/work/open-domain-specification/open-domain-specification/packages/core/src/makeTestWs.ts": {"path":"/home/runner/work/open-domain-specification/open-domain-specification/packages/core/src/makeTestWs.ts","all":false,"statementMap":{"0":{"start":{"line":1,"column":0},"end":{"line":1,"column":40}},"2":{"start":{"line":3,"column":0},"end":{"line":3,"column":30}},"3":{"start":{"line":4,"column":0},"end":{"line":4,"column":33}},"4":{"start":{"line":5,"column":0},"end":{"line":5,"column":22}},"5":{"start":{"line":6,"column":0},"end":{"line":6,"column":22}},"6":{"start":{"line":7,"column":0},"end":{"line":7,"column":18}},"7":{"start":{"line":8,"column":0},"end":{"line":8,"column":4}},"9":{"start":{"line":10,"column":0},"end":{"line":10,"column":32}},"10":{"start":{"line":11,"column":0},"end":{"line":11,"column":18}},"11":{"start":{"line":12,"column":0},"end":{"line":12,"column":15}},"12":{"start":{"line":13,"column":0},"end":{"line":13,"column":4}},"14":{"start":{"line":15,"column":0},"end":{"line":15,"column":60}},"15":{"start":{"line":16,"column":0},"end":{"line":16,"column":18}},"16":{"start":{"line":17,"column":0},"end":{"line":17,"column":4}},"18":{"start":{"line":19,"column":0},"end":{"line":19,"column":74}},"19":{"start":{"line":20,"column":0},"end":{"line":20,"column":18}},"20":{"start":{"line":21,"column":0},"end":{"line":21,"column":4}},"22":{"start":{"line":23,"column":0},"end":{"line":23,"column":74}},"23":{"start":{"line":24,"column":0},"end":{"line":24,"column":17}},"24":{"start":{"line":25,"column":0},"end":{"line":25,"column":18}},"25":{"start":{"line":26,"column":0},"end":{"line":26,"column":4}},"27":{"start":{"line":28,"column":0},"end":{"line":28,"column":47}},"28":{"start":{"line":29,"column":0},"end":{"line":29,"column":36}},"29":{"start":{"line":30,"column":0},"end":{"line":30,"column":3}},"30":{"start":{"line":31,"column":0},"end":{"line":31,"column":19}},"31":{"start":{"line":32,"column":0},"end":{"line":32,"column":32}},"32":{"start":{"line":33,"column":0},"end":{"line":33,"column":21}},"33":{"start":{"line":34,"column":0},"end":{"line":34,"column":4}},"34":{"start":{"line":35,"column":0},"end":{"line":35,"column":3}},"36":{"start":{"line":37,"column":0},"end":{"line":37,"column":78}},"37":{"start":{"line":38,"column":0},"end":{"line":38,"column":18}},"38":{"start":{"line":39,"column":0},"end":{"line":39,"column":4}},"40":{"start":{"line":41,"column":0},"end":{"line":41,"column":48}},"41":{"start":{"line":42,"column":0},"end":{"line":42,"column":37}},"42":{"start":{"line":43,"column":0},"end":{"line":43,"column":3}},"43":{"start":{"line":44,"column":0},"end":{"line":44,"column":19}},"44":{"start":{"line":45,"column":0},"end":{"line":45,"column":4}},"45":{"start":{"line":46,"column":0},"end":{"line":46,"column":3}},"47":{"start":{"line":48,"column":0},"end":{"line":48,"column":47}},"48":{"start":{"line":49,"column":0},"end":{"line":49,"column":37}},"49":{"start":{"line":50,"column":0},"end":{"line":50,"column":3}},"50":{"start":{"line":51,"column":0},"end":{"line":51,"column":19}},"51":{"start":{"line":52,"column":0},"end":{"line":52,"column":4}},"52":{"start":{"line":53,"column":0},"end":{"line":53,"column":3}},"54":{"start":{"line":55,"column":0},"end":{"line":55,"column":51}},"55":{"start":{"line":56,"column":0},"end":{"line":56,"column":38}},"56":{"start":{"line":57,"column":0},"end":{"line":57,"column":3}},"57":{"start":{"line":58,"column":0},"end":{"line":58,"column":19}},"58":{"start":{"line":59,"column":0},"end":{"line":59,"column":4}},"59":{"start":{"line":60,"column":0},"end":{"line":60,"column":3}},"61":{"start":{"line":62,"column":0},"end":{"line":62,"column":32}},"62":{"start":{"line":63,"column":0},"end":{"line":63,"column":18}},"63":{"start":{"line":64,"column":0},"end":{"line":64,"column":15}},"64":{"start":{"line":65,"column":0},"end":{"line":65,"column":4}},"66":{"start":{"line":67,"column":0},"end":{"line":67,"column":60}},"67":{"start":{"line":68,"column":0},"end":{"line":68,"column":18}},"68":{"start":{"line":69,"column":0},"end":{"line":69,"column":4}},"70":{"start":{"line":71,"column":0},"end":{"line":71,"column":74}},"71":{"start":{"line":72,"column":0},"end":{"line":72,"column":18}},"72":{"start":{"line":73,"column":0},"end":{"line":73,"column":4}},"74":{"start":{"line":75,"column":0},"end":{"line":75,"column":74}},"75":{"start":{"line":76,"column":0},"end":{"line":76,"column":17}},"76":{"start":{"line":77,"column":0},"end":{"line":77,"column":18}},"77":{"start":{"line":78,"column":0},"end":{"line":78,"column":4}},"79":{"start":{"line":80,"column":0},"end":{"line":80,"column":64}},"80":{"start":{"line":81,"column":0},"end":{"line":81,"column":24}},"81":{"start":{"line":82,"column":0},"end":{"line":82,"column":4}},"83":{"start":{"line":84,"column":0},"end":{"line":84,"column":45}},"84":{"start":{"line":85,"column":0},"end":{"line":85,"column":35}},"85":{"start":{"line":86,"column":0},"end":{"line":86,"column":3}},"86":{"start":{"line":87,"column":0},"end":{"line":87,"column":19}},"87":{"start":{"line":88,"column":0},"end":{"line":88,"column":4}},"88":{"start":{"line":89,"column":0},"end":{"line":89,"column":3}},"90":{"start":{"line":91,"column":0},"end":{"line":91,"column":49}},"91":{"start":{"line":92,"column":0},"end":{"line":92,"column":39}},"92":{"start":{"line":93,"column":0},"end":{"line":93,"column":3}},"93":{"start":{"line":94,"column":0},"end":{"line":94,"column":19}},"94":{"start":{"line":95,"column":0},"end":{"line":95,"column":4}},"95":{"start":{"line":96,"column":0},"end":{"line":96,"column":3}},"97":{"start":{"line":98,"column":0},"end":{"line":98,"column":55}},"98":{"start":{"line":99,"column":0},"end":{"line":99,"column":40}},"99":{"start":{"line":100,"column":0},"end":{"line":100,"column":3}},"100":{"start":{"line":101,"column":0},"end":{"line":101,"column":19}},"101":{"start":{"line":102,"column":0},"end":{"line":102,"column":4}},"102":{"start":{"line":103,"column":0},"end":{"line":103,"column":3}},"104":{"start":{"line":105,"column":0},"end":{"line":105,"column":9}},"105":{"start":{"line":106,"column":0},"end":{"line":106,"column":5}},"106":{"start":{"line":107,"column":0},"end":{"line":107,"column":5}},"107":{"start":{"line":108,"column":0},"end":{"line":108,"column":8}},"108":{"start":{"line":109,"column":0},"end":{"line":109,"column":11}},"109":{"start":{"line":110,"column":0},"end":{"line":110,"column":13}},"110":{"start":{"line":111,"column":0},"end":{"line":111,"column":15}},"111":{"start":{"line":112,"column":0},"end":{"line":112,"column":14}},"112":{"start":{"line":113,"column":0},"end":{"line":113,"column":16}},"113":{"start":{"line":114,"column":0},"end":{"line":114,"column":18}},"114":{"start":{"line":115,"column":0},"end":{"line":115,"column":17}},"115":{"start":{"line":116,"column":0},"end":{"line":116,"column":5}},"116":{"start":{"line":117,"column":0},"end":{"line":117,"column":8}},"117":{"start":{"line":118,"column":0},"end":{"line":118,"column":11}},"118":{"start":{"line":119,"column":0},"end":{"line":119,"column":13}},"119":{"start":{"line":120,"column":0},"end":{"line":120,"column":16}},"120":{"start":{"line":121,"column":0},"end":{"line":121,"column":16}},"121":{"start":{"line":122,"column":0},"end":{"line":122,"column":18}},"122":{"start":{"line":123,"column":0},"end":{"line":123,"column":19}},"123":{"start":{"line":124,"column":0},"end":{"line":124,"column":3}},"124":{"start":{"line":125,"column":0},"end":{"line":125,"column":1}}},"s":{"0":1,"2":1,"3":6,"4":6,"5":6,"6":6,"7":6,"9":6,"10":6,"11":6,"12":6,"14":6,"15":6,"16":6,"18":6,"19":6,"20":6,"22":6,"23":6,"24":6,"25":6,"27":6,"28":6,"29":6,"30":6,"31":6,"32":6,"33":6,"34":6,"36":6,"37":6,"38":6,"40":6,"41":6,"42":6,"43":6,"44":6,"45":6,"47":6,"48":6,"49":6,"50":6,"51":6,"52":6,"54":6,"55":6,"56":6,"57":6,"58":6,"59":6,"61":6,"62":6,"63":6,"64":6,"66":6,"67":6,"68":6,"70":6,"71":6,"72":6,"74":6,"75":6,"76":6,"77":6,"79":6,"80":6,"81":6,"83":6,"84":6,"85":6,"86":6,"87":6,"88":6,"90":6,"91":6,"92":6,"93":6,"94":6,"95":6,"97":6,"98":6,"99":6,"100":6,"101":6,"102":6,"104":6,"105":6,"106":6,"107":6,"108":6,"109":6,"110":6,"111":6,"112":6,"113":6,"114":6,"115":6,"116":6,"117":6,"118":6,"119":6,"120":6,"121":6,"122":6,"123":6,"124":6},"branchMap":{"0":{"type":"branch","line":3,"loc":{"start":{"line":3,"column":7},"end":{"line":125,"column":1}},"locations":[{"start":{"line":3,"column":7},"end":{"line":125,"column":1}}]}},"b":{"0":[6]},"fnMap":{"0":{"name":"makeTestWs","decl":{"start":{"line":3,"column":7},"end":{"line":125,"column":1}},"loc":{"start":{"line":3,"column":7},"end":{"line":125,"column":1}},"line":3}},"f":{"0":6}}
,"/home/runner/work/open-domain-specification/open-domain-specification/packages/core/src/relation-map.ts": {"path":"/home/runner/work/open-domain-specification/open-domain-specification/packages/core/src/relation-map.ts","all":true,"statementMap":{"0":{"start":{"line":1,"column":0},"end":{"line":1,"column":37}},"2":{"start":{"line":3,"column":0},"end":{"line":3,"column":44}},"3":{"start":{"line":4,"column":0},"end":{"line":4,"column":8}},"13":{"start":{"line":14,"column":0},"end":{"line":14,"column":55}},"14":{"start":{"line":15,"column":0},"end":{"line":15,"column":59}},"16":{"start":{"line":17,"column":0},"end":{"line":17,"column":36}},"17":{"start":{"line":18,"column":0},"end":{"line":18,"column":46}},"18":{"start":{"line":19,"column":0},"end":{"line":19,"column":2}},"20":{"start":{"line":21,"column":0},"end":{"line":21,"column":16}},"21":{"start":{"line":22,"column":0},"end":{"line":22,"column":35}},"22":{"start":{"line":23,"column":0},"end":{"line":23,"column":2}},"24":{"start":{"line":25,"column":0},"end":{"line":25,"column":48}},"25":{"start":{"line":26,"column":0},"end":{"line":26,"column":32}},"26":{"start":{"line":27,"column":0},"end":{"line":27,"column":38}},"27":{"start":{"line":28,"column":0},"end":{"line":28,"column":2}},"29":{"start":{"line":30,"column":0},"end":{"line":30,"column":45}},"30":{"start":{"line":31,"column":0},"end":{"line":31,"column":53}},"31":{"start":{"line":32,"column":0},"end":{"line":32,"column":48}},"32":{"start":{"line":33,"column":0},"end":{"line":33,"column":29}},"33":{"start":{"line":34,"column":0},"end":{"line":34,"column":2}},"35":{"start":{"line":36,"column":0},"end":{"line":36,"column":36}},"36":{"start":{"line":37,"column":0},"end":{"line":37,"column":53}},"37":{"start":{"line":38,"column":0},"end":{"line":38,"column":42}},"38":{"start":{"line":39,"column":0},"end":{"line":39,"column":29}},"39":{"start":{"line":40,"column":0},"end":{"line":40,"column":2}},"41":{"start":{"line":42,"column":0},"end":{"line":42,"column":45}},"42":{"start":{"line":43,"column":0},"end":{"line":43,"column":53}},"43":{"start":{"line":44,"column":0},"end":{"line":44,"column":48}},"44":{"start":{"line":45,"column":0},"end":{"line":45,"column":29}},"45":{"start":{"line":46,"column":0},"end":{"line":46,"column":2}},"47":{"start":{"line":48,"column":0},"end":{"line":48,"column":60}},"48":{"start":{"line":49,"column":0},"end":{"line":49,"column":53}},"49":{"start":{"line":50,"column":0},"end":{"line":50,"column":58}},"50":{"start":{"line":51,"column":0},"end":{"line":51,"column":29}},"51":{"start":{"line":52,"column":0},"end":{"line":52,"column":2}},"53":{"start":{"line":54,"column":0},"end":{"line":54,"column":45}},"54":{"start":{"line":55,"column":0},"end":{"line":55,"column":53}},"55":{"start":{"line":56,"column":0},"end":{"line":56,"column":68}},"56":{"start":{"line":57,"column":0},"end":{"line":57,"column":29}},"57":{"start":{"line":58,"column":0},"end":{"line":58,"column":2}},"58":{"start":{"line":59,"column":0},"end":{"line":59,"column":1}},"60":{"start":{"line":61,"column":0},"end":{"line":61,"column":29}},"61":{"start":{"line":62,"column":0},"end":{"line":62,"column":56}},"62":{"start":{"line":63,"column":0},"end":{"line":63,"column":56}},"64":{"start":{"line":65,"column":0},"end":{"line":65,"column":36}},"65":{"start":{"line":66,"column":0},"end":{"line":66,"column":47}},"66":{"start":{"line":67,"column":0},"end":{"line":67,"column":21}},"67":{"start":{"line":68,"column":0},"end":{"line":68,"column":23}},"68":{"start":{"line":69,"column":0},"end":{"line":69,"column":3}},"69":{"start":{"line":70,"column":0},"end":{"line":70,"column":32}},"70":{"start":{"line":71,"column":0},"end":{"line":71,"column":14}},"71":{"start":{"line":72,"column":0},"end":{"line":72,"column":2}},"73":{"start":{"line":74,"column":0},"end":{"line":74,"column":36}},"74":{"start":{"line":75,"column":0},"end":{"line":75,"column":30}},"76":{"start":{"line":77,"column":0},"end":{"line":77,"column":42}},"78":{"start":{"line":79,"column":0},"end":{"line":79,"column":21}},"79":{"start":{"line":80,"column":0},"end":{"line":80,"column":23}},"80":{"start":{"line":81,"column":0},"end":{"line":81,"column":3}},"82":{"start":{"line":83,"column":0},"end":{"line":83,"column":27}},"84":{"start":{"line":85,"column":0},"end":{"line":85,"column":14}},"85":{"start":{"line":86,"column":0},"end":{"line":86,"column":2}},"87":{"start":{"line":88,"column":0},"end":{"line":88,"column":43}},"88":{"start":{"line":89,"column":0},"end":{"line":89,"column":37}},"89":{"start":{"line":90,"column":0},"end":{"line":90,"column":36}},"90":{"start":{"line":91,"column":0},"end":{"line":91,"column":28}},"91":{"start":{"line":92,"column":0},"end":{"line":92,"column":31}},"92":{"start":{"line":93,"column":0},"end":{"line":93,"column":45}},"93":{"start":{"line":94,"column":0},"end":{"line":94,"column":9}},"94":{"start":{"line":95,"column":0},"end":{"line":95,"column":38}},"95":{"start":{"line":96,"column":0},"end":{"line":96,"column":28}},"96":{"start":{"line":97,"column":0},"end":{"line":97,"column":22}},"97":{"start":{"line":98,"column":0},"end":{"line":98,"column":17}},"98":{"start":{"line":99,"column":0},"end":{"line":99,"column":22}},"99":{"start":{"line":100,"column":0},"end":{"line":100,"column":16}},"100":{"start":{"line":101,"column":0},"end":{"line":101,"column":6}},"101":{"start":{"line":102,"column":0},"end":{"line":102,"column":67}},"102":{"start":{"line":103,"column":0},"end":{"line":103,"column":21}},"103":{"start":{"line":104,"column":0},"end":{"line":104,"column":69}},"104":{"start":{"line":105,"column":0},"end":{"line":105,"column":23}},"105":{"start":{"line":106,"column":0},"end":{"line":106,"column":7}},"106":{"start":{"line":107,"column":0},"end":{"line":107,"column":6}},"107":{"start":{"line":108,"column":0},"end":{"line":108,"column":72}},"108":{"start":{"line":109,"column":0},"end":{"line":109,"column":69}},"109":{"start":{"line":110,"column":0},"end":{"line":110,"column":13}},"110":{"start":{"line":111,"column":0},"end":{"line":111,"column":7}},"111":{"start":{"line":112,"column":0},"end":{"line":112,"column":6}},"112":{"start":{"line":113,"column":0},"end":{"line":113,"column":65}},"113":{"start":{"line":114,"column":0},"end":{"line":114,"column":68}},"114":{"start":{"line":115,"column":0},"end":{"line":115,"column":7}},"115":{"start":{"line":116,"column":0},"end":{"line":116,"column":6}},"116":{"start":{"line":117,"column":0},"end":{"line":117,"column":55}},"117":{"start":{"line":118,"column":0},"end":{"line":118,"column":58}},"118":{"start":{"line":119,"column":0},"end":{"line":119,"column":7}},"119":{"start":{"line":120,"column":0},"end":{"line":120,"column":6}},"120":{"start":{"line":121,"column":0},"end":{"line":121,"column":40}},"121":{"start":{"line":122,"column":0},"end":{"line":122,"column":43}},"122":{"start":{"line":123,"column":0},"end":{"line":123,"column":7}},"123":{"start":{"line":124,"column":0},"end":{"line":124,"column":6}},"124":{"start":{"line":125,"column":0},"end":{"line":125,"column":6}},"126":{"start":{"line":127,"column":0},"end":{"line":127,"column":36}},"127":{"start":{"line":128,"column":0},"end":{"line":128,"column":28}},"128":{"start":{"line":129,"column":0},"end":{"line":129,"column":31}},"129":{"start":{"line":130,"column":0},"end":{"line":130,"column":45}},"130":{"start":{"line":131,"column":0},"end":{"line":131,"column":9}},"131":{"start":{"line":132,"column":0},"end":{"line":132,"column":38}},"132":{"start":{"line":133,"column":0},"end":{"line":133,"column":28}},"133":{"start":{"line":134,"column":0},"end":{"line":134,"column":22}},"134":{"start":{"line":135,"column":0},"end":{"line":135,"column":17}},"135":{"start":{"line":136,"column":0},"end":{"line":136,"column":22}},"136":{"start":{"line":137,"column":0},"end":{"line":137,"column":16}},"137":{"start":{"line":138,"column":0},"end":{"line":138,"column":6}},"138":{"start":{"line":139,"column":0},"end":{"line":139,"column":67}},"139":{"start":{"line":140,"column":0},"end":{"line":140,"column":21}},"140":{"start":{"line":141,"column":0},"end":{"line":141,"column":69}},"141":{"start":{"line":142,"column":0},"end":{"line":142,"column":23}},"142":{"start":{"line":143,"column":0},"end":{"line":143,"column":7}},"143":{"start":{"line":144,"column":0},"end":{"line":144,"column":6}},"144":{"start":{"line":145,"column":0},"end":{"line":145,"column":72}},"145":{"start":{"line":146,"column":0},"end":{"line":146,"column":69}},"146":{"start":{"line":147,"column":0},"end":{"line":147,"column":13}},"147":{"start":{"line":148,"column":0},"end":{"line":148,"column":7}},"148":{"start":{"line":149,"column":0},"end":{"line":149,"column":6}},"149":{"start":{"line":150,"column":0},"end":{"line":150,"column":65}},"150":{"start":{"line":151,"column":0},"end":{"line":151,"column":68}},"151":{"start":{"line":152,"column":0},"end":{"line":152,"column":7}},"152":{"start":{"line":153,"column":0},"end":{"line":153,"column":6}},"153":{"start":{"line":154,"column":0},"end":{"line":154,"column":55}},"154":{"start":{"line":155,"column":0},"end":{"line":155,"column":58}},"155":{"start":{"line":156,"column":0},"end":{"line":156,"column":7}},"156":{"start":{"line":157,"column":0},"end":{"line":157,"column":6}},"157":{"start":{"line":158,"column":0},"end":{"line":158,"column":40}},"158":{"start":{"line":159,"column":0},"end":{"line":159,"column":43}},"159":{"start":{"line":160,"column":0},"end":{"line":160,"column":7}},"160":{"start":{"line":161,"column":0},"end":{"line":161,"column":6}},"161":{"start":{"line":162,"column":0},"end":{"line":162,"column":6}},"163":{"start":{"line":164,"column":0},"end":{"line":164,"column":17}},"164":{"start":{"line":165,"column":0},"end":{"line":165,"column":23}},"165":{"start":{"line":166,"column":0},"end":{"line":166,"column":23}},"166":{"start":{"line":167,"column":0},"end":{"line":167,"column":32}},"167":{"start":{"line":168,"column":0},"end":{"line":168,"column":32}},"168":{"start":{"line":169,"column":0},"end":{"line":169,"column":6}},"169":{"start":{"line":170,"column":0},"end":{"line":170,"column":3}},"170":{"start":{"line":171,"column":0},"end":{"line":171,"column":2}},"172":{"start":{"line":173,"column":0},"end":{"line":173,"column":45}},"173":{"start":{"line":174,"column":0},"end":{"line":174,"column":28}},"174":{"start":{"line":175,"column":0},"end":{"line":175,"column":55}},"175":{"start":{"line":176,"column":0},"end":{"line":176,"column":4}},"176":{"start":{"line":177,"column":0},"end":{"line":177,"column":2}},"178":{"start":{"line":179,"column":0},"end":{"line":179,"column":36}},"179":{"start":{"line":180,"column":0},"end":{"line":180,"column":75}},"180":{"start":{"line":181,"column":0},"end":{"line":181,"column":2}},"182":{"start":{"line":183,"column":0},"end":{"line":183,"column":45}},"183":{"start":{"line":184,"column":0},"end":{"line":184,"column":28}},"184":{"start":{"line":185,"column":0},"end":{"line":185,"column":55}},"185":{"start":{"line":186,"column":0},"end":{"line":186,"column":4}},"186":{"start":{"line":187,"column":0},"end":{"line":187,"column":2}},"188":{"start":{"line":189,"column":0},"end":{"line":189,"column":60}},"189":{"start":{"line":190,"column":0},"end":{"line":190,"column":28}},"190":{"start":{"line":191,"column":0},"end":{"line":191,"column":65}},"191":{"start":{"line":192,"column":0},"end":{"line":192,"column":4}},"192":{"start":{"line":193,"column":0},"end":{"line":193,"column":2}},"194":{"start":{"line":195,"column":0},"end":{"line":195,"column":45}},"195":{"start":{"line":196,"column":0},"end":{"line":196,"column":28}},"196":{"start":{"line":197,"column":0},"end":{"line":197,"column":55}},"197":{"start":{"line":198,"column":0},"end":{"line":198,"column":4}},"198":{"start":{"line":199,"column":0},"end":{"line":199,"column":2}},"199":{"start":{"line":200,"column":0},"end":{"line":200,"column":1}}},"s":{"0":0,"2":0,"3":0,"13":0,"14":0,"16":0,"17":0,"18":0,"20":0,"21":0,"22":0,"24":0,"25":0,"26":0,"27":0,"29":0,"30":0,"31":0,"32":0,"33":0,"35":0,"36":0,"37":0,"38":0,"39":0,"41":0,"42":0,"43":0,"44":0,"45":0,"47":0,"48":0,"49":0,"50":0,"51":0,"53":0,"54":0,"55":0,"56":0,"57":0,"58":0,"60":0,"61":0,"62":0,"64":0,"65":0,"66":0,"67":0,"68":0,"69":0,"70":0,"71":0,"73":0,"74":0,"76":0,"78":0,"79":0,"80":0,"82":0,"84":0,"85":0,"87":0,"88":0,"89":0,"90":0,"91":0,"92":0,"93":0,"94":0,"95":0,"96":0,"97":0,"98":0,"99":0,"100":0,"101":0,"102":0,"103":0,"104":0,"105":0,"106":0,"107":0,"108":0,"109":0,"110":0,"111":0,"112":0,"113":0,"114":0,"115":0,"116":0,"117":0,"118":0,"119":0,"120":0,"121":0,"122":0,"123":0,"124":0,"126":0,"127":0,"128":0,"129":0,"130":0,"131":0,"132":0,"133":0,"134":0,"135":0,"136":0,"137":0,"138":0,"139":0,"140":0,"141":0,"142":0,"143":0,"144":0,"145":0,"146":0,"147":0,"148":0,"149":0,"150":0,"151":0,"152":0,"153":0,"154":0,"155":0,"156":0,"157":0,"158":0,"159":0,"160":0,"161":0,"163":0,"164":0,"165":0,"166":0,"167":0,"168":0,"169":0,"170":0,"172":0,"173":0,"174":0,"175":0,"176":0,"178":0,"179":0,"180":0,"182":0,"183":0,"184":0,"185":0,"186":0,"188":0,"189":0,"190":0,"191":0,"192":0,"194":0,"195":0,"196":0,"197":0,"198":0,"199":0},"branchMap":{"0":{"type":"branch","line":1,"loc":{"start":{"line":1,"column":5626},"end":{"line":220,"column":2}},"locations":[{"start":{"line":1,"column":5626},"end":{"line":220,"column":2}}]}},"b":{"0":[0]},"fnMap":{"0":{"name":"(empty-report)","decl":{"start":{"line":1,"column":5626},"end":{"line":220,"column":2}},"loc":{"start":{"line":1,"column":5626},"end":{"line":220,"column":2}},"line":1}},"f":{"0":0}}
,"/home/runner/work/open-domain-specification/open-domain-specification/packages/core/src/schema.ts": {"path":"/home/runner/work/open-domain-specification/open-domain-specification/packages/core/src/schema.ts","all":false,"statementMap":{"62":{"start":{"line":63,"column":0},"end":{"line":63,"column":26}},"63":{"start":{"line":64,"column":0},"end":{"line":64,"column":27}},"64":{"start":{"line":65,"column":0},"end":{"line":65,"column":23}},"65":{"start":{"line":66,"column":0},"end":{"line":66,"column":15}},"113":{"start":{"line":114,"column":0},"end":{"line":114,"column":43}},"114":{"start":{"line":115,"column":0},"end":{"line":115,"column":9}},"115":{"start":{"line":116,"column":0},"end":{"line":116,"column":30}},"116":{"start":{"line":117,"column":0},"end":{"line":117,"column":3}},"117":{"start":{"line":118,"column":0},"end":{"line":118,"column":1}},"119":{"start":{"line":120,"column":0},"end":{"line":120,"column":65}},"120":{"start":{"line":121,"column":0},"end":{"line":121,"column":36}},"122":{"start":{"line":123,"column":0},"end":{"line":123,"column":9}},"123":{"start":{"line":124,"column":0},"end":{"line":124,"column":42}},"124":{"start":{"line":125,"column":0},"end":{"line":125,"column":3}},"125":{"start":{"line":126,"column":0},"end":{"line":126,"column":1}},"127":{"start":{"line":128,"column":0},"end":{"line":128,"column":34}},"128":{"start":{"line":129,"column":0},"end":{"line":129,"column":16}},"129":{"start":{"line":130,"column":0},"end":{"line":130,"column":19}},"130":{"start":{"line":131,"column":0},"end":{"line":131,"column":24}},"131":{"start":{"line":132,"column":0},"end":{"line":132,"column":3}},"132":{"start":{"line":133,"column":0},"end":{"line":133,"column":50}},"134":{"start":{"line":135,"column":0},"end":{"line":135,"column":9}},"135":{"start":{"line":136,"column":0},"end":{"line":136,"column":52}},"136":{"start":{"line":137,"column":0},"end":{"line":137,"column":3}},"137":{"start":{"line":138,"column":0},"end":{"line":138,"column":1}},"139":{"start":{"line":140,"column":0},"end":{"line":140,"column":27}},"140":{"start":{"line":141,"column":0},"end":{"line":141,"column":16}},"141":{"start":{"line":142,"column":0},"end":{"line":142,"column":19}},"142":{"start":{"line":143,"column":0},"end":{"line":143,"column":24}},"143":{"start":{"line":144,"column":0},"end":{"line":144,"column":17}},"144":{"start":{"line":145,"column":0},"end":{"line":145,"column":3}},"145":{"start":{"line":146,"column":0},"end":{"line":146,"column":71}},"147":{"start":{"line":148,"column":0},"end":{"line":148,"column":9}},"148":{"start":{"line":149,"column":0},"end":{"line":149,"column":38}},"149":{"start":{"line":150,"column":0},"end":{"line":150,"column":3}},"150":{"start":{"line":151,"column":0},"end":{"line":151,"column":1}},"152":{"start":{"line":153,"column":0},"end":{"line":153,"column":29}},"153":{"start":{"line":154,"column":0},"end":{"line":154,"column":16}},"154":{"start":{"line":155,"column":0},"end":{"line":155,"column":19}},"155":{"start":{"line":156,"column":0},"end":{"line":156,"column":24}},"156":{"start":{"line":157,"column":0},"end":{"line":157,"column":19}},"157":{"start":{"line":158,"column":0},"end":{"line":158,"column":3}},"158":{"start":{"line":159,"column":0},"end":{"line":159,"column":71}},"160":{"start":{"line":161,"column":0},"end":{"line":161,"column":9}},"161":{"start":{"line":162,"column":0},"end":{"line":162,"column":42}},"162":{"start":{"line":163,"column":0},"end":{"line":163,"column":3}},"163":{"start":{"line":164,"column":0},"end":{"line":164,"column":1}},"165":{"start":{"line":166,"column":0},"end":{"line":166,"column":26}},"166":{"start":{"line":167,"column":0},"end":{"line":167,"column":16}},"167":{"start":{"line":168,"column":0},"end":{"line":168,"column":19}},"168":{"start":{"line":169,"column":0},"end":{"line":169,"column":24}},"169":{"start":{"line":170,"column":0},"end":{"line":170,"column":19}},"170":{"start":{"line":171,"column":0},"end":{"line":171,"column":16}},"171":{"start":{"line":172,"column":0},"end":{"line":172,"column":3}},"172":{"start":{"line":173,"column":0},"end":{"line":173,"column":77}},"174":{"start":{"line":175,"column":0},"end":{"line":175,"column":9}},"175":{"start":{"line":176,"column":0},"end":{"line":176,"column":37}},"176":{"start":{"line":177,"column":0},"end":{"line":177,"column":3}},"177":{"start":{"line":178,"column":0},"end":{"line":178,"column":1}},"179":{"start":{"line":180,"column":0},"end":{"line":180,"column":31}},"180":{"start":{"line":181,"column":0},"end":{"line":181,"column":16}},"181":{"start":{"line":182,"column":0},"end":{"line":182,"column":19}},"182":{"start":{"line":183,"column":0},"end":{"line":183,"column":24}},"183":{"start":{"line":184,"column":0},"end":{"line":184,"column":19}},"184":{"start":{"line":185,"column":0},"end":{"line":185,"column":21}},"185":{"start":{"line":186,"column":0},"end":{"line":186,"column":3}},"186":{"start":{"line":187,"column":0},"end":{"line":187,"column":77}},"188":{"start":{"line":189,"column":0},"end":{"line":189,"column":9}},"189":{"start":{"line":190,"column":0},"end":{"line":190,"column":46}},"190":{"start":{"line":191,"column":0},"end":{"line":191,"column":3}},"191":{"start":{"line":192,"column":0},"end":{"line":192,"column":1}},"193":{"start":{"line":194,"column":0},"end":{"line":194,"column":29}},"194":{"start":{"line":195,"column":0},"end":{"line":195,"column":16}},"195":{"start":{"line":196,"column":0},"end":{"line":196,"column":19}},"196":{"start":{"line":197,"column":0},"end":{"line":197,"column":24}},"197":{"start":{"line":198,"column":0},"end":{"line":198,"column":19}},"198":{"start":{"line":199,"column":0},"end":{"line":199,"column":19}},"199":{"start":{"line":200,"column":0},"end":{"line":200,"column":3}},"200":{"start":{"line":201,"column":0},"end":{"line":201,"column":77}},"202":{"start":{"line":203,"column":0},"end":{"line":203,"column":9}},"203":{"start":{"line":204,"column":0},"end":{"line":204,"column":42}},"204":{"start":{"line":205,"column":0},"end":{"line":205,"column":3}},"205":{"start":{"line":206,"column":0},"end":{"line":206,"column":1}},"207":{"start":{"line":208,"column":0},"end":{"line":208,"column":30}},"208":{"start":{"line":209,"column":0},"end":{"line":209,"column":16}},"209":{"start":{"line":210,"column":0},"end":{"line":210,"column":19}},"210":{"start":{"line":211,"column":0},"end":{"line":211,"column":24}},"211":{"start":{"line":212,"column":0},"end":{"line":212,"column":18}},"212":{"start":{"line":213,"column":0},"end":{"line":213,"column":20}},"213":{"start":{"line":214,"column":0},"end":{"line":214,"column":39}},"214":{"start":{"line":215,"column":0},"end":{"line":215,"column":3}},"215":{"start":{"line":216,"column":0},"end":{"line":216,"column":17}},"216":{"start":{"line":217,"column":0},"end":{"line":217,"column":30}},"217":{"start":{"line":218,"column":0},"end":{"line":218,"column":62}},"218":{"start":{"line":219,"column":0},"end":{"line":219,"column":61}},"220":{"start":{"line":221,"column":0},"end":{"line":221,"column":9}},"221":{"start":{"line":222,"column":0},"end":{"line":222,"column":41}},"222":{"start":{"line":223,"column":0},"end":{"line":223,"column":3}},"223":{"start":{"line":224,"column":0},"end":{"line":224,"column":1}}},"s":{"62":1,"63":1,"64":1,"65":1,"113":1,"114":5,"115":5,"116":5,"117":5,"119":1,"120":5,"122":5,"123":5,"124":5,"125":5,"127":1,"128":5,"129":5,"130":5,"131":5,"132":5,"134":5,"135":5,"136":5,"137":5,"139":1,"140":1,"141":1,"142":1,"143":1,"144":1,"145":1,"147":1,"148":1,"149":1,"150":1,"152":1,"153":4,"154":4,"155":4,"156":4,"157":4,"158":4,"160":4,"161":4,"162":4,"163":4,"165":1,"166":2,"167":2,"168":2,"169":2,"170":2,"171":2,"172":2,"174":2,"175":2,"176":2,"177":2,"179":1,"180":2,"181":2,"182":2,"183":2,"184":2,"185":2,"186":2,"188":2,"189":2,"190":2,"191":2,"193":1,"194":0,"195":0,"196":0,"197":0,"198":0,"199":0,"200":0,"202":0,"203":0,"204":0,"205":0,"207":1,"208":0,"209":0,"210":0,"211":0,"212":0,"213":0,"214":0,"215":0,"216":0,"217":0,"218":0,"220":0,"221":0,"222":0,"223":0},"branchMap":{"0":{"type":"branch","line":63,"loc":{"start":{"line":63,"column":7},"end":{"line":63,"column":26}},"locations":[{"start":{"line":63,"column":7},"end":{"line":63,"column":26}}]},"1":{"type":"branch","line":114,"loc":{"start":{"line":114,"column":7},"end":{"line":118,"column":1}},"locations":[{"start":{"line":114,"column":7},"end":{"line":118,"column":1}}]},"2":{"type":"branch","line":120,"loc":{"start":{"line":120,"column":7},"end":{"line":126,"column":1}},"locations":[{"start":{"line":120,"column":7},"end":{"line":126,"column":1}}]},"3":{"type":"branch","line":128,"loc":{"start":{"line":128,"column":7},"end":{"line":138,"column":1}},"locations":[{"start":{"line":128,"column":7},"end":{"line":138,"column":1}}]},"4":{"type":"branch","line":140,"loc":{"start":{"line":140,"column":7},"end":{"line":151,"column":1}},"locations":[{"start":{"line":140,"column":7},"end":{"line":151,"column":1}}]},"5":{"type":"branch","line":153,"loc":{"start":{"line":153,"column":7},"end":{"line":164,"column":1}},"locations":[{"start":{"line":153,"column":7},"end":{"line":164,"column":1}}]},"6":{"type":"branch","line":166,"loc":{"start":{"line":166,"column":7},"end":{"line":178,"column":1}},"locations":[{"start":{"line":166,"column":7},"end":{"line":178,"column":1}}]},"7":{"type":"branch","line":180,"loc":{"start":{"line":180,"column":7},"end":{"line":192,"column":1}},"locations":[{"start":{"line":180,"column":7},"end":{"line":192,"column":1}}]}},"b":{"0":[4],"1":[5],"2":[5],"3":[5],"4":[1],"5":[4],"6":[2],"7":[2]},"fnMap":{"0":{"name":"domainRef","decl":{"start":{"line":114,"column":7},"end":{"line":118,"column":1}},"loc":{"start":{"line":114,"column":7},"end":{"line":118,"column":1}},"line":114},"1":{"name":"subdomainRef","decl":{"start":{"line":120,"column":7},"end":{"line":126,"column":1}},"loc":{"start":{"line":120,"column":7},"end":{"line":126,"column":1}},"line":120},"2":{"name":"boundedcontextRef","decl":{"start":{"line":128,"column":7},"end":{"line":138,"column":1}},"loc":{"start":{"line":128,"column":7},"end":{"line":138,"column":1}},"line":128},"3":{"name":"serviceRef","decl":{"start":{"line":140,"column":7},"end":{"line":151,"column":1}},"loc":{"start":{"line":140,"column":7},"end":{"line":151,"column":1}},"line":140},"4":{"name":"aggregateRef","decl":{"start":{"line":153,"column":7},"end":{"line":164,"column":1}},"loc":{"start":{"line":153,"column":7},"end":{"line":164,"column":1}},"line":153},"5":{"name":"entityRef","decl":{"start":{"line":166,"column":7},"end":{"line":178,"column":1}},"loc":{"start":{"line":166,"column":7},"end":{"line":178,"column":1}},"line":166},"6":{"name":"valueObjectRef","decl":{"start":{"line":180,"column":7},"end":{"line":192,"column":1}},"loc":{"start":{"line":180,"column":7},"end":{"line":192,"column":1}},"line":180},"7":{"name":"invariantRef","decl":{"start":{"line":194,"column":7},"end":{"line":206,"column":1}},"loc":{"start":{"line":194,"column":7},"end":{"line":206,"column":1}},"line":194},"8":{"name":"consumableRef","decl":{"start":{"line":208,"column":7},"end":{"line":224,"column":1}},"loc":{"start":{"line":208,"column":7},"end":{"line":224,"column":1}},"line":208}},"f":{"0":5,"1":5,"2":5,"3":1,"4":4,"5":2,"6":2,"7":0,"8":0}}
,"/home/runner/work/open-domain-specification/open-domain-specification/packages/core/src/scope-manager.ts": {"path":"/home/runner/work/open-domain-specification/open-domain-specification/packages/core/src/scope-manager.ts","all":true,"statementMap":{"0":{"start":{"line":1,"column":0},"end":{"line":1,"column":44}},"18":{"start":{"line":19,"column":0},"end":{"line":19,"column":51}},"19":{"start":{"line":20,"column":0},"end":{"line":20,"column":22}},"21":{"start":{"line":22,"column":0},"end":{"line":22,"column":35}},"22":{"start":{"line":23,"column":0},"end":{"line":23,"column":37}},"23":{"start":{"line":24,"column":0},"end":{"line":24,"column":2}},"25":{"start":{"line":26,"column":0},"end":{"line":26,"column":39}},"26":{"start":{"line":27,"column":0},"end":{"line":27,"column":30}},"27":{"start":{"line":28,"column":0},"end":{"line":28,"column":34}},"28":{"start":{"line":29,"column":0},"end":{"line":29,"column":2}},"30":{"start":{"line":31,"column":0},"end":{"line":31,"column":30}},"31":{"start":{"line":32,"column":0},"end":{"line":32,"column":27}},"32":{"start":{"line":33,"column":0},"end":{"line":33,"column":28}},"33":{"start":{"line":34,"column":0},"end":{"line":34,"column":2}},"35":{"start":{"line":36,"column":0},"end":{"line":36,"column":39}},"36":{"start":{"line":37,"column":0},"end":{"line":37,"column":30}},"37":{"start":{"line":38,"column":0},"end":{"line":38,"column":34}},"38":{"start":{"line":39,"column":0},"end":{"line":39,"column":2}},"40":{"start":{"line":41,"column":0},"end":{"line":41,"column":54}},"41":{"start":{"line":42,"column":0},"end":{"line":42,"column":35}},"42":{"start":{"line":43,"column":0},"end":{"line":43,"column":44}},"43":{"start":{"line":44,"column":0},"end":{"line":44,"column":2}},"45":{"start":{"line":46,"column":0},"end":{"line":46,"column":33}},"46":{"start":{"line":47,"column":0},"end":{"line":47,"column":28}},"47":{"start":{"line":48,"column":0},"end":{"line":48,"column":30}},"48":{"start":{"line":49,"column":0},"end":{"line":49,"column":2}},"50":{"start":{"line":51,"column":0},"end":{"line":51,"column":39}},"51":{"start":{"line":52,"column":0},"end":{"line":52,"column":30}},"52":{"start":{"line":53,"column":0},"end":{"line":53,"column":34}},"53":{"start":{"line":54,"column":0},"end":{"line":54,"column":2}},"55":{"start":{"line":56,"column":0},"end":{"line":56,"column":45}},"56":{"start":{"line":57,"column":0},"end":{"line":57,"column":39}},"57":{"start":{"line":58,"column":0},"end":{"line":58,"column":38}},"58":{"start":{"line":59,"column":0},"end":{"line":59,"column":19}},"59":{"start":{"line":60,"column":0},"end":{"line":60,"column":2}},"61":{"start":{"line":62,"column":0},"end":{"line":62,"column":36}},"62":{"start":{"line":63,"column":0},"end":{"line":63,"column":39}},"63":{"start":{"line":64,"column":0},"end":{"line":64,"column":32}},"64":{"start":{"line":65,"column":0},"end":{"line":65,"column":19}},"65":{"start":{"line":66,"column":0},"end":{"line":66,"column":2}},"67":{"start":{"line":68,"column":0},"end":{"line":68,"column":45}},"68":{"start":{"line":69,"column":0},"end":{"line":69,"column":39}},"69":{"start":{"line":70,"column":0},"end":{"line":70,"column":38}},"70":{"start":{"line":71,"column":0},"end":{"line":71,"column":19}},"71":{"start":{"line":72,"column":0},"end":{"line":72,"column":2}},"73":{"start":{"line":74,"column":0},"end":{"line":74,"column":60}},"74":{"start":{"line":75,"column":0},"end":{"line":75,"column":39}},"75":{"start":{"line":76,"column":0},"end":{"line":76,"column":48}},"76":{"start":{"line":77,"column":0},"end":{"line":77,"column":19}},"77":{"start":{"line":78,"column":0},"end":{"line":78,"column":2}},"79":{"start":{"line":80,"column":0},"end":{"line":80,"column":39}},"80":{"start":{"line":81,"column":0},"end":{"line":81,"column":39}},"81":{"start":{"line":82,"column":0},"end":{"line":82,"column":34}},"82":{"start":{"line":83,"column":0},"end":{"line":83,"column":19}},"83":{"start":{"line":84,"column":0},"end":{"line":84,"column":2}},"85":{"start":{"line":86,"column":0},"end":{"line":86,"column":45}},"86":{"start":{"line":87,"column":0},"end":{"line":87,"column":39}},"87":{"start":{"line":88,"column":0},"end":{"line":88,"column":38}},"88":{"start":{"line":89,"column":0},"end":{"line":89,"column":19}},"89":{"start":{"line":90,"column":0},"end":{"line":90,"column":2}},"90":{"start":{"line":91,"column":0},"end":{"line":91,"column":1}}},"s":{"0":0,"18":0,"19":0,"21":0,"22":0,"23":0,"25":0,"26":0,"27":0,"28":0,"30":0,"31":0,"32":0,"33":0,"35":0,"36":0,"37":0,"38":0,"40":0,"41":0,"42":0,"43":0,"45":0,"46":0,"47":0,"48":0,"50":0,"51":0,"52":0,"53":0,"55":0,"56":0,"57":0,"58":0,"59":0,"61":0,"62":0,"63":0,"64":0,"65":0,"67":0,"68":0,"69":0,"70":0,"71":0,"73":0,"74":0,"75":0,"76":0,"77":0,"79":0,"80":0,"81":0,"82":0,"83":0,"85":0,"86":0,"87":0,"88":0,"89":0,"90":0},"branchMap":{"0":{"type":"branch","line":1,"loc":{"start":{"line":1,"column":1962},"end":{"line":91,"column":1}},"locations":[{"start":{"line":1,"column":1962},"end":{"line":91,"column":1}}]}},"b":{"0":[0]},"fnMap":{"0":{"name":"(empty-report)","decl":{"start":{"line":1,"column":1962},"end":{"line":91,"column":1}},"loc":{"start":{"line":1,"column":1962},"end":{"line":91,"column":1}},"line":1}},"f":{"0":0}}
,"/home/runner/work/open-domain-specification/open-domain-specification/packages/core/src/visitable.ts": {"path":"/home/runner/work/open-domain-specification/open-domain-specification/packages/core/src/visitable.ts","all":true,"statementMap":{},"s":{},"branchMap":{"0":{"type":"branch","line":1,"loc":{"start":{"line":1,"column":100},"end":{"line":5,"column":1}},"locations":[{"start":{"line":1,"column":100},"end":{"line":5,"column":1}}]}},"b":{"0":[1]},"fnMap":{"0":{"name":"(empty-report)","decl":{"start":{"line":1,"column":100},"end":{"line":5,"column":1}},"loc":{"start":{"line":1,"column":100},"end":{"line":5,"column":1}},"line":1}},"f":{"0":1}}
,"/home/runner/work/open-domain-specification/open-domain-specification/packages/core/src/visitor.ts": {"path":"/home/runner/work/open-domain-specification/open-domain-specification/packages/core/src/visitor.ts","all":false,"statementMap":{"36":{"start":{"line":37,"column":0},"end":{"line":37,"column":58}},"45":{"start":{"line":46,"column":0},"end":{"line":46,"column":43}},"47":{"start":{"line":48,"column":0},"end":{"line":48,"column":55}},"48":{"start":{"line":49,"column":0},"end":{"line":49,"column":49}},"49":{"start":{"line":50,"column":0},"end":{"line":50,"column":55}},"50":{"start":{"line":51,"column":0},"end":{"line":51,"column":2}},"57":{"start":{"line":58,"column":0},"end":{"line":58,"column":50}},"58":{"start":{"line":59,"column":0},"end":{"line":59,"column":33}},"59":{"start":{"line":60,"column":0},"end":{"line":60,"column":25}},"60":{"start":{"line":61,"column":0},"end":{"line":61,"column":38}},"61":{"start":{"line":62,"column":0},"end":{"line":62,"column":21}},"62":{"start":{"line":63,"column":0},"end":{"line":63,"column":15}},"63":{"start":{"line":64,"column":0},"end":{"line":64,"column":2}},"70":{"start":{"line":71,"column":0},"end":{"line":71,"column":34}},"71":{"start":{"line":72,"column":0},"end":{"line":72,"column":33}},"77":{"start":{"line":78,"column":0},"end":{"line":78,"column":40}},"78":{"start":{"line":79,"column":0},"end":{"line":79,"column":20}},"79":{"start":{"line":80,"column":0},"end":{"line":80,"column":46}},"80":{"start":{"line":81,"column":0},"end":{"line":81,"column":19}},"81":{"start":{"line":82,"column":0},"end":{"line":82,"column":2}},"87":{"start":{"line":88,"column":0},"end":{"line":88,"column":34}},"88":{"start":{"line":89,"column":0},"end":{"line":89,"column":20}},"89":{"start":{"line":90,"column":0},"end":{"line":90,"column":49}},"90":{"start":{"line":91,"column":0},"end":{"line":91,"column":19}},"91":{"start":{"line":92,"column":0},"end":{"line":92,"column":2}},"97":{"start":{"line":98,"column":0},"end":{"line":98,"column":40}},"98":{"start":{"line":99,"column":0},"end":{"line":99,"column":20}},"99":{"start":{"line":100,"column":0},"end":{"line":100,"column":56}},"100":{"start":{"line":101,"column":0},"end":{"line":101,"column":19}},"101":{"start":{"line":102,"column":0},"end":{"line":102,"column":2}},"107":{"start":{"line":108,"column":0},"end":{"line":108,"column":50}},"108":{"start":{"line":109,"column":0},"end":{"line":109,"column":20}},"109":{"start":{"line":110,"column":0},"end":{"line":110,"column":47}},"110":{"start":{"line":111,"column":0},"end":{"line":111,"column":49}},"111":{"start":{"line":112,"column":0},"end":{"line":112,"column":19}},"112":{"start":{"line":113,"column":0},"end":{"line":113,"column":2}},"118":{"start":{"line":119,"column":0},"end":{"line":119,"column":36}},"119":{"start":{"line":120,"column":0},"end":{"line":120,"column":20}},"120":{"start":{"line":121,"column":0},"end":{"line":121,"column":50}},"121":{"start":{"line":122,"column":0},"end":{"line":122,"column":32}},"122":{"start":{"line":123,"column":0},"end":{"line":123,"column":59}},"123":{"start":{"line":124,"column":0},"end":{"line":124,"column":3}},"124":{"start":{"line":125,"column":0},"end":{"line":125,"column":19}},"125":{"start":{"line":126,"column":0},"end":{"line":126,"column":2}},"131":{"start":{"line":132,"column":0},"end":{"line":132,"column":40}},"132":{"start":{"line":133,"column":0},"end":{"line":133,"column":20}},"133":{"start":{"line":134,"column":0},"end":{"line":134,"column":50}},"134":{"start":{"line":135,"column":0},"end":{"line":135,"column":49}},"135":{"start":{"line":136,"column":0},"end":{"line":136,"column":47}},"136":{"start":{"line":137,"column":0},"end":{"line":137,"column":51}},"137":{"start":{"line":138,"column":0},"end":{"line":138,"column":32}},"138":{"start":{"line":139,"column":0},"end":{"line":139,"column":59}},"139":{"start":{"line":140,"column":0},"end":{"line":140,"column":3}},"140":{"start":{"line":141,"column":0},"end":{"line":141,"column":19}},"141":{"start":{"line":142,"column":0},"end":{"line":142,"column":2}},"147":{"start":{"line":148,"column":0},"end":{"line":148,"column":42}},"148":{"start":{"line":149,"column":0},"end":{"line":149,"column":20}},"150":{"start":{"line":151,"column":0},"end":{"line":151,"column":19}},"151":{"start":{"line":152,"column":0},"end":{"line":152,"column":2}},"157":{"start":{"line":158,"column":0},"end":{"line":158,"column":40}},"158":{"start":{"line":159,"column":0},"end":{"line":159,"column":20}},"159":{"start":{"line":160,"column":0},"end":{"line":160,"column":19}},"160":{"start":{"line":161,"column":0},"end":{"line":161,"column":2}},"166":{"start":{"line":167,"column":0},"end":{"line":167,"column":34}},"167":{"start":{"line":168,"column":0},"end":{"line":168,"column":20}},"168":{"start":{"line":169,"column":0},"end":{"line":169,"column":29}},"169":{"start":{"line":170,"column":0},"end":{"line":170,"column":54}},"170":{"start":{"line":171,"column":0},"end":{"line":171,"column":3}},"171":{"start":{"line":172,"column":0},"end":{"line":172,"column":19}},"172":{"start":{"line":173,"column":0},"end":{"line":173,"column":2}},"178":{"start":{"line":179,"column":0},"end":{"line":179,"column":44}},"179":{"start":{"line":180,"column":0},"end":{"line":180,"column":20}},"180":{"start":{"line":181,"column":0},"end":{"line":181,"column":29}},"181":{"start":{"line":182,"column":0},"end":{"line":182,"column":54}},"182":{"start":{"line":183,"column":0},"end":{"line":183,"column":3}},"183":{"start":{"line":184,"column":0},"end":{"line":184,"column":19}},"184":{"start":{"line":185,"column":0},"end":{"line":185,"column":2}},"190":{"start":{"line":191,"column":0},"end":{"line":191,"column":50}},"191":{"start":{"line":192,"column":0},"end":{"line":192,"column":20}},"192":{"start":{"line":193,"column":0},"end":{"line":193,"column":56}},"193":{"start":{"line":194,"column":0},"end":{"line":194,"column":28}},"194":{"start":{"line":195,"column":0},"end":{"line":195,"column":3}},"195":{"start":{"line":196,"column":0},"end":{"line":196,"column":19}},"196":{"start":{"line":197,"column":0},"end":{"line":197,"column":2}},"203":{"start":{"line":204,"column":0},"end":{"line":204,"column":44}},"204":{"start":{"line":205,"column":0},"end":{"line":205,"column":20}},"205":{"start":{"line":206,"column":0},"end":{"line":206,"column":63}},"206":{"start":{"line":207,"column":0},"end":{"line":207,"column":32}},"207":{"start":{"line":208,"column":0},"end":{"line":208,"column":46}},"208":{"start":{"line":209,"column":0},"end":{"line":209,"column":42}},"209":{"start":{"line":210,"column":0},"end":{"line":210,"column":4}},"210":{"start":{"line":211,"column":0},"end":{"line":211,"column":3}},"211":{"start":{"line":212,"column":0},"end":{"line":212,"column":19}},"212":{"start":{"line":213,"column":0},"end":{"line":213,"column":2}},"213":{"start":{"line":214,"column":0},"end":{"line":214,"column":1}}},"s":{"36":1,"45":1,"47":1,"48":5,"49":5,"50":5,"57":1,"58":2,"59":2,"60":2,"61":2,"62":2,"63":2,"70":1,"71":1,"77":1,"78":1,"79":1,"80":1,"81":1,"87":1,"88":6,"89":6,"90":6,"91":6,"97":1,"98":6,"99":6,"100":6,"101":6,"107":1,"108":6,"109":6,"110":6,"111":6,"112":6,"118":1,"119":7,"120":7,"121":7,"122":2,"123":2,"124":7,"125":7,"131":1,"132":6,"133":6,"134":6,"135":6,"136":6,"137":6,"138":1,"139":1,"140":6,"141":6,"147":1,"148":5,"150":5,"151":5,"157":1,"158":3,"159":3,"160":3,"166":1,"167":6,"168":6,"169":0,"170":0,"171":6,"172":6,"178":1,"179":6,"180":6,"181":0,"182":0,"183":6,"184":6,"190":1,"191":0,"192":0,"193":0,"194":0,"195":0,"196":0,"203":1,"204":1,"205":1,"206":1,"207":1,"208":1,"209":1,"210":1,"211":1,"212":1,"213":1},"branchMap":{"0":{"type":"branch","line":48,"loc":{"start":{"line":48,"column":11},"end":{"line":51,"column":2}},"locations":[{"start":{"line":48,"column":11},"end":{"line":51,"column":2}}]},"1":{"type":"branch","line":58,"loc":{"start":{"line":58,"column":11},"end":{"line":64,"column":2}},"locations":[{"start":{"line":58,"column":11},"end":{"line":64,"column":2}}]},"2":{"type":"branch","line":60,"loc":{"start":{"line":60,"column":12},"end":{"line":60,"column":25}},"locations":[{"start":{"line":60,"column":12},"end":{"line":60,"column":25}}]},"3":{"type":"branch","line":61,"loc":{"start":{"line":61,"column":26},"end":{"line":61,"column":38}},"locations":[{"start":{"line":61,"column":26},"end":{"line":61,"column":38}}]},"4":{"type":"branch","line":71,"loc":{"start":{"line":71,"column":11},"end":{"line":71,"column":34}},"locations":[{"start":{"line":71,"column":11},"end":{"line":71,"column":34}}]},"5":{"type":"branch","line":72,"loc":{"start":{"line":72,"column":11},"end":{"line":72,"column":33}},"locations":[{"start":{"line":72,"column":11},"end":{"line":72,"column":33}}]},"6":{"type":"branch","line":78,"loc":{"start":{"line":78,"column":1},"end":{"line":82,"column":2}},"locations":[{"start":{"line":78,"column":1},"end":{"line":82,"column":2}}]},"7":{"type":"branch","line":80,"loc":{"start":{"line":80,"column":23},"end":{"line":80,"column":44}},"locations":[{"start":{"line":80,"column":23},"end":{"line":80,"column":44}}]},"8":{"type":"branch","line":88,"loc":{"start":{"line":88,"column":1},"end":{"line":92,"column":2}},"locations":[{"start":{"line":88,"column":1},"end":{"line":92,"column":2}}]},"9":{"type":"branch","line":90,"loc":{"start":{"line":90,"column":26},"end":{"line":90,"column":47}},"locations":[{"start":{"line":90,"column":26},"end":{"line":90,"column":47}}]},"10":{"type":"branch","line":98,"loc":{"start":{"line":98,"column":1},"end":{"line":102,"column":2}},"locations":[{"start":{"line":98,"column":1},"end":{"line":102,"column":2}}]},"11":{"type":"branch","line":100,"loc":{"start":{"line":100,"column":31},"end":{"line":100,"column":54}},"locations":[{"start":{"line":100,"column":31},"end":{"line":100,"column":54}}]},"12":{"type":"branch","line":108,"loc":{"start":{"line":108,"column":1},"end":{"line":113,"column":2}},"locations":[{"start":{"line":108,"column":1},"end":{"line":113,"column":2}}]},"13":{"type":"branch","line":110,"loc":{"start":{"line":110,"column":24},"end":{"line":110,"column":45}},"locations":[{"start":{"line":110,"column":24},"end":{"line":110,"column":45}}]},"14":{"type":"branch","line":111,"loc":{"start":{"line":111,"column":26},"end":{"line":111,"column":47}},"locations":[{"start":{"line":111,"column":26},"end":{"line":111,"column":47}}]},"15":{"type":"branch","line":119,"loc":{"start":{"line":119,"column":1},"end":{"line":126,"column":2}},"locations":[{"start":{"line":119,"column":1},"end":{"line":126,"column":2}}]},"16":{"type":"branch","line":122,"loc":{"start":{"line":122,"column":31},"end":{"line":124,"column":3}},"locations":[{"start":{"line":122,"column":31},"end":{"line":124,"column":3}}]},"17":{"type":"branch","line":123,"loc":{"start":{"line":123,"column":41},"end":{"line":123,"column":59}},"locations":[{"start":{"line":123,"column":41},"end":{"line":123,"column":59}}]},"18":{"type":"branch","line":121,"loc":{"start":{"line":121,"column":27},"end":{"line":121,"column":48}},"locations":[{"start":{"line":121,"column":27},"end":{"line":121,"column":48}}]},"19":{"type":"branch","line":132,"loc":{"start":{"line":132,"column":1},"end":{"line":142,"column":2}},"locations":[{"start":{"line":132,"column":1},"end":{"line":142,"column":2}}]},"20":{"type":"branch","line":138,"loc":{"start":{"line":138,"column":31},"end":{"line":140,"column":3}},"locations":[{"start":{"line":138,"column":31},"end":{"line":140,"column":3}}]},"21":{"type":"branch","line":139,"loc":{"start":{"line":139,"column":41},"end":{"line":139,"column":59}},"locations":[{"start":{"line":139,"column":41},"end":{"line":139,"column":59}}]},"22":{"type":"branch","line":135,"loc":{"start":{"line":135,"column":26},"end":{"line":135,"column":47}},"locations":[{"start":{"line":135,"column":26},"end":{"line":135,"column":47}}]},"23":{"type":"branch","line":136,"loc":{"start":{"line":136,"column":24},"end":{"line":136,"column":45}},"locations":[{"start":{"line":136,"column":24},"end":{"line":136,"column":45}}]},"24":{"type":"branch","line":137,"loc":{"start":{"line":137,"column":28},"end":{"line":137,"column":49}},"locations":[{"start":{"line":137,"column":28},"end":{"line":137,"column":49}}]},"25":{"type":"branch","line":148,"loc":{"start":{"line":148,"column":1},"end":{"line":152,"column":2}},"locations":[{"start":{"line":148,"column":1},"end":{"line":152,"column":2}}]},"26":{"type":"branch","line":158,"loc":{"start":{"line":158,"column":1},"end":{"line":161,"column":2}},"locations":[{"start":{"line":158,"column":1},"end":{"line":161,"column":2}}]},"27":{"type":"branch","line":167,"loc":{"start":{"line":167,"column":1},"end":{"line":173,"column":2}},"locations":[{"start":{"line":167,"column":1},"end":{"line":173,"column":2}}]},"28":{"type":"branch","line":169,"loc":{"start":{"line":169,"column":28},"end":{"line":171,"column":3}},"locations":[{"start":{"line":169,"column":28},"end":{"line":171,"column":3}}]},"29":{"type":"branch","line":179,"loc":{"start":{"line":179,"column":1},"end":{"line":185,"column":2}},"locations":[{"start":{"line":179,"column":1},"end":{"line":185,"column":2}}]},"30":{"type":"branch","line":181,"loc":{"start":{"line":181,"column":28},"end":{"line":183,"column":3}},"locations":[{"start":{"line":181,"column":28},"end":{"line":183,"column":3}}]},"31":{"type":"branch","line":204,"loc":{"start":{"line":204,"column":1},"end":{"line":213,"column":2}},"locations":[{"start":{"line":204,"column":1},"end":{"line":213,"column":2}}]}},"b":{"0":[5],"1":[2],"2":[0],"3":[0],"4":[53],"5":[53],"6":[1],"7":[2],"8":[6],"9":[6],"10":[6],"11":[6],"12":[6],"13":[6],"14":[6],"15":[7],"16":[2],"17":[1],"18":[4],"19":[6],"20":[1],"21":[0],"22":[3],"23":[6],"24":[6],"25":[5],"26":[3],"27":[6],"28":[0],"29":[6],"30":[0],"31":[1]},"fnMap":{"0":{"name":"AbstractVisitor","decl":{"start":{"line":48,"column":11},"end":{"line":51,"column":2}},"loc":{"start":{"line":48,"column":11},"end":{"line":51,"column":2}},"line":48},"1":{"name":"mark","decl":{"start":{"line":58,"column":11},"end":{"line":64,"column":2}},"loc":{"start":{"line":58,"column":11},"end":{"line":64,"column":2}},"line":58},"2":{"name":"before","decl":{"start":{"line":71,"column":11},"end":{"line":71,"column":34}},"loc":{"start":{"line":71,"column":11},"end":{"line":71,"column":34}},"line":71},"3":{"name":"after","decl":{"start":{"l
[...]
"60":[3],"61":[1],"62":[2],"63":[1],"64":[0],"65":[0],"66":[1],"67":[0],"68":[3],"69":[3],"70":[36],"71":[35],"72":[6],"73":[30],"74":[2],"75":[6],"76":[30],"77":[29],"78":[6],"79":[27],"80":[6],"81":[4],"82":[27],"83":[7],"84":[26],"85":[26],"86":[6],"87":[4],"88":[26],"89":[12],"90":[7],"91":[7],"92":[7],"93":[4],"94":[26],"95":[7],"96":[7],"97":[14],"98":[12],"99":[26],"100":[6],"101":[4],"102":[7],"103":[5],"104":[5],"105":[2],"106":[26],"107":[14],"108":[16],"109":[6],"110":[4],"111":[8],"112":[7],"113":[26],"114":[16],"115":[6],"116":[4],"117":[7],"118":[6],"119":[7],"120":[3],"121":[2],"122":[7],"123":[1],"124":[2]},"fnMap":{"0":{"name":"snakeCase","decl":{"start":{"line":13,"column":0},"end":{"line":18,"column":1}},"loc":{"start":{"line":13,"column":0},"end":{"line":18,"column":1}},"line":13},"1":{"name":"asRecords","decl":{"start":{"line":24,"column":0},"end":{"line":33,"column":1}},"loc":{"start":{"line":24,"column":0},"end":{"line":33,"column":1}},"line":24},"2":{"name":"asArray","decl":{"start":{"line":35,"column":0},"end":{"line":37,"column":1}},"loc":{"start":{"line":35,"column":0},"end":{"line":37,"column":1}},"line":35},"3":{"name":"Workspace","decl":{"start":{"line":67,"column":1},"end":{"line":77,"column":2}},"loc":{"start":{"line":67,"column":1},"end":{"line":77,"column":2}},"line":67},"4":{"name":"addDomain","decl":{"start":{"line":79,"column":1},"end":{"line":81,"column":2}},"loc":{"start":{"line":79,"column":1},"end":{"line":81,"column":2}},"line":79},"5":{"name":"accept","decl":{"start":{"line":83,"column":1},"end":{"line":85,"column":2}},"loc":{"start":{"line":83,"column":1},"end":{"line":85,"column":2}},"line":83},"6":{"name":"getDomainByRef","decl":{"start":{"line":87,"column":1},"end":{"line":95,"column":2}},"loc":{"start":{"line":87,"column":1},"end":{"line":95,"column":2}},"line":87},"7":{"name":"getDomainByRefOrThrow","decl":{"start":{"line":97,"column":1},"end":{"line":103,"column":2}},"loc":{"start":{"line":97,"column":1},"end":{"line":103,"column":2}},"line":97},"8":{"name":"getSubdomainByRef","decl":{"start":{"line":105,"column":1},"end":{"line":118,"column":2}},"loc":{"start":{"line":105,"column":1},"end":{"line":118,"column":2}},"line":105},"9":{"name":"getSubdomainByRefOrThrow","decl":{"start":{"line":120,"column":1},"end":{"line":126,"column":2}},"loc":{"start":{"line":120,"column":1},"end":{"line":126,"column":2}},"line":120},"10":{"name":"getBoundedContextByRef","decl":{"start":{"line":128,"column":1},"end":{"line":144,"column":2}},"loc":{"start":{"line":128,"column":1},"end":{"line":144,"column":2}},"line":128},"11":{"name":"getBoundedContextByRefOrThrow","decl":{"start":{"line":146,"column":1},"end":{"line":152,"column":2}},"loc":{"start":{"line":146,"column":1},"end":{"line":152,"column":2}},"line":146},"12":{"name":"getServiceOrAggregateByRef","decl":{"start":{"line":154,"column":1},"end":{"line":163,"column":2}},"loc":{"start":{"line":154,"column":1},"end":{"line":163,"column":2}},"line":154},"13":{"name":"getServiceOrAggregateByRefOrThrow","decl":{"start":{"line":165,"column":1},"end":{"line":171,"column":2}},"loc":{"start":{"line":165,"column":1},"end":{"line":171,"column":2}},"line":165},"14":{"name":"getServiceByRef","decl":{"start":{"line":173,"column":1},"end":{"line":192,"column":2}},"loc":{"start":{"line":173,"column":1},"end":{"line":192,"column":2}},"line":173},"15":{"name":"getServiceByRefOrThrow","decl":{"start":{"line":194,"column":1},"end":{"line":200,"column":2}},"loc":{"start":{"line":194,"column":1},"end":{"line":200,"column":2}},"line":194},"16":{"name":"getAggregateByRef","decl":{"start":{"line":202,"column":1},"end":{"line":221,"column":2}},"loc":{"start":{"line":202,"column":1},"end":{"line":221,"column":2}},"line":202},"17":{"name":"getAggregateByRefOrThrow","decl":{"start":{"line":223,"column":1},"end":{"line":229,"column":2}},"loc":{"start":{"line":223,"column":1},"end":{"line":229,"column":2}},"line":223},"18":{"name":"getEntityOrValueobjectByRef","decl":{"start":{"line":231,"column":1},"end":{"line":240,"column":2}},"loc":{"start":{"line":231,"column":1},"end":{"line":240,"column":2}},"line":231},"19":{"name":"getEntityOrValueobjectByRefOrThrow","decl":{"start":{"line":242,"column":1},"end":{"line":248,"column":2}},"loc":{"start":{"line":242,"column":1},"end":{"line":248,"column":2}},"line":242},"20":{"name":"getEntityByRef","decl":{"start":{"line":250,"column":1},"end":{"line":272,"column":2}},"loc":{"start":{"line":250,"column":1},"end":{"line":272,"column":2}},"line":250},"21":{"name":"getEntityByRefOrThrow","decl":{"start":{"line":274,"column":1},"end":{"line":280,"column":2}},"loc":{"start":{"line":274,"column":1},"end":{"line":280,"column":2}},"line":274},"22":{"name":"getValueObjectByRef","decl":{"start":{"line":282,"column":1},"end":{"line":304,"column":2}},"loc":{"start":{"line":282,"column":1},"end":{"line":304,"column":2}},"line":282},"23":{"name":"getValueObjectByRefOrThrow","decl":{"start":{"line":306,"column":1},"end":{"line":312,"column":2}},"loc":{"start":{"line":306,"column":1},"end":{"line":312,"column":2}},"line":306},"24":{"name":"getInvariantByRef","decl":{"start":{"line":314,"column":1},"end":{"line":336,"column":2}},"loc":{"start":{"line":314,"column":1},"end":{"line":336,"column":2}},"line":314},"25":{"name":"getInvariantByRefOrThrow","decl":{"start":{"line":338,"column":1},"end":{"line":344,"column":2}},"loc":{"start":{"line":338,"column":1},"end":{"line":344,"column":2}},"line":338},"26":{"name":"getConsumableByRef","decl":{"start":{"line":346,"column":1},"end":{"line":379,"column":2}},"loc":{"start":{"line":346,"column":1},"end":{"line":379,"column":2}},"line":346},"27":{"name":"getConsumableByRefOrThrow","decl":{"start":{"line":381,"column":1},"end":{"line":387,"column":2}},"loc":{"start":{"line":381,"column":1},"end":{"line":387,"column":2}},"line":381},"28":{"name":"toSchema","decl":{"start":{"line":389,"column":1},"end":{"line":401,"column":2}},"loc":{"start":{"line":389,"column":1},"end":{"line":401,"column":2}},"line":389},"29":{"name":"fromSchema","decl":{"start":{"line":403,"column":8},"end":{"line":405,"column":2}},"loc":{"start":{"line":403,"column":8},"end":{"line":405,"column":2}},"line":403},"30":{"name":"Domain","decl":{"start":{"line":430,"column":1},"end":{"line":441,"column":2}},"loc":{"start":{"line":430,"column":1},"end":{"line":441,"column":2}},"line":430},"31":{"name":"get ref","decl":{"start":{"line":426,"column":1},"end":{"line":428,"column":2}},"loc":{"start":{"line":426,"column":1},"end":{"line":428,"column":2}},"line":426},"32":{"name":"addSubdomain","decl":{"start":{"line":443,"column":1},"end":{"line":445,"column":2}},"loc":{"start":{"line":443,"column":1},"end":{"line":445,"column":2}},"line":443},"33":{"name":"accept","decl":{"start":{"line":447,"column":1},"end":{"line":449,"column":2}},"loc":{"start":{"line":447,"column":1},"end":{"line":449,"column":2}},"line":447},"34":{"name":"toSchema","decl":{"start":{"line":451,"column":1},"end":{"line":458,"column":2}},"loc":{"start":{"line":451,"column":1},"end":{"line":458,"column":2}},"line":451},"35":{"name":"Subdomain","decl":{"start":{"line":483,"column":1},"end":{"line":489,"column":2}},"loc":{"start":{"line":483,"column":1},"end":{"line":489,"column":2}},"line":483},"36":{"name":"get ref","decl":{"start":{"line":479,"column":1},"end":{"line":481,"column":2}},"loc":{"start":{"line":479,"column":1},"end":{"line":481,"column":2}},"line":479},"37":{"name":"addBoundedcontext","decl":{"start":{"line":491,"column":1},"end":{"line":496,"column":2}},"loc":{"start":{"line":491,"column":1},"end":{"line":496,"column":2}},"line":491},"38":{"name":"accept","decl":{"start":{"line":498,"column":1},"end":{"line":500,"column":2}},"loc":{"start":{"line":498,"column":1},"end":{"line":500,"column":2}},"line":498},"39":{"name":"toSchema","decl":{"start":{"line":502,"column":1},"end":{"line":508,"column":2}},"loc":{"start":{"line":502,"column":1},"end":{"line":508,"column":2}},"line":502},"40":{"name":"BoundedContext","decl":{"start":{"line":534,"column":1},"end":{"line":544,"column":2}},"loc":{"start":{"line":534,"column":1},"end":{"line":544,"column":2}},"line":534},"41":{"name":"get ref","decl":{"start":{"line":530,"column":1},"end":{"line":532,"column":2}},"loc":{"start":{"line":530,"column":1},"end":{"line":532,"column":2}},"line":530},"42":{"name":"addService","decl":{"start":{"line":546,"column":1},"end":{"line":548,"column":2}},"loc":{"start":{"line":546,"column":1},"end":{"line":548,"column":2}},"line":546},"43":{"name":"addAggregate","decl":{"start":{"line":550,"column":1},"end":{"line":552,"column":2}},"loc":{"start":{"line":550,"column":1},"end":{"line":552,"column":2}},"line":550},"44":{"name":"accept","decl":{"start":{"line":554,"column":1},"end":{"line":556,"column":2}},"loc":{"start":{"line":554,"column":1},"end":{"line":556,"column":2}},"line":554},"45":{"name":"toSchema","decl":{"start":{"line":558,"column":1},"end":{"line":565,"column":2}},"loc":{"start":{"line":558,"column":1},"end":{"line":565,"column":2}},"line":558},"46":{"name":"Service","decl":{"start":{"line":593,"column":1},"end":{"line":604,"column":2}},"loc":{"start":{"line":593,"column":1},"end":{"line":604,"column":2}},"line":593},"47":{"name":"get ref","decl":{"start":{"line":589,"column":1},"end":{"line":591,"column":2}},"loc":{"start":{"line":589,"column":1},"end":{"line":591,"column":2}},"line":589},"48":{"name":"addConsumable","decl":{"start":{"line":606,"column":1},"end":{"line":608,"column":2}},"loc":{"start":{"line":606,"column":1},"end":{"line":608,"column":2}},"line":606},"49":{"name":"addConsumption","decl":{"start":{"line":610,"column":1},"end":{"line":615,"column":2}},"loc":{"start":{"line":610,"column":1},"end":{"line":615,"column":2}},"line":610},"50":{"name":"provides","decl":{"start":{"line":617,"column":1},"end":{"line":619,"column":2}},"loc":{"start":{"line":617,"column":1},"end":{"line":619,"column":2}},"line":617},"51":{"name":"consumes","decl":{"start":{"line":621,"column":1},"end":{"line":626,"column":2}},"loc":{"start":{"line":621,"column":1},"end":{"line":626,"column":2}},"line":621},"52":{"name":"accept","decl":{"start":{"line":628,"column":1},"end":{"line":630,"column":2}},"loc":{"start":{"line":628,"column":1},"end":{"line":630,"column":2}},"line":628},"53":{"name":"toSchema","decl":{"start":{"line":632,"column":1},"end":{"line":640,"column":2}},"loc":{"start":{"line":632,"column":1},"end":{"line":640,"column":2}},"line":632},"54":{"name":"isServiceRef","decl":{"start":{"line":642,"column":8},"end":{"line":644,"column":2}},"loc":{"start":{"line":642,"column":8},"end":{"line":644,"column":2}},"line":642},"55":{"name":"Aggregate","decl":{"start":{"line":673,"column":1},"end":{"line":683,"column":2}},"loc":{"start":{"line":673,"column":1},"end":{"line":683,"column":2}},"line":673},"56":{"name":"get ref","decl":{"start":{"line":669,"column":1},"end":{"line":671,"column":2}},"loc":{"start":{"line":669,"column":1},"end":{"line":671,"column":2}},"line":669},"57":{"name":"addConsumable","decl":{"start":{"line":685,"column":1},"end":{"line":687,"column":2}},"loc":{"start":{"line":685,"column":1},"end":{"line":687,"column":2}},"line":685},"58":{"name":"addConsumption","decl":{"start":{"line":689,"column":1},"end":{"line":694,"column":2}},"loc":{"start":{"line":689,"column":1},"end":{"line":694,"column":2}},"line":689},"59":{"name":"provides","decl":{"start":{"line":696,"column":1},"end":{"line":698,"column":2}},"loc":{"start":{"line":696,"column":1},"end":{"line":698,"column":2}},"line":696},"60":{"name":"consumes","decl":{"start":{"line":700,"column":1},"end":{"line":705,"column":2}},"loc":{"start":{"line":700,"column":1},"end":{"line":705,"column":2}},"line":700},"61":{"name":"addInvariant","decl":{"start":{"line":706,"column":1},"end":{"line":708,"column":2}},"loc":{"start":{"line":706,"column":1},"end":{"line":708,"column":2}},"line":706},"62":{"name":"addEntity","decl":{"start":{"line":710,"column":1},"end":{"line":712,"column":2}},"loc":{"start":{"line":710,"column":1},"end":{"line":712,"column":2}},"line":710},"63":{"name":"addRootEntity","decl":{"start":{"line":714,"column":1},"end":{"line":719,"column":2}},"loc":{"start":{"line":714,"column":1},"end":{"line":719,"column":2}},"line":714},"64":{"name":"addValueObject","decl":{"start":{"line":721,"column":1},"end":{"line":723,"column":2}},"loc":{"start":{"line":721,"column":1},"end":{"line":723,"column":2}},"line":721},"65":{"name":"accept","decl":{"start":{"line":725,"column":1},"end":{"line":727,"column":2}},"loc":{"start":{"line":725,"column":1},"end":{"line":727,"column":2}},"line":725},"66":{"name":"toSchema","decl":{"start":{"line":729,"column":1},"end":{"line":739,"column":2}},"loc":{"start":{"line":729,"column":1},"end":{"line":739,"column":2}},"line":729},"67":{"name":"isAggregateRef","decl":{"start":{"line":741,"column":8},"end":{"line":743,"column":2}},"loc":{"start":{"line":741,"column":8},"end":{"line":743,"column":2}},"line":741},"68":{"name":"Consumable","decl":{"start":{"line":772,"column":1},"end":{"line":784,"column":2}},"loc":{"start":{"line":772,"column":1},"end":{"line":784,"column":2}},"line":772},"69":{"name":"get ref","decl":{"start":{"line":768,"column":1},"end":{"line":770,"column":2}},"loc":{"start":{"line":768,"column":1},"end":{"line":770,"column":2}},"line":768},"70":{"name":"accept","decl":{"start":{"line":786,"column":1},"end":{"line":788,"column":2}},"loc":{"start":{"line":786,"column":1},"end":{"line":788,"column":2}},"line":786},"71":{"name":"toSchema","decl":{"start":{"line":790,"column":1},"end":{"line":797,"column":2}},"loc":{"start":{"line":790,"column":1},"end":{"line":797,"column":2}},"line":790},"72":{"name":"Entity","decl":{"start":{"line":822,"column":1},"end":{"line":833,"column":2}},"loc":{"start":{"line":822,"column":1},"end":{"line":833,"column":2}},"line":822},"73":{"name":"get ref","decl":{"start":{"line":818,"column":1},"end":{"line":820,"column":2}},"loc":{"start":{"line":818,"column":1},"end":{"line":820,"column":2}},"line":818},"74":{"name":"addRelation","decl":{"start":{"line":835,"column":1},"end":{"line":840,"column":2}},"loc":{"start":{"line":835,"column":1},"end":{"line":840,"column":2}},"line":835},"75":{"name":"relatesTo","decl":{"start":{"line":842,"column":1},"end":{"line":847,"column":2}},"loc":{"start":{"line":842,"column":1},"end":{"line":847,"column":2}},"line":842},"76":{"name":"uses","decl":{"start":{"line":849,"column":1},"end":{"line":854,"column":2}},"loc":{"start":{"line":849,"column":1},"end":{"line":854,"column":2}},"line":849},"77":{"name":"includes","decl":{"start":{"line":856,"column":1},"end":{"line":861,"column":2}},"loc":{"start":{"line":856,"column":1},"end":{"line":861,"column":2}},"line":856},"78":{"name":"references","decl":{"start":{"line":863,"column":1},"end":{"line":868,"column":2}},"loc":{"start":{"line":863,"column":1},"end":{"line":868,"column":2}},"line":863},"79":{"name":"accept","decl":{"start":{"line":870,"column":1},"end":{"line":872,"column":2}},"loc":{"start":{"line":870,"column":1},"end":{"line":872,"column":2}},"line":870},"80":{"name":"toSchema","decl":{"start":{"line":874,"column":1},"end":{"line":881,"column":2}},"loc":{"start":{"line":874,"column":1},"end":{"line":881,"column":2}},"line":874},"81":{"name":"isEntityRef","decl":{"start":{"line":883,"column":8},"end":{"line":885,"column":2}},"loc":{"start":{"line":883,"column":8},"end":{"line":885,"column":2}},"line":883},"82":{"name":"ValueObject","decl":{"start":{"line":910,"column":1},"end":{"line":920,"column":2}},"loc":{"start":{"line":910,"column":1},"end":{"line":920,"column":2}},"line":910},"83":{"name":"get ref","decl":{"start":{"line":906,"column":1},"end":{"line":908,"column":2}},"loc":{"start":{"line":906,"column":1},"end":{"line":908,"column":2}},"line":906},"84":{"name":"addRelation","decl":{"start":{"line":922,"column":1},"end":{"line":927,"column":2}},"loc":{"start":{"line":922,"column":1},"end":{"line":927,"column":2}},"line":922},"85":{"name":"relatesTo","decl":{"start":{"line":929,"column":1},"end":{"line":934,"column":2}},"loc":{"start":{"line":929,"column":1},"end":{"line":934,"column":2}},"line":929},"86":{"name":"uses","decl":{"start":{"line":936,"column":1},"end":{"line":941,"column":2}},"loc":{"start":{"line":936,"column":1},"end":{"line":941,"column":2}},"line":936},"87":{"name":"includes","decl":{"start":{"line":943,"column":1},"end":{"line":948,"column":2}},"loc":{"start":{"line":943,"column":1},"end":{"line":948,"column":2}},"line":943},"88":{"name":"references","decl":{"start":{"line":950,"column":1},"end":{"line":955,"column":2}},"loc":{"start":{"line":950,"column":1},"end":{"line":955,"column":2}},"line":950},"89":{"name":"accept","decl":{"start":{"line":957,"column":1},"end":{"line":959,"column":2}},"loc":{"start":{"line":957,"column":1},"end":{"line":959,"column":2}},"line":957},"90":{"name":"toSchema","decl":{"start":{"line":961,"column":1},"end":{"line":967,"column":2}},"loc":{"start":{"line":961,"column":1},"end":{"line":967,"column":2}},"line":961},"91":{"name":"isValueObjectRef","decl":{"start":{"line":969,"column":8},"end":{"line":971,"column":2}},"loc":{"start":{"line":969,"column":8},"end":{"line":971,"column":2}},"line":969},"92":{"name":"get path","decl":{"start":{"line":986,"column":1},"end":{"line":988,"column":2}},"loc":{"start":{"line":986,"column":1},"end":{"line":988,"column":2}},"line":986},"93":{"name":"get ref","decl":{"start":{"line":990,"column":1},"end":{"line":992,"column":2}},"loc":{"start":{"line":990,"column":1},"end":{"line":992,"column":2}},"line":990},"94":{"name":"Invariant","decl":{"start":{"line":994,"column":1},"end":{"line":1004,"column":2}},"loc":{"start":{"line":994,"column":1},"end":{"line":1004,"column":2}},"line":994},"95":{"name":"accept","decl":{"start":{"line":1006,"column":1},"end":{"line":1008,"column":2}},"loc":{"start":{"line":1006,"column":1},"end":{"line":1008,"column":2}},"line":1006},"96":{"name":"toSchema","decl":{"start":{"line":1010,"column":1},"end":{"line":1015,"column":2}},"loc":{"start":{"line":1010,"column":1},"end":{"line":1015,"column":2}},"line":1010},"97":{"name":"EntityRelation","decl":{"start":{"line":1031,"column":1},"end":{"line":1041,"column":2}},"loc":{"start":{"line":1031,"column":1},"end":{"line":1041,"column":2}},"line":1031},"98":{"name":"accept","decl":{"start":{"line":1043,"column":1},"end":{"line":1045,"column":2}},"loc":{"start":{"line":1043,"column":1},"end":{"line":1045,"column":2}},"line":1043},"99":{"name":"toSchema","decl":{"start":{"line":1047,"column":1},"end":{"line":1053,"column":2}},"loc":{"start":{"line":1047,"column":1},"end":{"line":1053,"column":2}},"line":1047},"100":{"name":"Consumption","decl":{"start":{"line":1067,"column":1},"end":{"line":1077,"column":2}},"loc":{"start":{"line":1067,"column":1},"end":{"line":1077,"column":2}},"line":1067},"101":{"name":"accept","decl":{"start":{"line":1079,"column":1},"end":{"line":1081,"column":2}},"loc":{"start":{"line":1079,"column":1},"end":{"line":1081,"column":2}},"line":1079},"102":{"name":"toSchema","decl":{"start":{"line":1083,"column":1},"end":{"line":1088,"column":2}},"loc":{"start":{"line":1083,"column":1},"end":{"line":1088,"column":2}},"line":1083}},"f":{"0":244,"1":41,"2":16,"3":40,"4":36,"5":1,"6":4,"7":1,"8":4,"9":1,"10":4,"11":1,"12":0,"13":0,"14":5,"15":2,"16":4,"17":1,"18":8,"19":1,"20":7,"21":3,"22":7,"23":3,"24":0,"25":0,"26":1,"27":1,"28":3,"29":3,"30":36,"31":6,"32":30,"33":2,"34":6,"35":30,"36":6,"37":27,"38":6,"39":4,"40":27,"41":7,"42":26,"43":26,"44":6,"45":4,"46":26,"47":12,"48":7,"49":7,"50":0,"51":0,"52":7,"53":4,"54":0,"55":26,"56":7,"57":0,"58":0,"59":0,"60":0,"61":7,"62":14,"63":12,"64":26,"65":6,"66":4,"67":0,"68":7,"69":5,"70":5,"71":2,"72":26,"73":16,"74":0,"75":0,"76":0,"77":0,"78":0,"79":6,"80":4,"81":8,"82":26,"83":16,"84":0,"85":0,"86":0,"87":0,"88":0,"89":6,"90":4,"91":7,"92":0,"93":0,"94":7,"95":3,"96":2,"97":0,"98":0,"99":0,"100":7,"101":1,"102":2}}
}
