{"/home/runner/work/open-domain-specification/open-domain-specification/packages/graphviz/src/consumable-map.ts": {"path":"/home/runner/work/open-domain-specification/open-domain-specification/packages/graphviz/src/consumable-map.ts","all":false,"statementMap":{"0":{"start":{"line":1,"column":0},"end":{"line":1,"column":50}},"7":{"start":{"line":8,"column":0},"end":{"line":8,"column":67}},"8":{"start":{"line":9,"column":0},"end":{"line":9,"column":35}},"10":{"start":{"line":11,"column":0},"end":{"line":11,"column":21}},"25":{"start":{"line":26,"column":0},"end":{"line":26,"column":41}},"27":{"start":{"line":28,"column":0},"end":{"line":28,"column":59}},"28":{"start":{"line":29,"column":0},"end":{"line":29,"column":53}},"29":{"start":{"line":30,"column":0},"end":{"line":30,"column":1}},"31":{"start":{"line":32,"column":0},"end":{"line":32,"column":71}},"32":{"start":{"line":33,"column":0},"end":{"line":33,"column":17}},"33":{"start":{"line":34,"column":0},"end":{"line":34,"column":28}},"34":{"start":{"line":35,"column":0},"end":{"line":35,"column":18}},"35":{"start":{"line":36,"column":0},"end":{"line":36,"column":32}},"36":{"start":{"line":37,"column":0},"end":{"line":37,"column":23}},"37":{"start":{"line":38,"column":0},"end":{"line":38,"column":2}},"39":{"start":{"line":40,"column":0},"end":{"line":40,"column":69}},"40":{"start":{"line":41,"column":0},"end":{"line":41,"column":28}},"41":{"start":{"line":42,"column":0},"end":{"line":42,"column":23}},"42":{"start":{"line":43,"column":0},"end":{"line":43,"column":28}},"43":{"start":{"line":44,"column":0},"end":{"line":44,"column":28}},"44":{"start":{"line":45,"column":0},"end":{"line":45,"column":2}},"46":{"start":{"line":47,"column":0},"end":{"line":47,"column":71}},"49":{"start":{"line":50,"column":0},"end":{"line":50,"column":3}},"50":{"start":{"line":51,"column":0},"end":{"line":51,"column":47}},"51":{"start":{"line":52,"column":0},"end":{"line":52,"column":48}},"52":{"start":{"line":53,"column":0},"end":{"line":53,"column":40}},"53":{"start":{"line":54,"column":0},"end":{"line":54,"column":40}},"55":{"start":{"line":56,"column":0},"end":{"line":56,"column":27}},"56":{"start":{"line":57,"column":0},"end":{"line":57,"column":24}},"57":{"start":{"line":58,"column":0},"end":{"line":58,"column":16}},"58":{"start":{"line":59,"column":0},"end":{"line":59,"column":15}},"59":{"start":{"line":60,"column":0},"end":{"line":60,"column":64}},"60":{"start":{"line":61,"column":0},"end":{"line":61,"column":4}},"62":{"start":{"line":63,"column":0},"end":{"line":63,"column":39}},"63":{"start":{"line":64,"column":0},"end":{"line":64,"column":55}},"64":{"start":{"line":65,"column":0},"end":{"line":65,"column":32}},"65":{"start":{"line":66,"column":0},"end":{"line":66,"column":58}},"67":{"start":{"line":68,"column":0},"end":{"line":68,"column":50}},"68":{"start":{"line":69,"column":0},"end":{"line":69,"column":36}},"70":{"start":{"line":71,"column":0},"end":{"line":71,"column":36}},"71":{"start":{"line":72,"column":0},"end":{"line":72,"column":21}},"72":{"start":{"line":73,"column":0},"end":{"line":73,"column":23}},"73":{"start":{"line":74,"column":0},"end":{"line":74,"column":25}},"75":{"start":{"line":76,"column":0},"end":{"line":76,"column":19}},"76":{"start":{"line":77,"column":0},"end":{"line":77,"column":24}},"77":{"start":{"line":78,"column":0},"end":{"line":78,"column":20}},"78":{"start":{"line":79,"column":0},"end":{"line":79,"column":21}},"79":{"start":{"line":80,"column":0},"end":{"line":80,"column":24}},"80":{"start":{"line":81,"column":0},"end":{"line":81,"column":18}},"81":{"start":{"line":82,"column":0},"end":{"line":82,"column":21}},"82":{"start":{"line":83,"column":0},"end":{"line":83,"column":28}},"83":{"start":{"line":84,"column":0},"end":{"line":84,"column":7}},"84":{"start":{"line":85,"column":0},"end":{"line":85,"column":37}},"86":{"start":{"line":87,"column":0},"end":{"line":87,"column":56}},"87":{"start":{"line":88,"column":0},"end":{"line":88,"column":31}},"88":{"start":{"line":89,"column":0},"end":{"line":89,"column":68}},"89":{"start":{"line":90,"column":0},"end":{"line":90,"column":11}},"90":{"start":{"line":91,"column":0},"end":{"line":91,"column":36}},"91":{"start":{"line":92,"column":0},"end":{"line":92,"column":4}},"92":{"start":{"line":93,"column":0},"end":{"line":93,"column":3}},"94":{"start":{"line":95,"column":0},"end":{"line":95,"column":50}},"95":{"start":{"line":96,"column":0},"end":{"line":96,"column":13}},"96":{"start":{"line":97,"column":0},"end":{"line":97,"column":15}},"97":{"start":{"line":98,"column":0},"end":{"line":98,"column":17}},"98":{"start":{"line":99,"column":0},"end":{"line":99,"column":21}},"99":{"start":{"line":100,"column":0},"end":{"line":100,"column":17}},"100":{"start":{"line":101,"column":0},"end":{"line":101,"column":15}},"101":{"start":{"line":102,"column":0},"end":{"line":102,"column":14}},"102":{"start":{"line":103,"column":0},"end":{"line":103,"column":30}},"103":{"start":{"line":104,"column":0},"end":{"line":104,"column":23}},"104":{"start":{"line":105,"column":0},"end":{"line":105,"column":26}},"105":{"start":{"line":106,"column":0},"end":{"line":106,"column":27}},"106":{"start":{"line":107,"column":0},"end":{"line":107,"column":6}},"108":{"start":{"line":109,"column":0},"end":{"line":109,"column":48}},"109":{"start":{"line":110,"column":0},"end":{"line":110,"column":55}},"110":{"start":{"line":111,"column":0},"end":{"line":111,"column":2}},"112":{"start":{"line":113,"column":0},"end":{"line":113,"column":25}},"113":{"start":{"line":114,"column":0},"end":{"line":114,"column":45}},"114":{"start":{"line":115,"column":0},"end":{"line":115,"column":77}},"115":{"start":{"line":116,"column":0},"end":{"line":116,"column":43}},"116":{"start":{"line":117,"column":0},"end":{"line":117,"column":48}},"118":{"start":{"line":119,"column":0},"end":{"line":119,"column":72}},"119":{"start":{"line":120,"column":0},"end":{"line":120,"column":13}},"120":{"start":{"line":121,"column":0},"end":{"line":121,"column":15}},"121":{"start":{"line":122,"column":0},"end":{"line":122,"column":39}},"122":{"start":{"line":123,"column":0},"end":{"line":123,"column":70}},"123":{"start":{"line":124,"column":0},"end":{"line":124,"column":61}},"124":{"start":{"line":125,"column":0},"end":{"line":125,"column":60}},"125":{"start":{"line":126,"column":0},"end":{"line":126,"column":36}},"126":{"start":{"line":127,"column":0},"end":{"line":127,"column":36}},"127":{"start":{"line":128,"column":0},"end":{"line":128,"column":17}},"128":{"start":{"line":129,"column":0},"end":{"line":129,"column":21}},"129":{"start":{"line":130,"column":0},"end":{"line":130,"column":28}},"130":{"start":{"line":131,"column":0},"end":{"line":131,"column":27}},"131":{"start":{"line":132,"column":0},"end":{"line":132,"column":6}},"132":{"start":{"line":133,"column":0},"end":{"line":133,"column":71}},"133":{"start":{"line":134,"column":0},"end":{"line":134,"column":23}},"134":{"start":{"line":135,"column":0},"end":{"line":135,"column":2}},"136":{"start":{"line":137,"column":0},"end":{"line":137,"column":7}},"137":{"start":{"line":138,"column":0},"end":{"line":138,"column":115}},"138":{"start":{"line":139,"column":0},"end":{"line":139,"column":3}},"140":{"start":{"line":141,"column":0},"end":{"line":141,"column":9}},"141":{"start":{"line":142,"column":0},"end":{"line":142,"column":16}},"142":{"start":{"line":143,"column":0},"end":{"line":143,"column":45}},"143":{"start":{"line":144,"column":0},"end":{"line":144,"column":19}},"144":{"start":{"line":145,"column":0},"end":{"line":145,"column":4}},"145":{"start":{"line":146,"column":0},"end":{"line":146,"column":22}},"146":{"start":{"line":147,"column":0},"end":{"line":147,"column":29}},"147":{"start":{"line":148,"column":0},"end":{"line":148,"column":42}},"148":{"start":{"line":149,"column":0},"end":{"line":149,"column":33}},"149":{"start":{"line":150,"column":0},"end":{"line":150,"column":4}},"150":{"start":{"line":151,"column":0},"end":{"line":151,"column":3}},"151":{"start":{"line":152,"column":0},"end":{"line":152,"column":1}}},"s":{"0":1,"7":1,"8":1,"10":1,"25":1,"27":4,"28":4,"29":4,"31":1,"32":1,"33":1,"34":1,"35":1,"36":1,"37":1,"39":1,"40":1,"41":1,"42":1,"43":1,"44":1,"46":1,"49":4,"50":4,"51":4,"52":4,"53":4,"55":4,"56":4,"57":4,"58":4,"59":4,"60":4,"62":4,"63":4,"64":4,"65":4,"67":4,"68":4,"70":4,"71":12,"72":12,"73":7,"75":7,"76":7,"77":7,"78":7,"79":7,"80":7,"81":7,"82":7,"83":7,"84":12,"86":12,"87":12,"88":8,"89":10,"90":4,"91":4,"92":12,"94":4,"95":4,"96":4,"97":4,"98":4,"99":4,"100":4,"101":4,"102":4,"103":4,"104":4,"105":4,"106":4,"108":4,"109":4,"110":4,"112":4,"113":4,"114":2,"115":2,"116":2,"118":2,"119":2,"120":2,"121":2,"122":2,"123":2,"124":2,"125":2,"126":2,"127":2,"128":2,"129":2,"130":2,"131":2,"132":2,"133":2,"134":2,"136":4,"137":4,"138":4,"140":4,"141":4,"142":1,"143":1,"144":1,"145":4,"146":3,"147":3,"148":3,"149":3,"150":4,"151":4},"branchMap":{"0":{"type":"branch","line":28,"loc":{"start":{"line":28,"column":0},"end":{"line":30,"column":1}},"locations":[{"start":{"line":28,"column":0},"end":{"line":30,"column":1}}]},"1":{"type":"branch","line":29,"loc":{"start":{"line":29,"column":27},"end":{"line":29,"column":40}},"locations":[{"start":{"line":29,"column":27},"end":{"line":29,"column":40}}]},"2":{"type":"branch","line":47,"loc":{"start":{"line":47,"column":7},"end":{"line":152,"column":1}},"locations":[{"start":{"line":47,"column":7},"end":{"line":152,"column":1}}]},"3":{"type":"branch","line":64,"loc":{"start":{"line":64,"column":54},"end":{"line":111,"column":2}},"locations":[{"start":{"line":64,"column":54},"end":{"line":111,"column":2}}]},"4":{"type":"branch","line":71,"loc":{"start":{"line":71,"column":35},"end":{"line":93,"column":3}},"locations":[{"start":{"line":71,"column":35},"end":{"line":93,"column":3}}]},"5":{"type":"branch","line":73,"loc":{"start":{"line":73,"column":19},"end":{"line":84,"column":7}},"locations":[{"start":{"line":73,"column":19},"end":{"line":84,"column":7}}]},"6":{"type":"branch","line":88,"loc":{"start":{"line":88,"column":30},"end":{"line":92,"column":4}},"locations":[{"start":{"line":88,"column":30},"end":{"line":92,"column":4}}]},"7":{"type":"branch","line":88,"loc":{"start":{"line":88,"column":30},"end":{"line":90,"column":10}},"locations":[{"start":{"line":88,"column":30},"end":{"line":90,"column":10}}]},"8":{"type":"branch","line":90,"loc":{"start":{"line":90,"column":3},"end":{"line":92,"column":4}},"locations":[{"start":{"line":90,"column":3},"end":{"line":92,"column":4}}]},"9":{"type":"branch","line":114,"loc":{"start":{"line":114,"column":44},"end":{"line":135,"column":2}},"locations":[{"start":{"line":114,"column":44},"end":{"line":135,"column":2}}]},"10":{"type":"branch","line":123,"loc":{"start":{"line":123,"column":34},"end":{"line":123,"column":62}},"locations":[{"start":{"line":123,"column":34},"end":{"line":123,"column":62}}]},"11":{"type":"branch","line":142,"loc":{"start":{"line":142,"column":9},"end":{"line":145,"column":4}},"locations":[{"start":{"line":142,"column":9},"end":{"line":145,"column":4}}]},"12":{"type":"branch","line":146,"loc":{"start":{"line":146,"column":9},"end":{"line":150,"column":4}},"locations":[{"start":{"line":146,"column":9},"end":{"line":150,"column":4}}]}},"b":{"0":[4],"1":[12],"2":[4],"3":[4],"4":[12],"5":[7],"6":[10],"7":[8],"8":[4],"9":[2],"10":[0],"11":[1],"12":[3]},"fnMap":{"0":{"name":"namespaceId","decl":{"start":{"line":28,"column":0},"end":{"line":30,"column":1}},"loc":{"start":{"line":28,"column":0},"end":{"line":30,"column":1}},"line":28},"1":{"name":"consumableMapToDigraph","decl":{"start":{"line":47,"column":7},"end":{"line":152,"column":1}},"loc":{"start":{"line":47,"column":7},"end":{"line":152,"column":1}},"line":47},"2":{"name":"toDot","decl":{"start":{"line":142,"column":9},"end":{"line":145,"column":4}},"loc":{"start":{"line":142,"column":9},"end":{"line":145,"column":4}},"line":142},"3":{"name":"toSVG","decl":{"start":{"line":146,"column":9},"end":{"line":150,"column":4}},"loc":{"start":{"line":146,"column":9},"end":{"line":150,"column":4}},"line":146}},"f":{"0":4,"1":4,"2":1,"3":3}}
,"/home/runner/work/open-domain-specification/open-domain-specification/packages/graphviz/src/context-map.ts": {"path":"/home/runner/work/open-domain-specification/open-domain-specification/packages/graphviz/src/context-map.ts","all":false,"statementMap":{"0":{"start":{"line":1,"column":0},"end":{"line":1,"column":50}},"7":{"start":{"line":8,"column":0},"end":{"line":8,"column":67}},"8":{"start":{"line":9,"column":0},"end":{"line":9,"column":35}},"10":{"start":{"line":11,"column":0},"end":{"line":11,"column":21}},"25":{"start":{"line":26,"column":0},"end":{"line":26,"column":38}},"27":{"start":{"line":28,"column":0},"end":{"line":28,"column":55}},"28":{"start":{"line":29,"column":0},"end":{"line":29,"column":53}},"29":{"start":{"line":30,"column":0},"end":{"line":30,"column":1}},"31":{"start":{"line":32,"column":0},"end":{"line":32,"column":71}},"32":{"start":{"line":33,"column":0},"end":{"line":33,"column":17}},"33":{"start":{"line":34,"column":0},"end":{"line":34,"column":28}},"34":{"start":{"line":35,"column":0},"end":{"line":35,"column":18}},"35":{"start":{"line":36,"column":0},"end":{"line":36,"column":32}},"36":{"start":{"line":37,"column":0},"end":{"line":37,"column":23}},"37":{"start":{"line":38,"column":0},"end":{"line":38,"column":2}},"39":{"start":{"line":40,"column":0},"end":{"line":40,"column":69}},"40":{"start":{"line":41,"column":0},"end":{"line":41,"column":28}},"41":{"start":{"line":42,"column":0},"end":{"line":42,"column":23}},"42":{"start":{"line":43,"column":0},"end":{"line":43,"column":28}},"43":{"start":{"line":44,"column":0},"end":{"line":44,"column":28}},"44":{"start":{"line":45,"column":0},"end":{"line":45,"column":2}},"46":{"start":{"line":47,"column":0},"end":{"line":47,"column":65}},"49":{"start":{"line":50,"column":0},"end":{"line":50,"column":3}},"50":{"start":{"line":51,"column":0},"end":{"line":51,"column":44}},"51":{"start":{"line":52,"column":0},"end":{"line":52,"column":48}},"52":{"start":{"line":53,"column":0},"end":{"line":53,"column":40}},"53":{"start":{"line":54,"column":0},"end":{"line":54,"column":40}},"55":{"start":{"line":56,"column":0},"end":{"line":56,"column":27}},"56":{"start":{"line":57,"column":0},"end":{"line":57,"column":24}},"57":{"start":{"line":58,"column":0},"end":{"line":58,"column":16}},"58":{"start":{"line":59,"column":0},"end":{"line":59,"column":15}},"59":{"start":{"line":60,"column":0},"end":{"line":60,"column":64}},"60":{"start":{"line":61,"column":0},"end":{"line":61,"column":4}},"62":{"start":{"line":63,"column":0},"end":{"line":63,"column":39}},"63":{"start":{"line":64,"column":0},"end":{"line":64,"column":55}},"64":{"start":{"line":65,"column":0},"end":{"line":65,"column":32}},"65":{"start":{"line":66,"column":0},"end":{"line":66,"column":58}},"67":{"start":{"line":68,"column":0},"end":{"line":68,"column":50}},"68":{"start":{"line":69,"column":0},"end":{"line":69,"column":36}},"70":{"start":{"line":71,"column":0},"end":{"line":71,"column":36}},"71":{"start":{"line":72,"column":0},"end":{"line":72,"column":21}},"72":{"start":{"line":73,"column":0},"end":{"line":73,"column":23}},"73":{"start":{"line":74,"column":0},"end":{"line":74,"column":25}},"75":{"start":{"line":76,"column":0},"end":{"line":76,"column":19}},"76":{"start":{"line":77,"column":0},"end":{"line":77,"column":24}},"77":{"start":{"line":78,"column":0},"end":{"line":78,"column":20}},"78":{"start":{"line":79,"column":0},"end":{"line":79,"column":21}},"79":{"start":{"line":80,"column":0},"end":{"line":80,"column":24}},"80":{"start":{"line":81,"column":0},"end":{"line":81,"column":18}},"81":{"start":{"line":82,"column":0},"end":{"line":82,"column":28}},"82":{"start":{"line":83,"column":0},"end":{"line":83,"column":7}},"83":{"start":{"line":84,"column":0},"end":{"line":84,"column":37}},"85":{"start":{"line":86,"column":0},"end":{"line":86,"column":56}},"86":{"start":{"line":87,"column":0},"end":{"line":87,"column":31}},"87":{"start":{"line":88,"column":0},"end":{"line":88,"column":68}},"88":{"start":{"line":89,"column":0},"end":{"line":89,"column":11}},"89":{"start":{"line":90,"column":0},"end":{"line":90,"column":36}},"90":{"start":{"line":91,"column":0},"end":{"line":91,"column":4}},"91":{"start":{"line":92,"column":0},"end":{"line":92,"column":3}},"93":{"start":{"line":94,"column":0},"end":{"line":94,"column":50}},"94":{"start":{"line":95,"column":0},"end":{"line":95,"column":13}},"95":{"start":{"line":96,"column":0},"end":{"line":96,"column":15}},"96":{"start":{"line":97,"column":0},"end":{"line":97,"column":17}},"97":{"start":{"line":98,"column":0},"end":{"line":98,"column":21}},"98":{"start":{"line":99,"column":0},"end":{"line":99,"column":17}},"99":{"start":{"line":100,"column":0},"end":{"line":100,"column":30}},"100":{"start":{"line":101,"column":0},"end":{"line":101,"column":15}},"101":{"start":{"line":102,"column":0},"end":{"line":102,"column":14}},"102":{"start":{"line":103,"column":0},"end":{"line":103,"column":23}},"103":{"start":{"line":104,"column":0},"end":{"line":104,"column":26}},"104":{"start":{"line":105,"column":0},"end":{"line":105,"column":27}},"105":{"start":{"line":106,"column":0},"end":{"line":106,"column":6}},"107":{"start":{"line":108,"column":0},"end":{"line":108,"column":48}},"108":{"start":{"line":109,"column":0},"end":{"line":109,"column":55}},"109":{"start":{"line":110,"column":0},"end":{"line":110,"column":2}},"111":{"start":{"line":112,"column":0},"end":{"line":112,"column":25}},"112":{"start":{"line":113,"column":0},"end":{"line":113,"column":45}},"113":{"start":{"line":114,"column":0},"end":{"line":114,"column":77}},"114":{"start":{"line":115,"column":0},"end":{"line":115,"column":43}},"115":{"start":{"line":116,"column":0},"end":{"line":116,"column":43}},"117":{"start":{"line":118,"column":0},"end":{"line":118,"column":72}},"118":{"start":{"line":119,"column":0},"end":{"line":119,"column":13}},"119":{"start":{"line":120,"column":0},"end":{"line":120,"column":15}},"120":{"start":{"line":121,"column":0},"end":{"line":121,"column":39}},"121":{"start":{"line":122,"column":0},"end":{"line":122,"column":70}},"122":{"start":{"line":123,"column":0},"end":{"line":123,"column":61}},"123":{"start":{"line":124,"column":0},"end":{"line":124,"column":60}},"124":{"start":{"line":125,"column":0},"end":{"line":125,"column":36}},"125":{"start":{"line":126,"column":0},"end":{"line":126,"column":36}},"126":{"start":{"line":127,"column":0},"end":{"line":127,"column":17}},"127":{"start":{"line":128,"column":0},"end":{"line":128,"column":21}},"128":{"start":{"line":129,"column":0},"end":{"line":129,"column":62}},"129":{"start":{"line":130,"column":0},"end":{"line":130,"column":27}},"130":{"start":{"line":131,"column":0},"end":{"line":131,"column":6}},"131":{"start":{"line":132,"column":0},"end":{"line":132,"column":71}},"132":{"start":{"line":133,"column":0},"end":{"line":133,"column":23}},"133":{"start":{"line":134,"column":0},"end":{"line":134,"column":2}},"135":{"start":{"line":136,"column":0},"end":{"line":136,"column":7}},"136":{"start":{"line":137,"column":0},"end":{"line":137,"column":115}},"137":{"start":{"line":138,"column":0},"end":{"line":138,"column":3}},"139":{"start":{"line":140,"column":0},"end":{"line":140,"column":9}},"140":{"start":{"line":141,"column":0},"end":{"line":141,"column":16}},"141":{"start":{"line":142,"column":0},"end":{"line":142,"column":45}},"142":{"start":{"line":143,"column":0},"end":{"line":143,"column":19}},"143":{"start":{"line":144,"column":0},"end":{"line":144,"column":4}},"144":{"start":{"line":145,"column":0},"end":{"line":145,"column":22}},"145":{"start":{"line":146,"column":0},"end":{"line":146,"column":29}},"146":{"start":{"line":147,"column":0},"end":{"line":147,"column":42}},"147":{"start":{"line":148,"column":0},"end":{"line":148,"column":33}},"148":{"start":{"line":149,"column":0},"end":{"line":149,"column":4}},"149":{"start":{"line":150,"column":0},"end":{"line":150,"column":3}},"150":{"start":{"line":151,"column":0},"end":{"line":151,"column":1}}},"s":{"0":1,"7":1,"8":1,"10":1,"25":1,"27":4,"28":4,"29":4,"31":1,"32":1,"33":1,"34":1,"35":1,"36":1,"37":1,"39":1,"40":1,"41":1,"42":1,"43":1,"44":1,"46":1,"49":5,"50":5,"51":5,"52":5,"53":5,"55":5,"56":5,"57":5,"58":5,"59":5,"60":5,"62":5,"63":5,"64":4,"65":4,"67":4,"68":4,"70":4,"71":10,"72":10,"73":5,"75":5,"76":5,"77":5,"78":5,"79":5,"80":5,"81":5,"82":5,"83":10,"85":10,"86":10,"87":6,"88":8,"89":4,"90":4,"91":10,"93":4,"94":4,"95":4,"96":4,"97":4,"98":4,"99":4,"100":4,"101":4,"102":4,"103":4,"104":4,"105":4,"107":4,"108":4,"109":4,"111":5,"112":5,"113":2,"114":2,"115":2,"117":2,"118":2,"119":2,"120":2,"121":2,"122":2,"123":2,"124":2,"125":2,"126":2,"127":2,"128":2,"129":2,"130":2,"131":2,"132":2,"133":2,"135":5,"136":5,"137":5,"139":5,"140":5,"141":1,"142":1,"143":1,"144":5,"145":4,"146":4,"147":4,"148":4,"149":5,"150":5},"branchMap":{"0":{"type":"branch","line":28,"loc":{"start":{"line":28,"column":0},"end":{"line":30,"column":1}},"locations":[{"start":{"line":28,"column":0},"end":{"line":30,"column":1}}]},"1":{"type":"branch","line":29,"loc":{"start":{"line":29,"column":27},"end":{"line":29,"column":40}},"locations":[{"start":{"line":29,"column":27},"end":{"line":29,"column":40}}]},"2":{"type":"branch","line":47,"loc":{"start":{"line":47,"column":7},"end":{"line":151,"column":1}},"locations":[{"start":{"line":47,"column":7},"end":{"line":151,"column":1}}]},"3":{"type":"branch","line":64,"loc":{"start":{"line":64,"column":54},"end":{"line":110,"column":2}},"locations":[{"start":{"line":64,"column":54},"end":{"line":110,"column":2}}]},"4":{"type":"branch","line":71,"loc":{"start":{"line":71,"column":35},"end":{"line":92,"column":3}},"locations":[{"start":{"line":71,"column":35},"end":{"line":92,"column":3}}]},"5":{"type":"branch","line":73,"loc":{"start":{"line":73,"column":19},"end":{"line":83,"column":7}},"locations":[{"start":{"line":73,"column":19},"end":{"line":83,"column":7}}]},"6":{"type":"branch","line":87,"loc":{"start":{"line":87,"column":30},"end":{"line":91,"column":4}},"locations":[{"start":{"line":87,"column":30},"end":{"line":91,"column":4}}]},"7":{"type":"branch","line":87,"loc":{"start":{"line":87,"column":30},"end":{"line":89,"column":10}},"locations":[{"start":{"line":87,"column":30},"end":{"line":89,"column":10}}]},"8":{"type":"branch","line":89,"loc":{"start":{"line":89,"column":3},"end":{"line":91,"column":4}},"locations":[{"start":{"line":89,"column":3},"end":{"line":91,"column":4}}]},"9":{"type":"branch","line":113,"loc":{"start":{"line":113,"column":44},"end":{"line":134,"column":2}},"locations":[{"start":{"line":113,"column":44},"end":{"line":134,"column":2}}]},"10":{"type":"branch","line":122,"loc":{"start":{"line":122,"column":34},"end":{"line":122,"column":62}},"locations":[{"start":{"line":122,"column":34},"end":{"line":122,"column":62}}]},"11":{"type":"branch","line":129,"loc":{"start":{"line":129,"column":34},"end":{"line":129,"column":59}},"locations":[{"start":{"line":129,"column":34},"end":{"line":129,"column":59}}]},"12":{"type":"branch","line":141,"loc":{"start":{"line":141,"column":9},"end":{"line":144,"column":4}},"locations":[{"start":{"line":141,"column":9},"end":{"line":144,"column":4}}]},"13":{"type":"branch","line":145,"loc":{"start":{"line":145,"column":9},"end":{"line":149,"column":4}},"locations":[{"start":{"line":145,"column":9},"end":{"line":149,"column":4}}]}},"b":{"0":[4],"1":[10],"2":[5],"3":[4],"4":[10],"5":[5],"6":[8],"7":[6],"8":[4],"9":[2],"10":[0],"11":[0],"12":[1],"13":[4]},"fnMap":{"0":{"name":"namespaceId","decl":{"start":{"line":28,"column":0},"end":{"line":30,"column":1}},"loc":{"start":{"line":28,"column":0},"end":{"line":30,"column":1}},"line":28},"1":{"name":"contextMapToDigraph","decl":{"start":{"line":47,"column":7},"end":{"line":151,"column":1}},"loc":{"start":{"line":47,"column":7},"end":{"line":151,"column":1}},"line":47},"2":{"name":"toDot","decl":{"start":{"line":141,"column":9},"end":{"line":144,"column":4}},"loc":{"start":{"line":141,"column":9},"end":{"line":144,"column":4}},"line":141},"3":{"name":"toSVG","decl":{"start":{"line":145,"column":9},"end":{"line":149,"column":4}},"loc":{"start":{"line":145,"column":9},"end":{"line":149,"column":4}},"line":145}},"f":{"0":4,"1":5,"2":1,"3":4}}
,"/home/runner/work/open-domain-specification/open-domain-specification/packages/graphviz/src/debug.ts": {"path":"/home/runner/work/open-domain-specification/open-domain-specification/packages/graphviz/src/debug.ts","all":false,"statementMap":{"0":{"start":{"line":1,"column":0},"end":{"line":1,"column":55}},"2":{"start":{"line":3,"column":0},"end":{"line":3,"column":66}},"4":{"start":{"line":5,"column":0},"end":{"line":5,"column":55}},"5":{"start":{"line":6,"column":0},"end":{"line":6,"column":32}},"6":{"start":{"line":7,"column":0},"end":{"line":7,"column":1}}},"s":{"0":1,"2":1,"4":1,"5":6,"6":6},"branchMap":{"0":{"type":"branch","line":5,"loc":{"start":{"line":5,"column":7},"end":{"line":7,"column":1}},"locations":[{"start":{"line":5,"column":7},"end":{"line":7,"column":1}}]}},"b":{"0":[6]},"fnMap":{"0":{"name":"getDebug","decl":{"start":{"line":5,"column":7},"end":{"line":7,"column":1}},"loc":{"start":{"line":5,"column":7},"end":{"line":7,"column":1}},"line":5}},"f":{"0":6}}
,"/home/runner/work/open-domain-specification/open-domain-specification/packages/graphviz/src/index.ts": {"path":"/home/runner/work/open-domain-specification/open-domain-specification/packages/graphviz/src/index.ts","all":true,"statementMap":{"0":{"start":{"line":1,"column":0},"end":{"line":1,"column":33}},"1":{"start":{"line":2,"column":0},"end":{"line":2,"column":30}},"2":{"start":{"line":3,"column":0},"end":{"line":3,"column":31}}},"s":{"0":0,"1":0,"2":0},"branchMap":{"0":{"type":"branch","line":1,"loc":{"start":{"line":1,"column":96},"end":{"line":3,"column":31}},"locations":[{"start":{"line":1,"column":96},"end":{"line":3,"column":31}}]}},"b":{"0":[0]},"fnMap":{"0":{"name":"(empty-report)","decl":{"start":{"line":1,"column":96},"end":{"line":3,"column":31}},"loc":{"start":{"line":1,"column":96},"end":{"line":3,"column":31}},"line":1}},"f":{"0":0}}
,"/home/runner/work/open-domain-specification/open-domain-specification/packages/graphviz/src/relation-map.ts": {"path":"/home/runner/work/open-domain-specification/open-domain-specification/packages/graphviz/src/relation-map.ts","all":false,"statementMap":{"0":{"start":{"line":1,"column":0},"end":{"line":1,"column":50}},"1":{"start":{"line":2,"column":0},"end":{"line":2,"column":8}},"6":{"start":{"line":7,"column":0},"end":{"line":7,"column":8}},"14":{"start":{"line":15,"column":0},"end":{"line":15,"column":35}},"16":{"start":{"line":17,"column":0},"end":{"line":17,"column":21}},"31":{"start":{"line":32,"column":0},"end":{"line":32,"column":72}},"32":{"start":{"line":33,"column":0},"end":{"line":33,"column":29}},"33":{"start":{"line":34,"column":0},"end":{"line":34,"column":24}},"34":{"start":{"line":35,"column":0},"end":{"line":35,"column":19}},"35":{"start":{"line":36,"column":0},"end":{"line":36,"column":19}},"36":{"start":{"line":37,"column":0},"end":{"line":37,"column":20}},"37":{"start":{"line":38,"column":0},"end":{"line":38,"column":18}},"38":{"start":{"line":39,"column":0},"end":{"line":39,"column":3}},"39":{"start":{"line":40,"column":0},"end":{"line":40,"column":27}},"40":{"start":{"line":41,"column":0},"end":{"line":41,"column":22}},"41":{"start":{"line":42,"column":0},"end":{"line":42,"column":19}},"42":{"start":{"line":43,"column":0},"end":{"line":43,"column":20}},"43":{"start":{"line":44,"column":0},"end":{"line":44,"column":23}},"44":{"start":{"line":45,"column":0},"end":{"line":45,"column":17}},"45":{"start":{"line":46,"column":0},"end":{"line":46,"column":14}},"46":{"start":{"line":47,"column":0},"end":{"line":47,"column":3}},"47":{"start":{"line":48,"column":0},"end":{"line":48,"column":23}},"48":{"start":{"line":49,"column":0},"end":{"line":49,"column":18}},"49":{"start":{"line":50,"column":0},"end":{"line":50,"column":19}},"50":{"start":{"line":51,"column":0},"end":{"line":51,"column":22}},"51":{"start":{"line":52,"column":0},"end":{"line":52,"column":20}},"52":{"start":{"line":53,"column":0},"end":{"line":53,"column":18}},"53":{"start":{"line":54,"column":0},"end":{"line":54,"column":3}},"54":{"start":{"line":55,"column":0},"end":{"line":55,"column":2}},"56":{"start":{"line":57,"column":0},"end":{"line":57,"column":39}},"58":{"start":{"line":59,"column":0},"end":{"line":59,"column":56}},"59":{"start":{"line":60,"column":0},"end":{"line":60,"column":53}},"60":{"start":{"line":61,"column":0},"end":{"line":61,"column":1}},"62":{"start":{"line":63,"column":0},"end":{"line":63,"column":67}},"65":{"start":{"line":66,"column":0},"end":{"line":66,"column":3}},"66":{"start":{"line":67,"column":0},"end":{"line":67,"column":45}},"67":{"start":{"line":68,"column":0},"end":{"line":68,"column":48}},"68":{"start":{"line":69,"column":0},"end":{"line":69,"column":40}},"69":{"start":{"line":70,"column":0},"end":{"line":70,"column":40}},"71":{"start":{"line":72,"column":0},"end":{"line":72,"column":27}},"72":{"start":{"line":73,"column":0},"end":{"line":73,"column":24}},"73":{"start":{"line":74,"column":0},"end":{"line":74,"column":16}},"74":{"start":{"line":75,"column":0},"end":{"line":75,"column":16}},"75":{"start":{"line":76,"column":0},"end":{"line":76,"column":64}},"76":{"start":{"line":77,"column":0},"end":{"line":77,"column":4}},"78":{"start":{"line":79,"column":0},"end":{"line":79,"column":39}},"79":{"start":{"line":80,"column":0},"end":{"line":80,"column":55}},"80":{"start":{"line":81,"column":0},"end":{"line":81,"column":32}},"81":{"start":{"line":82,"column":0},"end":{"line":82,"column":58}},"83":{"start":{"line":84,"column":0},"end":{"line":84,"column":50}},"84":{"start":{"line":85,"column":0},"end":{"line":85,"column":36}},"86":{"start":{"line":87,"column":0},"end":{"line":87,"column":36}},"87":{"start":{"line":88,"column":0},"end":{"line":88,"column":21}},"88":{"start":{"line":89,"column":0},"end":{"line":89,"column":23}},"89":{"start":{"line":90,"column":0},"end":{"line":90,"column":25}},"91":{"start":{"line":92,"column":0},"end":{"line":92,"column":19}},"92":{"start":{"line":93,"column":0},"end":{"line":93,"column":24}},"93":{"start":{"line":94,"column":0},"end":{"line":94,"column":20}},"94":{"start":{"line":95,"column":0},"end":{"line":95,"column":21}},"95":{"start":{"line":96,"column":0},"end":{"line":96,"column":24}},"96":{"start":{"line":97,"column":0},"end":{"line":97,"column":18}},"97":{"start":{"line":98,"column":0},"end":{"line":98,"column":28}},"98":{"start":{"line":99,"column":0},"end":{"line":99,"column":7}},"99":{"start":{"line":100,"column":0},"end":{"line":100,"column":37}},"101":{"start":{"line":102,"column":0},"end":{"line":102,"column":56}},"102":{"start":{"line":103,"column":0},"end":{"line":103,"column":31}},"103":{"start":{"line":104,"column":0},"end":{"line":104,"column":68}},"104":{"start":{"line":105,"column":0},"end":{"line":105,"column":11}},"105":{"start":{"line":106,"column":0},"end":{"line":106,"column":36}},"106":{"start":{"line":107,"column":0},"end":{"line":107,"column":4}},"107":{"start":{"line":108,"column":0},"end":{"line":108,"column":3}},"109":{"start":{"line":110,"column":0},"end":{"line":110,"column":50}},"110":{"start":{"line":111,"column":0},"end":{"line":111,"column":13}},"111":{"start":{"line":112,"column":0},"end":{"line":112,"column":15}},"112":{"start":{"line":113,"column":0},"end":{"line":113,"column":17}},"113":{"start":{"line":114,"column":0},"end":{"line":114,"column":21}},"114":{"start":{"line":115,"column":0},"end":{"line":115,"column":10}},"115":{"start":{"line":116,"column":0},"end":{"line":116,"column":32}},"116":{"start":{"line":117,"column":0},"end":{"line":117,"column":13}},"117":{"start":{"line":118,"column":0},"end":{"line":118,"column":30}},"118":{"start":{"line":119,"column":0},"end":{"line":119,"column":14}},"119":{"start":{"line":120,"column":0},"end":{"line":120,"column":19}},"120":{"start":{"line":121,"column":0},"end":{"line":121,"column":30}},"121":{"start":{"line":122,"column":0},"end":{"line":122,"column":23}},"122":{"start":{"line":123,"column":0},"end":{"line":123,"column":74}},"123":{"start":{"line":124,"column":0},"end":{"line":124,"column":27}},"124":{"start":{"line":125,"column":0},"end":{"line":125,"column":6}},"126":{"start":{"line":127,"column":0},"end":{"line":127,"column":48}},"127":{"start":{"line":128,"column":0},"end":{"line":128,"column":55}},"128":{"start":{"line":129,"column":0},"end":{"line":129,"column":2}},"130":{"start":{"line":131,"column":0},"end":{"line":131,"column":25}},"131":{"start":{"line":132,"column":0},"end":{"line":132,"column":45}},"132":{"start":{"line":133,"column":0},"end":{"line":133,"column":77}},"133":{"start":{"line":134,"column":0},"end":{"line":134,"column":43}},"134":{"start":{"line":135,"column":0},"end":{"line":135,"column":43}},"136":{"start":{"line":137,"column":0},"end":{"line":137,"column":72}},"137":{"start":{"line":138,"column":0},"end":{"line":138,"column":13}},"138":{"start":{"line":139,"column":0},"end":{"line":139,"column":15}},"139":{"start":{"line":140,"column":0},"end":{"line":140,"column":39}},"140":{"start":{"line":141,"column":0},"end":{"line":141,"column":17}},"141":{"start":{"line":142,"column":0},"end":{"line":142,"column":41}},"142":{"start":{"line":143,"column":0},"end":{"line":143,"column":22}},"143":{"start":{"line":144,"column":0},"end":{"line":144,"column":6}},"144":{"start":{"line":145,"column":0},"end":{"line":145,"column":71}},"145":{"start":{"line":146,"column":0},"end":{"line":146,"column":23}},"146":{"start":{"line":147,"column":0},"end":{"line":147,"column":2}},"148":{"start":{"line":149,"column":0},"end":{"line":149,"column":7}},"149":{"start":{"line":150,"column":0},"end":{"line":150,"column":115}},"150":{"start":{"line":151,"column":0},"end":{"line":151,"column":3}},"152":{"start":{"line":153,"column":0},"end":{"line":153,"column":9}},"153":{"start":{"line":154,"column":0},"end":{"line":154,"column":16}},"154":{"start":{"line":155,"column":0},"end":{"line":155,"column":45}},"155":{"start":{"line":156,"column":0},"end":{"line":156,"column":19}},"156":{"start":{"line":157,"column":0},"end":{"line":157,"column":4}},"157":{"start":{"line":158,"column":0},"end":{"line":158,"column":22}},"158":{"start":{"line":159,"column":0},"end":{"line":159,"column":29}},"159":{"start":{"line":160,"column":0},"end":{"line":160,"column":42}},"160":{"start":{"line":161,"column":0},"end":{"line":161,"column":33}},"161":{"start":{"line":162,"column":0},"end":{"line":162,"column":4}},"162":{"start":{"line":163,"column":0},"end":{"line":163,"column":3}},"163":{"start":{"line":164,"column":0},"end":{"line":164,"column":1}}},"s":{"0":1,"1":1,"6":1,"14":1,"16":1,"31":1,"32":1,"33":1,"34":1,"35":1,"36":1,"37":1,"38":1,"39":1,"40":1,"41":1,"42":1,"43":1,"44":1,"45":1,"46":1,"47":1,"48":1,"49":1,"50":1,"51":1,"52":1,"53":1,"54":1,"56":1,"58":4,"59":4,"60":4,"62":1,"65":4,"66":4,"67":4,"68":4,"69":4,"71":4,"72":4,"73":4,"74":4,"75":4,"76":4,"78":4,"79":4,"80":4,"81":4,"83":4,"84":4,"86":4,"87":14,"88":14,"89":7,"91":7,"92":7,"93":7,"94":7,"95":7,"96":7,"97":7,"98":7,"99":14,"101":14,"102":14,"103":10,"104":12,"105":4,"106":4,"107":14,"109":4,"110":4,"111":4,"112":4,"113":4,"114":4,"115":4,"116":2,"117":2,"118":1,"119":1,"120":4,"121":4,"122":4,"123":4,"124":4,"126":4,"127":4,"128":4,"130":4,"131":4,"132":2,"133":2,"134":2,"136":2,"137":2,"138":2,"139":2,"140":2,"141":2,"142":2,"143":2,"144":2,"145":2,"146":2,"148":4,"149":4,"150":4,"152":4,"153":4,"154":1,"155":1,"156":1,"157":4,"158":3,"159":3,"160":3,"161":3,"162":4,"163":4},"branchMap":{"0":{"type":"branch","line":59,"loc":{"start":{"line":59,"column":0},"end":{"line":61,"column":1}},"locations":[{"start":{"line":59,"column":0},"end":{"line":61,"column":1}}]},"1":{"type":"branch","line":60,"loc":{"start":{"line":60,"column":27},"end":{"line":60,"column":40}},"locations":[{"start":{"line":60,"column":27},"end":{"line":60,"column":40}}]},"2":{"type":"branch","line":63,"loc":{"start":{"line":63,"column":7},"end":{"line":164,"column":1}},"locations":[{"start":{"line":63,"column":7},"end":{"line":164,"column":1}}]},"3":{"type":"branch","line":80,"loc":{"start":{"line":80,"column":54},"end":{"line":129,"column":2}},"locations":[{"start":{"line":80,"column":54},"end":{"line":129,"column":2}}]},"4":{"type":"branch","line":87,"loc":{"start":{"line":87,"column":35},"end":{"line":108,"column":3}},"locations":[{"start":{"line":87,"column":35},"end":{"line":108,"column":3}}]},"5":{"type":"branch","line":89,"loc":{"start":{"line":89,"column":19},"end":{"line":99,"column":7}},"locations":[{"start":{"line":89,"column":19},"end":{"line":99,"column":7}}]},"6":{"type":"branch","line":103,"loc":{"start":{"line":103,"column":30},"end":{"line":107,"column":4}},"locations":[{"start":{"line":103,"column":30},"end":{"line":107,"column":4}}]},"7":{"type":"branch","line":103,"loc":{"start":{"line":103,"column":30},"end":{"line":105,"column":10}},"locations":[{"start":{"line":103,"column":30},"end":{"line":105,"column":10}}]},"8":{"type":"branch","line":105,"loc":{"start":{"line":105,"column":3},"end":{"line":107,"column":4}},"locations":[{"start":{"line":105,"column":3},"end":{"line":107,"column":4}}]},"9":{"type":"branch","line":116,"loc":{"start":{"line":116,"column":19},"end":{"line":117,"column":13}},"locations":[{"start":{"line":116,"column":19},"end":{"line":117,"column":13}}]},"10":{"type":"branch","line":117,"loc":{"start":{"line":117,"column":8},"end":{"line":120,"column":19}},"locations":[{"start":{"line":117,"column":8},"end":{"line":120,"column":19}}]},"11":{"type":"branch","line":118,"loc":{"start":{"line":118,"column":22},"end":{"line":119,"column":14}},"locations":[{"start":{"line":118,"column":22},"end":{"line":119,"column":14}}]},"12":{"type":"branch","line":119,"loc":{"start":{"line":119,"column":9},"end":{"line":120,"column":19}},"locations":[{"start":{"line":119,"column":9},"end":{"line":120,"column":19}}]},"13":{"type":"branch","line":123,"loc":{"start":{"line":123,"column":25},"end":{"line":123,"column":58}},"locations":[{"start":{"line":123,"column":25},"end":{"line":123,"column":58}}]},"14":{"type":"branch","line":123,"loc":{"start":{"line":123,"column":41},"end":{"line":123,"column":74}},"locations":[{"start":{"line":123,"column":41},"end":{"line":123,"column":74}}]},"15":{"type":"branch","line":132,"loc":{"start":{"line":132,"column":44},"end":{"line":147,"column":2}},"locations":[{"start":{"line":132,"column":44},"end":{"line":147,"column":2}}]},"16":{"type":"branch","line":154,"loc":{"start":{"line":154,"column":9},"end":{"line":157,"column":4}},"locations":[{"start":{"line":154,"column":9},"end":{"line":157,"column":4}}]},"17":{"type":"branch","line":158,"loc":{"start":{"line":158,"column":9},"end":{"line":162,"column":4}},"locations":[{"start":{"line":158,"column":9},"end":{"line":162,"column":4}}]}},"b":{"0":[4],"1":[14],"2":[4],"3":[4],"4":[14],"5":[7],"6":[12],"7":[10],"8":[4],"9":[2],"10":[2],"11":[1],"12":[1],"13":[2],"14":[2],"15":[2],"16":[1],"17":[3]},"fnMap":{"0":{"name":"namespaceId","decl":{"start":{"line":59,"column":0},"end":{"line":61,"column":1}},"loc":{"start":{"line":59,"column":0},"end":{"line":61,"column":1}},"line":59},"1":{"name":"relationMapToDigraph","decl":{"start":{"line":63,"column":7},"end":{"line":164,"column":1}},"loc":{"start":{"line":63,"column":7},"end":{"line":164,"column":1}},"line":63},"2":{"name":"toDot","decl":{"start":{"line":154,"column":9},"end":{"line":157,"column":4}},"loc":{"start":{"line":154,"column":9},"end":{"line":157,"column":4}},"line":154},"3":{"name":"toSVG","decl":{"start":{"line":158,"column":9},"end":{"line":162,"column":4}},"loc":{"start":{"line":158,"column":9},"end":{"line":162,"column":4}},"line":158}},"f":{"0":4,"1":4,"2":1,"3":3}}
}
