{"/home/runner/work/open-domain-specification/open-domain-specification/packages/doc/src/aggregate.md.ts": {"path":"/home/runner/work/open-domain-specification/open-domain-specification/packages/doc/src/aggregate.md.ts","all":false,"statementMap":{"0":{"start":{"line":1,"column":0},"end":{"line":1,"column":8}},"9":{"start":{"line":10,"column":0},"end":{"line":10,"column":49}},"10":{"start":{"line":11,"column":0},"end":{"line":11,"column":53}},"11":{"start":{"line":12,"column":0},"end":{"line":12,"column":8}},"18":{"start":{"line":19,"column":0},"end":{"line":19,"column":58}},"19":{"start":{"line":20,"column":0},"end":{"line":20,"column":16}},"20":{"start":{"line":21,"column":0},"end":{"line":21,"column":18}},"21":{"start":{"line":22,"column":0},"end":{"line":22,"column":25}},"22":{"start":{"line":23,"column":0},"end":{"line":23,"column":2}},"24":{"start":{"line":25,"column":0},"end":{"line":25,"column":43}},"25":{"start":{"line":26,"column":0},"end":{"line":26,"column":42}},"26":{"start":{"line":27,"column":0},"end":{"line":27,"column":50}},"27":{"start":{"line":28,"column":0},"end":{"line":28,"column":20}},"28":{"start":{"line":29,"column":0},"end":{"line":29,"column":2}},"30":{"start":{"line":31,"column":0},"end":{"line":31,"column":55}},"31":{"start":{"line":32,"column":0},"end":{"line":32,"column":69}},"32":{"start":{"line":33,"column":0},"end":{"line":33,"column":25}},"35":{"start":{"line":36,"column":0},"end":{"line":36,"column":52}},"36":{"start":{"line":37,"column":0},"end":{"line":37,"column":16}},"37":{"start":{"line":38,"column":0},"end":{"line":38,"column":23}},"38":{"start":{"line":39,"column":0},"end":{"line":39,"column":2}},"40":{"start":{"line":41,"column":0},"end":{"line":41,"column":58}},"41":{"start":{"line":42,"column":0},"end":{"line":42,"column":59}},"42":{"start":{"line":43,"column":0},"end":{"line":43,"column":37}},"43":{"start":{"line":44,"column":0},"end":{"line":44,"column":140}},"46":{"start":{"line":47,"column":0},"end":{"line":47,"column":73}},"47":{"start":{"line":48,"column":0},"end":{"line":48,"column":202}},"48":{"start":{"line":49,"column":0},"end":{"line":49,"column":19}},"49":{"start":{"line":50,"column":0},"end":{"line":50,"column":24}},"51":{"start":{"line":52,"column":0},"end":{"line":52,"column":70}},"53":{"start":{"line":54,"column":0},"end":{"line":54,"column":75}},"57":{"start":{"line":58,"column":0},"end":{"line":58,"column":63}},"58":{"start":{"line":59,"column":0},"end":{"line":59,"column":18}},"59":{"start":{"line":60,"column":0},"end":{"line":60,"column":36}},"60":{"start":{"line":61,"column":0},"end":{"line":61,"column":5}},"61":{"start":{"line":62,"column":0},"end":{"line":62,"column":47}},"62":{"start":{"line":63,"column":0},"end":{"line":63,"column":21}},"63":{"start":{"line":64,"column":0},"end":{"line":64,"column":24}},"64":{"start":{"line":65,"column":0},"end":{"line":65,"column":38}},"65":{"start":{"line":66,"column":0},"end":{"line":66,"column":16}},"66":{"start":{"line":67,"column":0},"end":{"line":67,"column":13}},"67":{"start":{"line":68,"column":0},"end":{"line":68,"column":13}},"68":{"start":{"line":69,"column":0},"end":{"line":69,"column":7}},"69":{"start":{"line":70,"column":0},"end":{"line":70,"column":26}},"70":{"start":{"line":71,"column":0},"end":{"line":71,"column":56}},"71":{"start":{"line":72,"column":0},"end":{"line":72,"column":25}},"72":{"start":{"line":73,"column":0},"end":{"line":73,"column":7}},"73":{"start":{"line":74,"column":0},"end":{"line":74,"column":6}},"74":{"start":{"line":75,"column":0},"end":{"line":75,"column":4}},"75":{"start":{"line":76,"column":0},"end":{"line":76,"column":6}},"76":{"start":{"line":77,"column":0},"end":{"line":77,"column":1}},"79":{"start":{"line":80,"column":0},"end":{"line":80,"column":16}},"80":{"start":{"line":81,"column":0},"end":{"line":81,"column":49}},"81":{"start":{"line":82,"column":0},"end":{"line":82,"column":66}},"82":{"start":{"line":83,"column":0},"end":{"line":83,"column":74}},"83":{"start":{"line":84,"column":0},"end":{"line":84,"column":18}},"84":{"start":{"line":85,"column":0},"end":{"line":85,"column":52}},"85":{"start":{"line":86,"column":0},"end":{"line":86,"column":14}},"86":{"start":{"line":87,"column":0},"end":{"line":87,"column":4}},"87":{"start":{"line":88,"column":0},"end":{"line":88,"column":2}},"91":{"start":{"line":92,"column":0},"end":{"line":92,"column":30}},"92":{"start":{"line":93,"column":0},"end":{"line":93,"column":18}},"93":{"start":{"line":94,"column":0},"end":{"line":94,"column":28}},"94":{"start":{"line":95,"column":0},"end":{"line":95,"column":68}},"95":{"start":{"line":96,"column":0},"end":{"line":96,"column":4}},"96":{"start":{"line":97,"column":0},"end":{"line":97,"column":22}},"97":{"start":{"line":98,"column":0},"end":{"line":98,"column":1}},"101":{"start":{"line":102,"column":0},"end":{"line":102,"column":31}},"102":{"start":{"line":103,"column":0},"end":{"line":103,"column":47}},"103":{"start":{"line":104,"column":0},"end":{"line":104,"column":64}},"104":{"start":{"line":105,"column":0},"end":{"line":105,"column":13}},"105":{"start":{"line":106,"column":0},"end":{"line":106,"column":23}},"106":{"start":{"line":107,"column":0},"end":{"line":107,"column":1}},"110":{"start":{"line":111,"column":0},"end":{"line":111,"column":34}},"111":{"start":{"line":112,"column":0},"end":{"line":112,"column":48}},"112":{"start":{"line":113,"column":0},"end":{"line":113,"column":67}},"113":{"start":{"line":114,"column":0},"end":{"line":114,"column":13}},"114":{"start":{"line":115,"column":0},"end":{"line":115,"column":24}},"115":{"start":{"line":116,"column":0},"end":{"line":116,"column":1}}},"s":{"0":1,"9":1,"10":1,"11":1,"18":1,"19":0,"20":0,"21":0,"22":0,"24":1,"25":0,"26":0,"27":0,"28":0,"30":1,"31":0,"32":0,"35":1,"36":0,"37":0,"38":0,"40":1,"41":0,"42":0,"43":0,"46":1,"47":1,"48":1,"49":1,"51":1,"53":1,"57":1,"58":0,"59":0,"60":0,"61":0,"62":0,"63":0,"64":0,"65":0,"66":0,"67":0,"68":0,"69":0,"70":0,"71":0,"72":0,"73":0,"74":0,"75":1,"76":1,"79":1,"80":1,"81":1,"82":0,"83":0,"84":0,"85":0,"86":1,"87":1,"91":1,"92":0,"93":0,"94":0,"95":0,"96":1,"97":1,"101":1,"102":0,"103":0,"104":0,"105":1,"106":1,"110":1,"111":0,"112":0,"113":0,"114":1,"115":1},"branchMap":{"0":{"type":"branch","line":47,"loc":{"start":{"line":47,"column":27},"end":{"line":116,"column":1}},"locations":[{"start":{"line":47,"column":27},"end":{"line":116,"column":1}}]},"1":{"type":"branch","line":48,"loc":{"start":{"line":48,"column":2},"end":{"line":48,"column":25}},"locations":[{"start":{"line":48,"column":2},"end":{"line":48,"column":25}}]},"2":{"type":"branch","line":48,"loc":{"start":{"line":48,"column":11},"end":{"line":48,"column":199}},"locations":[{"start":{"line":48,"column":11},"end":{"line":48,"column":199}}]},"3":{"type":"branch","line":58,"loc":{"start":{"line":58,"column":62},"end":{"line":75,"column":4}},"locations":[{"start":{"line":58,"column":62},"end":{"line":75,"column":4}}]},"4":{"type":"branch","line":92,"loc":{"start":{"line":92,"column":29},"end":{"line":96,"column":4}},"locations":[{"start":{"line":92,"column":29},"end":{"line":96,"column":4}}]},"5":{"type":"branch","line":102,"loc":{"start":{"line":102,"column":30},"end":{"line":105,"column":13}},"locations":[{"start":{"line":102,"column":30},"end":{"line":105,"column":13}}]},"6":{"type":"branch","line":111,"loc":{"start":{"line":111,"column":33},"end":{"line":114,"column":13}},"locations":[{"start":{"line":111,"column":33},"end":{"line":114,"column":13}}]}},"b":{"0":[1],"1":[0],"2":[0],"3":[0],"4":[0],"5":[0],"6":[0]},"fnMap":{"0":{"name":"valueObjectSection","decl":{"start":{"line":19,"column":27},"end":{"line":23,"column":2}},"loc":{"start":{"line":19,"column":27},"end":{"line":23,"column":2}},"line":19},"1":{"name":"entitySection","decl":{"start":{"line":25,"column":22},"end":{"line":29,"column":2}},"loc":{"start":{"line":25,"column":22},"end":{"line":29,"column":2}},"line":25},"2":{"name":"consumableSection","decl":{"start":{"line":31,"column":26},"end":{"line":33,"column":25}},"loc":{"start":{"line":31,"column":26},"end":{"line":33,"column":25}},"line":31},"3":{"name":"invariantSection","decl":{"start":{"line":36,"column":25},"end":{"line":39,"column":2}},"loc":{"start":{"line":36,"column":25},"end":{"line":39,"column":2}},"line":36},"4":{"name":"consumptionSection","decl":{"start":{"line":41,"column":27},"end":{"line":44,"column":140}},"loc":{"start":{"line":41,"column":27},"end":{"line":44,"column":140}},"line":41},"5":{"name":"aggergateMd","decl":{"start":{"line":47,"column":27},"end":{"line":116,"column":1}},"loc":{"start":{"line":47,"column":27},"end":{"line":116,"column":1}},"line":47}},"f":{"0":0,"1":0,"2":0,"3":0,"4":0,"5":1}}
,"/home/runner/work/open-domain-specification/open-domain-specification/packages/doc/src/boundedcontext.md.ts": {"path":"/home/runner/work/open-domain-specification/open-domain-specification/packages/doc/src/boundedcontext.md.ts","all":false,"statementMap":{"0":{"start":{"line":1,"column":0},"end":{"line":1,"column":8}},"7":{"start":{"line":8,"column":0},"end":{"line":8,"column":49}},"8":{"start":{"line":9,"column":0},"end":{"line":9,"column":53}},"9":{"start":{"line":10,"column":0},"end":{"line":10,"column":8}},"16":{"start":{"line":17,"column":0},"end":{"line":17,"column":52}},"17":{"start":{"line":18,"column":0},"end":{"line":18,"column":88}},"18":{"start":{"line":19,"column":0},"end":{"line":19,"column":24}},"22":{"start":{"line":23,"column":0},"end":{"line":23,"column":46}},"23":{"start":{"line":24,"column":0},"end":{"line":24,"column":82}},"24":{"start":{"line":25,"column":0},"end":{"line":25,"column":22}},"28":{"start":{"line":29,"column":0},"end":{"line":29,"column":33}},"29":{"start":{"line":30,"column":0},"end":{"line":30,"column":32}},"30":{"start":{"line":31,"column":0},"end":{"line":31,"column":19}},"31":{"start":{"line":32,"column":0},"end":{"line":32,"column":6}},"32":{"start":{"line":33,"column":0},"end":{"line":33,"column":162}},"33":{"start":{"line":34,"column":0},"end":{"line":34,"column":24}},"34":{"start":{"line":35,"column":0},"end":{"line":35,"column":29}},"36":{"start":{"line":37,"column":0},"end":{"line":37,"column":79}},"40":{"start":{"line":41,"column":0},"end":{"line":41,"column":35}},"41":{"start":{"line":42,"column":0},"end":{"line":42,"column":51}},"42":{"start":{"line":43,"column":0},"end":{"line":43,"column":61}},"43":{"start":{"line":44,"column":0},"end":{"line":44,"column":13}},"44":{"start":{"line":45,"column":0},"end":{"line":45,"column":22}},"45":{"start":{"line":46,"column":0},"end":{"line":46,"column":1}},"49":{"start":{"line":50,"column":0},"end":{"line":50,"column":33}},"50":{"start":{"line":51,"column":0},"end":{"line":51,"column":49}},"51":{"start":{"line":52,"column":0},"end":{"line":52,"column":55}},"52":{"start":{"line":53,"column":0},"end":{"line":53,"column":13}},"53":{"start":{"line":54,"column":0},"end":{"line":54,"column":20}},"54":{"start":{"line":55,"column":0},"end":{"line":55,"column":1}},"57":{"start":{"line":58,"column":0},"end":{"line":58,"column":16}},"58":{"start":{"line":59,"column":0},"end":{"line":59,"column":70}},"59":{"start":{"line":60,"column":0},"end":{"line":60,"column":73}},"60":{"start":{"line":61,"column":0},"end":{"line":61,"column":11}},"61":{"start":{"line":62,"column":0},"end":{"line":62,"column":84}},"62":{"start":{"line":63,"column":0},"end":{"line":63,"column":14}},"63":{"start":{"line":64,"column":0},"end":{"line":64,"column":31}},"64":{"start":{"line":65,"column":0},"end":{"line":65,"column":22}},"65":{"start":{"line":66,"column":0},"end":{"line":66,"column":25}},"66":{"start":{"line":67,"column":0},"end":{"line":67,"column":4}},"67":{"start":{"line":68,"column":0},"end":{"line":68,"column":3}},"68":{"start":{"line":69,"column":0},"end":{"line":69,"column":2}}},"s":{"0":1,"7":1,"8":1,"9":1,"16":1,"17":1,"18":1,"22":1,"23":1,"24":1,"28":1,"29":1,"30":1,"31":1,"32":1,"33":1,"34":1,"36":1,"40":1,"41":1,"42":1,"43":1,"44":0,"45":1,"49":1,"50":1,"51":1,"52":1,"53":0,"54":1,"57":1,"58":1,"59":1,"60":1,"61":0,"62":0,"63":0,"64":0,"65":0,"66":0,"67":1,"68":1},"branchMap":{"0":{"type":"branch","line":17,"loc":{"start":{"line":17,"column":25},"end":{"line":19,"column":24}},"locations":[{"start":{"line":17,"column":25},"end":{"line":19,"column":24}}]},"1":{"type":"branch","line":23,"loc":{"start":{"line":23,"column":23},"end":{"line":25,"column":22}},"locations":[{"start":{"line":23,"column":23},"end":{"line":25,"column":22}}]},"2":{"type":"branch","line":29,"loc":{"start":{"line":29,"column":32},"end":{"line":69,"column":2}},"locations":[{"start":{"line":29,"column":32},"end":{"line":69,"column":2}}]},"3":{"type":"branch","line":33,"loc":{"start":{"line":33,"column":2},"end":{"line":33,"column":25}},"locations":[{"start":{"line":33,"column":2},"end":{"line":33,"column":25}}]},"4":{"type":"branch","line":33,"loc":{"start":{"line":33,"column":11},"end":{"line":33,"column":159}},"locations":[{"start":{"line":33,"column":11},"end":{"line":33,"column":159}}]},"5":{"type":"branch","line":44,"loc":{"start":{"line":44,"column":12},"end":{"line":45,"column":22}},"locations":[{"start":{"line":44,"column":12},"end":{"line":45,"column":22}}]},"6":{"type":"branch","line":53,"loc":{"start":{"line":53,"column":12},"end":{"line":54,"column":20}},"locations":[{"start":{"line":53,"column":12},"end":{"line":54,"column":20}}]},"7":{"type":"branch","line":43,"loc":{"start":{"line":43,"column":9},"end":{"line":43,"column":60}},"locations":[{"start":{"line":43,"column":9},"end":{"line":43,"column":60}}]},"8":{"type":"branch","line":52,"loc":{"start":{"line":52,"column":9},"end":{"line":52,"column":54}},"locations":[{"start":{"line":52,"column":9},"end":{"line":52,"column":54}}]}},"b":{"0":[1],"1":[1],"2":[1],"3":[0],"4":[0],"5":[0],"6":[0],"7":[1],"8":[1]},"fnMap":{"0":{"name":"aggregateSection","decl":{"start":{"line":17,"column":25},"end":{"line":19,"column":24}},"loc":{"start":{"line":17,"column":25},"end":{"line":19,"column":24}},"line":17},"1":{"name":"serviceSection","decl":{"start":{"line":23,"column":23},"end":{"line":25,"column":22}},"loc":{"start":{"line":23,"column":23},"end":{"line":25,"column":22}},"line":23},"2":{"name":"boundedcontextMd","decl":{"start":{"line":29,"column":32},"end":{"line":69,"column":2}},"loc":{"start":{"line":29,"column":32},"end":{"line":69,"column":2}},"line":29}},"f":{"0":1,"1":1,"2":1}}
,"/home/runner/work/open-domain-specification/open-domain-specification/packages/doc/src/breadcrumbs.md.ts": {"path":"/home/runner/work/open-domain-specification/open-domain-specification/packages/doc/src/breadcrumbs.md.ts","all":false,"statementMap":{"6":{"start":{"line":7,"column":0},"end":{"line":7,"column":44}},"8":{"start":{"line":9,"column":0},"end":{"line":9,"column":30}},"9":{"start":{"line":10,"column":0},"end":{"line":10,"column":22}},"10":{"start":{"line":11,"column":0},"end":{"line":11,"column":17}},"11":{"start":{"line":12,"column":0},"end":{"line":12,"column":23}},"12":{"start":{"line":13,"column":0},"end":{"line":13,"column":33}},"13":{"start":{"line":14,"column":0},"end":{"line":14,"column":6}},"14":{"start":{"line":15,"column":0},"end":{"line":15,"column":24}},"16":{"start":{"line":17,"column":0},"end":{"line":17,"column":20}},"17":{"start":{"line":18,"column":0},"end":{"line":18,"column":76}},"19":{"start":{"line":20,"column":0},"end":{"line":20,"column":18}},"20":{"start":{"line":21,"column":0},"end":{"line":21,"column":71}},"21":{"start":{"line":22,"column":0},"end":{"line":22,"column":3}},"23":{"start":{"line":24,"column":0},"end":{"line":24,"column":14}},"24":{"start":{"line":25,"column":0},"end":{"line":25,"column":19}},"25":{"start":{"line":26,"column":0},"end":{"line":26,"column":66}},"26":{"start":{"line":27,"column":0},"end":{"line":27,"column":4}},"27":{"start":{"line":28,"column":0},"end":{"line":28,"column":2}},"29":{"start":{"line":30,"column":0},"end":{"line":30,"column":17}},"30":{"start":{"line":31,"column":0},"end":{"line":31,"column":19}},"31":{"start":{"line":32,"column":0},"end":{"line":32,"column":72}},"32":{"start":{"line":33,"column":0},"end":{"line":33,"column":4}},"33":{"start":{"line":34,"column":0},"end":{"line":34,"column":2}},"35":{"start":{"line":36,"column":0},"end":{"line":36,"column":22}},"36":{"start":{"line":37,"column":0},"end":{"line":37,"column":19}},"37":{"start":{"line":38,"column":0},"end":{"line":38,"column":82}},"38":{"start":{"line":39,"column":0},"end":{"line":39,"column":4}},"39":{"start":{"line":40,"column":0},"end":{"line":40,"column":2}},"41":{"start":{"line":42,"column":0},"end":{"line":42,"column":41}},"42":{"start":{"line":43,"column":0},"end":{"line":43,"column":2}}},"s":{"6":1,"8":1,"9":1,"10":1,"11":1,"12":1,"13":1,"14":1,"16":1,"17":1,"19":1,"20":1,"21":1,"23":1,"24":0,"25":0,"26":0,"27":0,"29":1,"30":0,"31":0,"32":0,"33":0,"35":1,"36":0,"37":0,"38":0,"39":0,"41":1,"42":1},"branchMap":{"0":{"type":"branch","line":9,"loc":{"start":{"line":9,"column":29},"end":{"line":43,"column":2}},"locations":[{"start":{"line":9,"column":29},"end":{"line":43,"column":2}}]},"1":{"type":"branch","line":18,"loc":{"start":{"line":18,"column":2},"end":{"line":18,"column":26}},"locations":[{"start":{"line":18,"column":2},"end":{"line":18,"column":26}}]},"2":{"type":"branch","line":18,"loc":{"start":{"line":18,"column":26},"end":{"line":18,"column":45}},"locations":[{"start":{"line":18,"column":26},"end":{"line":18,"column":45}}]},"3":{"type":"branch","line":18,"loc":{"start":{"line":18,"column":45},"end":{"line":18,"column":61}},"locations":[{"start":{"line":18,"column":45},"end":{"line":18,"column":61}}]},"4":{"type":"branch","line":24,"loc":{"start":{"line":24,"column":13},"end":{"line":28,"column":2}},"locations":[{"start":{"line":24,"column":13},"end":{"line":28,"column":2}}]},"5":{"type":"branch","line":30,"loc":{"start":{"line":30,"column":16},"end":{"line":34,"column":2}},"locations":[{"start":{"line":30,"column":16},"end":{"line":34,"column":2}}]},"6":{"type":"branch","line":36,"loc":{"start":{"line":36,"column":21},"end":{"line":40,"column":2}},"locations":[{"start":{"line":36,"column":21},"end":{"line":40,"column":2}}]}},"b":{"0":[1],"1":[0],"2":[0],"3":[0],"4":[0],"5":[0],"6":[0]},"fnMap":{"0":{"name":"breadcrumbsMd","decl":{"start":{"line":9,"column":29},"end":{"line":43,"column":2}},"loc":{"start":{"line":9,"column":29},"end":{"line":43,"column":2}},"line":9}},"f":{"0":1}}
,"/home/runner/work/open-domain-specification/open-domain-specification/packages/doc/src/domain.md.ts": {"path":"/home/runner/work/open-domain-specification/open-domain-specification/packages/doc/src/domain.md.ts","all":false,"statementMap":{"0":{"start":{"line":1,"column":0},"end":{"line":1,"column":8}},"5":{"start":{"line":6,"column":0},"end":{"line":6,"column":49}},"6":{"start":{"line":7,"column":0},"end":{"line":7,"column":53}},"7":{"start":{"line":8,"column":0},"end":{"line":8,"column":65}},"10":{"start":{"line":11,"column":0},"end":{"line":11,"column":52}},"11":{"start":{"line":12,"column":0},"end":{"line":12,"column":80}},"12":{"start":{"line":13,"column":0},"end":{"line":13,"column":24}},"16":{"start":{"line":17,"column":0},"end":{"line":17,"column":64}},"17":{"start":{"line":18,"column":0},"end":{"line":18,"column":70}},"19":{"start":{"line":20,"column":0},"end":{"line":20,"column":33}},"20":{"start":{"line":21,"column":0},"end":{"line":21,"column":21}},"22":{"start":{"line":23,"column":0},"end":{"line":23,"column":63}},"26":{"start":{"line":27,"column":0},"end":{"line":27,"column":27}},"27":{"start":{"line":28,"column":0},"end":{"line":28,"column":43}},"28":{"start":{"line":29,"column":0},"end":{"line":29,"column":61}},"29":{"start":{"line":30,"column":0},"end":{"line":30,"column":13}},"30":{"start":{"line":31,"column":0},"end":{"line":31,"column":22}},"31":{"start":{"line":32,"column":0},"end":{"line":32,"column":1}},"34":{"start":{"line":35,"column":0},"end":{"line":35,"column":16}},"35":{"start":{"line":36,"column":0},"end":{"line":36,"column":70}},"36":{"start":{"line":37,"column":0},"end":{"line":37,"column":66}},"37":{"start":{"line":38,"column":0},"end":{"line":38,"column":75}},"38":{"start":{"line":39,"column":0},"end":{"line":39,"column":13}},"39":{"start":{"line":40,"column":0},"end":{"line":40,"column":30}},"40":{"start":{"line":41,"column":0},"end":{"line":41,"column":21}},"41":{"start":{"line":42,"column":0},"end":{"line":42,"column":24}},"42":{"start":{"line":43,"column":0},"end":{"line":43,"column":4}},"43":{"start":{"line":44,"column":0},"end":{"line":44,"column":2}}},"s":{"0":1,"5":1,"6":1,"7":1,"10":1,"11":2,"12":2,"16":1,"17":2,"19":2,"20":2,"22":2,"26":2,"27":2,"28":2,"29":2,"30":0,"31":2,"34":2,"35":2,"36":2,"37":0,"38":0,"39":0,"40":0,"41":0,"42":2,"43":2},"branchMap":{"0":{"type":"branch","line":11,"loc":{"start":{"line":11,"column":25},"end":{"line":13,"column":24}},"locations":[{"start":{"line":11,"column":25},"end":{"line":13,"column":24}}]},"1":{"type":"branch","line":17,"loc":{"start":{"line":17,"column":24},"end":{"line":44,"column":2}},"locations":[{"start":{"line":17,"column":24},"end":{"line":44,"column":2}}]},"2":{"type":"branch","line":18,"loc":{"start":{"line":18,"column":2},"end":{"line":18,"column":25}},"locations":[{"start":{"line":18,"column":2},"end":{"line":18,"column":25}}]},"3":{"type":"branch","line":18,"loc":{"start":{"line":18,"column":11},"end":{"line":18,"column":67}},"locations":[{"start":{"line":18,"column":11},"end":{"line":18,"column":67}}]},"4":{"type":"branch","line":30,"loc":{"start":{"line":30,"column":12},"end":{"line":31,"column":22}},"locations":[{"start":{"line":30,"column":12},"end":{"line":31,"column":22}}]},"5":{"type":"branch","line":29,"loc":{"start":{"line":29,"column":9},"end":{"line":29,"column":60}},"locations":[{"start":{"line":29,"column":9},"end":{"line":29,"column":60}}]}},"b":{"0":[2],"1":[2],"2":[0],"3":[0],"4":[0],"5":[2]},"fnMap":{"0":{"name":"subdomainSection","decl":{"start":{"line":11,"column":25},"end":{"line":13,"column":24}},"loc":{"start":{"line":11,"column":25},"end":{"line":13,"column":24}},"line":11},"1":{"name":"domainMd","decl":{"start":{"line":17,"column":24},"end":{"line":44,"column":2}},"loc":{"start":{"line":17,"column":24},"end":{"line":44,"column":2}},"line":17}},"f":{"0":2,"1":2}}
,"/home/runner/work/open-domain-specification/open-domain-specification/packages/doc/src/index.ts": {"path":"/home/runner/work/open-domain-specification/open-domain-specification/packages/doc/src/index.ts","all":false,"statementMap":{"0":{"start":{"line":1,"column":0},"end":{"line":1,"column":8}},"6":{"start":{"line":7,"column":0},"end":{"line":7,"column":8}},"11":{"start":{"line":12,"column":0},"end":{"line":12,"column":45}},"12":{"start":{"line":13,"column":0},"end":{"line":13,"column":55}},"13":{"start":{"line":14,"column":0},"end":{"line":14,"column":39}},"14":{"start":{"line":15,"column":0},"end":{"line":15,"column":8}},"21":{"start":{"line":22,"column":0},"end":{"line":22,"column":41}},"22":{"start":{"line":23,"column":0},"end":{"line":23,"column":45}},"23":{"start":{"line":24,"column":0},"end":{"line":24,"column":45}},"25":{"start":{"line":26,"column":0},"end":{"line":26,"column":28}},"26":{"start":{"line":27,"column":0},"end":{"line":27,"column":22}},"27":{"start":{"line":28,"column":0},"end":{"line":28,"column":19}},"28":{"start":{"line":29,"column":0},"end":{"line":29,"column":36}},"29":{"start":{"line":30,"column":0},"end":{"line":30,"column":41}},"30":{"start":{"line":31,"column":0},"end":{"line":31,"column":30}},"32":{"start":{"line":33,"column":0},"end":{"line":33,"column":71}},"34":{"start":{"line":35,"column":0},"end":{"line":35,"column":71}},"35":{"start":{"line":36,"column":0},"end":{"line":36,"column":41}},"36":{"start":{"line":37,"column":0},"end":{"line":37,"column":11}},"38":{"start":{"line":39,"column":0},"end":{"line":39,"column":74}},"40":{"start":{"line":41,"column":0},"end":{"line":41,"column":57}},"41":{"start":{"line":42,"column":0},"end":{"line":42,"column":54}},"43":{"start":{"line":44,"column":0},"end":{"line":44,"column":69}},"44":{"start":{"line":45,"column":0},"end":{"line":45,"column":36}},"45":{"start":{"line":46,"column":0},"end":{"line":46,"column":12}},"47":{"start":{"line":48,"column":0},"end":{"line":48,"column":71}},"49":{"start":{"line":50,"column":0},"end":{"line":50,"column":61}},"50":{"start":{"line":51,"column":0},"end":{"line":51,"column":73}},"52":{"start":{"line":53,"column":0},"end":{"line":53,"column":73}},"53":{"start":{"line":54,"column":0},"end":{"line":54,"column":43}},"54":{"start":{"line":55,"column":0},"end":{"line":55,"column":13}},"56":{"start":{"line":57,"column":0},"end":{"line":57,"column":16}},"57":{"start":{"line":58,"column":0},"end":{"line":58,"column":67}},"58":{"start":{"line":59,"column":0},"end":{"line":59,"column":5}},"60":{"start":{"line":61,"column":0},"end":{"line":61,"column":75}},"61":{"start":{"line":62,"column":0},"end":{"line":62,"column":64}},"62":{"start":{"line":63,"column":0},"end":{"line":63,"column":20}},"63":{"start":{"line":64,"column":0},"end":{"line":64,"column":13}},"64":{"start":{"line":65,"column":0},"end":{"line":65,"column":6}},"66":{"start":{"line":67,"column":0},"end":{"line":67,"column":52}},"67":{"start":{"line":68,"column":0},"end":{"line":68,"column":31}},"68":{"start":{"line":69,"column":0},"end":{"line":69,"column":55}},"69":{"start":{"line":70,"column":0},"end":{"line":70,"column":15}},"71":{"start":{"line":72,"column":0},"end":{"line":72,"column":17}},"72":{"start":{"line":73,"column":0},"end":{"line":73,"column":80}},"73":{"start":{"line":74,"column":0},"end":{"line":74,"column":6}},"75":{"start":{"line":76,"column":0},"end":{"line":76,"column":67}},"76":{"start":{"line":77,"column":0},"end":{"line":77,"column":69}},"77":{"start":{"line":78,"column":0},"end":{"line":78,"column":18}},"78":{"start":{"line":79,"column":0},"end":{"line":79,"column":69}},"79":{"start":{"line":80,"column":0},"end":{"line":80,"column":7}},"81":{"start":{"line":82,"column":0},"end":{"line":82,"column":49}},"82":{"start":{"line":83,"column":0},"end":{"line":83,"column":35}},"83":{"start":{"line":84,"column":0},"end":{"line":84,"column":45}},"84":{"start":{"line":85,"column":0},"end":{"line":85,"column":16}},"85":{"start":{"line":86,"column":0},"end":{"line":86,"column":5}},"87":{"start":{"line":88,"column":0},"end":{"line":88,"column":71}},"88":{"start":{"line":89,"column":0},"end":{"line":89,"column":75}},"89":{"start":{"line":90,"column":0},"end":{"line":90,"column":18}},"90":{"start":{"line":91,"column":0},"end":{"line":91,"column":73}},"91":{"start":{"line":92,"column":0},"end":{"line":92,"column":7}},"93":{"start":{"line":94,"column":0},"end":{"line":94,"column":49}},"94":{"start":{"line":95,"column":0},"end":{"line":95,"column":33}},"95":{"start":{"line":96,"column":0},"end":{"line":96,"column":47}},"96":{"start":{"line":97,"column":0},"end":{"line":97,"column":16}},"98":{"start":{"line":99,"column":0},"end":{"line":99,"column":51}},"99":{"start":{"line":100,"column":0},"end":{"line":100,"column":35}},"100":{"start":{"line":101,"column":0},"end":{"line":101,"column":49}},"101":{"start":{"line":102,"column":0},"end":{"line":102,"column":16}},"102":{"start":{"line":103,"column":0},"end":{"line":103,"column":5}},"103":{"start":{"line":104,"column":0},"end":{"line":104,"column":4}},"104":{"start":{"line":105,"column":0},"end":{"line":105,"column":3}},"105":{"start":{"line":106,"column":0},"end":{"line":106,"column":2}},"107":{"start":{"line":108,"column":0},"end":{"line":108,"column":42}},"109":{"start":{"line":110,"column":0},"end":{"line":110,"column":13}},"110":{"start":{"line":111,"column":0},"end":{"line":111,"column":1}}},"s":{"0":1,"6":1,"11":1,"12":1,"13":1,"14":1,"21":1,"22":1,"23":1,"25":4,"26":4,"27":4,"28":4,"29":4,"30":4,"32":4,"34":4,"35":4,"36":4,"38":4,"40":4,"41":2,"43":2,"44":2,"45":2,"47":2,"49":2,"50":2,"52":2,"53":2,"54":2,"56":2,"57":2,"58":2,"60":2,"61":1,"62":1,"63":1,"64":1,"66":1,"67":1,"68":1,"69":1,"71":1,"72":1,"73":1,"75":1,"76":1,"77":1,"78":1,"79":1,"81":1,"82":1,"83":1,"84":1,"85":1,"87":1,"88":1,"89":1,"90":1,"91":1,"93":1,"94":1,"95":1,"96":1,"98":1,"99":1,"100":1,"101":1,"102":1,"103":1,"104":2,"105":2,"107":4,"109":4,"110":4},"branchMap":{"0":{"type":"branch","line":26,"loc":{"start":{"line":26,"column":0},"end":{"line":111,"column":1}},"locations":[{"start":{"line":26,"column":0},"end":{"line":111,"column":1}}]},"1":{"type":"branch","line":41,"loc":{"start":{"line":41,"column":56},"end":{"line":106,"column":2}},"locations":[{"start":{"line":41,"column":56},"end":{"line":106,"column":2}}]},"2":{"type":"branch","line":61,"loc":{"start":{"line":61,"column":74},"end":{"line":104,"column":4}},"locations":[{"start":{"line":61,"column":74},"end":{"line":104,"column":4}}]}},"b":{"0":[4],"1":[2],"2":[1]},"fnMap":{"0":{"name":"toDoc","decl":{"start":{"line":26,"column":0},"end":{"line":111,"column":1}},"loc":{"start":{"line":26,"column":0},"end":{"line":111,"column":1}},"line":26}},"f":{"0":4}}
,"/home/runner/work/open-domain-specification/open-domain-specification/packages/doc/src/options.ts": {"path":"/home/runner/work/open-domain-specification/open-domain-specification/packages/doc/src/options.ts","all":true,"statementMap":{},"s":{},"branchMap":{"0":{"type":"branch","line":1,"loc":{"start":{"line":1,"column":50},"end":{"line":3,"column":2}},"locations":[{"start":{"line":1,"column":50},"end":{"line":3,"column":2}}]}},"b":{"0":[1]},"fnMap":{"0":{"name":"(empty-report)","decl":{"start":{"line":1,"column":50},"end":{"line":3,"column":2}},"loc":{"start":{"line":1,"column":50},"end":{"line":3,"column":2}},"line":1}},"f":{"0":1}}
,"/home/runner/work/open-domain-specification/open-domain-specification/packages/doc/src/service.md.ts": {"path":"/home/runner/work/open-domain-specification/open-domain-specification/packages/doc/src/service.md.ts","all":false,"statementMap":{"5":{"start":{"line":6,"column":0},"end":{"line":6,"column":49}},"6":{"start":{"line":7,"column":0},"end":{"line":7,"column":68}},"9":{"start":{"line":10,"column":0},"end":{"line":10,"column":55}},"10":{"start":{"line":11,"column":0},"end":{"line":11,"column":69}},"11":{"start":{"line":12,"column":0},"end":{"line":12,"column":25}},"14":{"start":{"line":15,"column":0},"end":{"line":15,"column":58}},"15":{"start":{"line":16,"column":0},"end":{"line":16,"column":59}},"16":{"start":{"line":17,"column":0},"end":{"line":17,"column":37}},"17":{"start":{"line":18,"column":0},"end":{"line":18,"column":140}},"20":{"start":{"line":21,"column":0},"end":{"line":21,"column":67}},"21":{"start":{"line":22,"column":0},"end":{"line":22,"column":194}},"23":{"start":{"line":24,"column":0},"end":{"line":24,"column":17}},"24":{"start":{"line":25,"column":0},"end":{"line":25,"column":22}},"26":{"start":{"line":27,"column":0},"end":{"line":27,"column":71}},"30":{"start":{"line":31,"column":0},"end":{"line":31,"column":29}},"31":{"start":{"line":32,"column":0},"end":{"line":32,"column":45}},"32":{"start":{"line":33,"column":0},"end":{"line":33,"column":64}},"33":{"start":{"line":34,"column":0},"end":{"line":34,"column":13}},"34":{"start":{"line":35,"column":0},"end":{"line":35,"column":23}},"35":{"start":{"line":36,"column":0},"end":{"line":36,"column":1}},"39":{"start":{"line":40,"column":0},"end":{"line":40,"column":32}},"40":{"start":{"line":41,"column":0},"end":{"line":41,"column":46}},"41":{"start":{"line":42,"column":0},"end":{"line":42,"column":67}},"42":{"start":{"line":43,"column":0},"end":{"line":43,"column":13}},"43":{"start":{"line":44,"column":0},"end":{"line":44,"column":24}},"44":{"start":{"line":45,"column":0},"end":{"line":45,"column":1}}},"s":{"5":1,"6":1,"9":1,"10":0,"11":0,"14":1,"15":0,"16":0,"17":0,"20":1,"21":1,"23":1,"24":1,"26":1,"30":1,"31":0,"32":0,"33":0,"34":1,"35":1,"39":1,"40":0,"41":0,"42":0,"43":1,"44":1},"branchMap":{"0":{"type":"branch","line":21,"loc":{"start":{"line":21,"column":25},"end":{"line":45,"column":1}},"locations":[{"start":{"line":21,"column":25},"end":{"line":45,"column":1}}]},"1":{"type":"branch","line":22,"loc":{"start":{"line":22,"column":2},"end":{"line":22,"column":25}},"locations":[{"start":{"line":22,"column":2},"end":{"line":22,"column":25}}]},"2":{"type":"branch","line":22,"loc":{"start":{"line":22,"column":11},"end":{"line":22,"column":191}},"locations":[{"start":{"line":22,"column":11},"end":{"line":22,"column":191}}]},"3":{"type":"branch","line":31,"loc":{"start":{"line":31,"column":28},"end":{"line":34,"column":13}},"locations":[{"start":{"line":31,"column":28},"end":{"line":34,"column":13}}]},"4":{"type":"branch","line":40,"loc":{"start":{"line":40,"column":31},"end":{"line":43,"column":13}},"locations":[{"start":{"line":40,"column":31},"end":{"line":43,"column":13}}]}},"b":{"0":[1],"1":[0],"2":[0],"3":[0],"4":[0]},"fnMap":{"0":{"name":"consumableSection","decl":{"start":{"line":10,"column":26},"end":{"line":12,"column":25}},"loc":{"start":{"line":10,"column":26},"end":{"line":12,"column":25}},"line":10},"1":{"name":"consumptionSection","decl":{"start":{"line":15,"column":27},"end":{"line":18,"column":140}},"loc":{"start":{"line":15,"column":27},"end":{"line":18,"column":140}},"line":15},"2":{"name":"serviceMd","decl":{"start":{"line":21,"column":25},"end":{"line":45,"column":1}},"loc":{"start":{"line":21,"column":25},"end":{"line":45,"column":1}},"line":21}},"f":{"0":0,"1":0,"2":1}}
,"/home/runner/work/open-domain-specification/open-domain-specification/packages/doc/src/subdomain.md.ts": {"path":"/home/runner/work/open-domain-specification/open-domain-specification/packages/doc/src/subdomain.md.ts","all":false,"statementMap":{"0":{"start":{"line":1,"column":0},"end":{"line":1,"column":8}},"5":{"start":{"line":6,"column":0},"end":{"line":6,"column":49}},"6":{"start":{"line":7,"column":0},"end":{"line":7,"column":53}},"7":{"start":{"line":8,"column":0},"end":{"line":8,"column":65}},"10":{"start":{"line":11,"column":0},"end":{"line":11,"column":67}},"11":{"start":{"line":12,"column":0},"end":{"line":12,"column":98}},"12":{"start":{"line":13,"column":0},"end":{"line":13,"column":29}},"16":{"start":{"line":17,"column":0},"end":{"line":17,"column":73}},"17":{"start":{"line":18,"column":0},"end":{"line":18,"column":101}},"18":{"start":{"line":19,"column":0},"end":{"line":19,"column":19}},"19":{"start":{"line":20,"column":0},"end":{"line":20,"column":24}},"21":{"start":{"line":22,"column":0},"end":{"line":22,"column":69}},"25":{"start":{"line":26,"column":0},"end":{"line":26,"column":35}},"26":{"start":{"line":27,"column":0},"end":{"line":27,"column":51}},"27":{"start":{"line":28,"column":0},"end":{"line":28,"column":76}},"28":{"start":{"line":29,"column":0},"end":{"line":29,"column":13}},"29":{"start":{"line":30,"column":0},"end":{"line":30,"column":28}},"30":{"start":{"line":31,"column":0},"end":{"line":31,"column":1}},"33":{"start":{"line":34,"column":0},"end":{"line":34,"column":16}},"34":{"start":{"line":35,"column":0},"end":{"line":35,"column":70}},"35":{"start":{"line":36,"column":0},"end":{"line":36,"column":72}},"36":{"start":{"line":37,"column":0},"end":{"line":37,"column":78}},"37":{"start":{"line":38,"column":0},"end":{"line":38,"column":13}},"38":{"start":{"line":39,"column":0},"end":{"line":39,"column":30}},"39":{"start":{"line":40,"column":0},"end":{"line":40,"column":21}},"40":{"start":{"line":41,"column":0},"end":{"line":41,"column":24}},"41":{"start":{"line":42,"column":0},"end":{"line":42,"column":4}},"42":{"start":{"line":43,"column":0},"end":{"line":43,"column":3}}},"s":{"0":1,"5":1,"6":1,"7":1,"10":1,"11":1,"12":1,"16":1,"17":2,"18":2,"19":2,"21":2,"25":2,"26":1,"27":1,"28":1,"29":1,"30":2,"33":2,"34":2,"35":2,"36":0,"37":0,"38":0,"39":0,"40":0,"41":2,"42":2},"branchMap":{"0":{"type":"branch","line":11,"loc":{"start":{"line":11,"column":30},"end":{"line":13,"column":29}},"locations":[{"start":{"line":11,"column":30},"end":{"line":13,"column":29}}]},"1":{"type":"branch","line":17,"loc":{"start":{"line":17,"column":27},"end":{"line":43,"column":3}},"locations":[{"start":{"line":17,"column":27},"end":{"line":43,"column":3}}]},"2":{"type":"branch","line":18,"loc":{"start":{"line":18,"column":2},"end":{"line":18,"column":25}},"locations":[{"start":{"line":18,"column":2},"end":{"line":18,"column":25}}]},"3":{"type":"branch","line":18,"loc":{"start":{"line":18,"column":11},"end":{"line":18,"column":98}},"locations":[{"start":{"line":18,"column":11},"end":{"line":18,"column":98}}]},"4":{"type":"branch","line":26,"loc":{"start":{"line":26,"column":34},"end":{"line":29,"column":13}},"locations":[{"start":{"line":26,"column":34},"end":{"line":29,"column":13}}]},"5":{"type":"branch","line":29,"loc":{"start":{"line":29,"column":12},"end":{"line":30,"column":28}},"locations":[{"start":{"line":29,"column":12},"end":{"line":30,"column":28}}]},"6":{"type":"branch","line":28,"loc":{"start":{"line":28,"column":9},"end":{"line":28,"column":75}},"locations":[{"start":{"line":28,"column":9},"end":{"line":28,"column":75}}]}},"b":{"0":[1],"1":[2],"2":[0],"3":[0],"4":[1],"5":[1],"6":[1]},"fnMap":{"0":{"name":"boundedContextSection","decl":{"start":{"line":11,"column":30},"end":{"line":13,"column":29}},"loc":{"start":{"line":11,"column":30},"end":{"line":13,"column":29}},"line":11},"1":{"name":"subdomainMd","decl":{"start":{"line":17,"column":27},"end":{"line":43,"column":3}},"loc":{"start":{"line":17,"column":27},"end":{"line":43,"column":3}},"line":17}},"f":{"0":1,"1":2}}
,"/home/runner/work/open-domain-specification/open-domain-specification/packages/doc/src/workspace.md.ts": {"path":"/home/runner/work/open-domain-specification/open-domain-specification/packages/doc/src/workspace.md.ts","all":false,"statementMap":{"0":{"start":{"line":1,"column":0},"end":{"line":1,"column":8}},"5":{"start":{"line":6,"column":0},"end":{"line":6,"column":49}},"6":{"start":{"line":7,"column":0},"end":{"line":7,"column":53}},"7":{"start":{"line":8,"column":0},"end":{"line":8,"column":65}},"10":{"start":{"line":11,"column":0},"end":{"line":11,"column":43}},"12":{"start":{"line":13,"column":0},"end":{"line":13,"column":91}},"13":{"start":{"line":14,"column":0},"end":{"line":14,"column":21}},"17":{"start":{"line":18,"column":0},"end":{"line":18,"column":73}},"18":{"start":{"line":19,"column":0},"end":{"line":19,"column":55}},"19":{"start":{"line":20,"column":0},"end":{"line":20,"column":19}},"20":{"start":{"line":21,"column":0},"end":{"line":21,"column":24}},"22":{"start":{"line":23,"column":0},"end":{"line":23,"column":69}},"26":{"start":{"line":27,"column":0},"end":{"line":27,"column":27}},"27":{"start":{"line":28,"column":0},"end":{"line":28,"column":43}},"28":{"start":{"line":29,"column":0},"end":{"line":29,"column":52}},"29":{"start":{"line":30,"column":0},"end":{"line":30,"column":13}},"30":{"start":{"line":31,"column":0},"end":{"line":31,"column":19}},"31":{"start":{"line":32,"column":0},"end":{"line":32,"column":1}},"34":{"start":{"line":35,"column":0},"end":{"line":35,"column":16}},"35":{"start":{"line":36,"column":0},"end":{"line":36,"column":70}},"36":{"start":{"line":37,"column":0},"end":{"line":37,"column":72}},"37":{"start":{"line":38,"column":0},"end":{"line":38,"column":78}},"38":{"start":{"line":39,"column":0},"end":{"line":39,"column":13}},"39":{"start":{"line":40,"column":0},"end":{"line":40,"column":30}},"40":{"start":{"line":41,"column":0},"end":{"line":41,"column":21}},"41":{"start":{"line":42,"column":0},"end":{"line":42,"column":24}},"42":{"start":{"line":43,"column":0},"end":{"line":43,"column":4}},"43":{"start":{"line":44,"column":0},"end":{"line":44,"column":3}}},"s":{"0":1,"5":1,"6":1,"7":1,"10":1,"12":2,"13":2,"17":1,"18":4,"19":4,"20":4,"22":4,"26":4,"27":2,"28":2,"29":2,"30":2,"31":4,"34":4,"35":4,"36":4,"37":0,"38":0,"39":0,"40":0,"41":0,"42":4,"43":4},"branchMap":{"0":{"type":"branch","line":11,"loc":{"start":{"line":11,"column":22},"end":{"line":14,"column":21}},"locations":[{"start":{"line":11,"column":22},"end":{"line":14,"column":21}}]},"1":{"type":"branch","line":18,"loc":{"start":{"line":18,"column":27},"end":{"line":44,"column":3}},"locations":[{"start":{"line":18,"column":27},"end":{"line":44,"column":3}}]},"2":{"type":"branch","line":19,"loc":{"start":{"line":19,"column":2},"end":{"line":19,"column":25}},"locations":[{"start":{"line":19,"column":2},"end":{"line":19,"column":25}}]},"3":{"type":"branch","line":19,"loc":{"start":{"line":19,"column":11},"end":{"line":19,"column":52}},"locations":[{"start":{"line":19,"column":11},"end":{"line":19,"column":52}}]},"4":{"type":"branch","line":19,"loc":{"start":{"line":19,"column":48},"end":{"line":19,"column":54}},"locations":[{"start":{"line":19,"column":48},"end":{"line":19,"column":54}}]},"5":{"type":"branch","line":27,"loc":{"start":{"line":27,"column":26},"end":{"line":30,"column":13}},"locations":[{"start":{"line":27,"column":26},"end":{"line":30,"column":13}}]},"6":{"type":"branch","line":30,"loc":{"start":{"line":30,"column":12},"end":{"line":31,"column":19}},"locations":[{"start":{"line":30,"column":12},"end":{"line":31,"column":19}}]},"7":{"type":"branch","line":29,"loc":{"start":{"line":29,"column":9},"end":{"line":29,"column":51}},"locations":[{"start":{"line":29,"column":9},"end":{"line":29,"column":51}}]}},"b":{"0":[2],"1":[4],"2":[1],"3":[1],"4":[3],"5":[2],"6":[2],"7":[2]},"fnMap":{"0":{"name":"domainSection","decl":{"start":{"line":11,"column":22},"end":{"line":14,"column":21}},"loc":{"start":{"line":11,"column":22},"end":{"line":14,"column":21}},"line":11},"1":{"name":"workspaceMd","decl":{"start":{"line":18,"column":27},"end":{"line":44,"column":3}},"loc":{"start":{"line":18,"column":27},"end":{"line":44,"column":3}},"line":18}},"f":{"0":2,"1":4}}
,"/home/runner/work/open-domain-specification/open-domain-specification/packages/doc/src/lib/markdown-table.ts": {"path":"/home/runner/work/open-domain-specification/open-domain-specification/packages/doc/src/lib/markdown-table.ts","all":false,"statementMap":{"0":{"start":{"line":1,"column":0},"end":{"line":1,"column":76}},"1":{"start":{"line":2,"column":0},"end":{"line":2,"column":49}},"2":{"start":{"line":3,"column":0},"end":{"line":3,"column":12}},"3":{"start":{"line":4,"column":0},"end":{"line":4,"column":2}},"5":{"start":{"line":6,"column":0},"end":{"line":6,"column":50}},"6":{"start":{"line":7,"column":0},"end":{"line":7,"column":70}},"7":{"start":{"line":8,"column":0},"end":{"line":8,"column":73}},"9":{"start":{"line":10,"column":0},"end":{"line":10,"column":51}},"10":{"start":{"line":11,"column":0},"end":{"line":11,"column":1}}},"s":{"0":1,"1":13,"2":12,"3":12,"5":1,"6":1,"7":1,"9":1,"10":1},"branchMap":{"0":{"type":"branch","line":1,"loc":{"start":{"line":1,"column":7},"end":{"line":11,"column":1}},"locations":[{"start":{"line":1,"column":7},"end":{"line":11,"column":1}}]},"1":{"type":"branch","line":2,"loc":{"start":{"line":2,"column":24},"end":{"line":2,"column":48}},"locations":[{"start":{"line":2,"column":24},"end":{"line":2,"column":48}}]},"2":{"type":"branch","line":2,"loc":{"start":{"line":2,"column":48},"end":{"line":4,"column":2}},"locations":[{"start":{"line":2,"column":48},"end":{"line":4,"column":2}}]},"3":{"type":"branch","line":4,"loc":{"start":{"line":4,"column":1},"end":{"line":11,"column":1}},"locations":[{"start":{"line":4,"column":1},"end":{"line":11,"column":1}}]},"4":{"type":"branch","line":7,"loc":{"start":{"line":7,"column":39},"end":{"line":7,"column":50}},"locations":[{"start":{"line":7,"column":39},"end":{"line":7,"column":50}}]},"5":{"type":"branch","line":8,"loc":{"start":{"line":8,"column":27},"end":{"line":8,"column":60}},"locations":[{"start":{"line":8,"column":27},"end":{"line":8,"column":60}}]}},"b":{"0":[13],"1":[12],"2":[12],"3":[1],"4":[2],"5":[2]},"fnMap":{"0":{"name":"markdownTable","decl":{"start":{"line":1,"column":7},"end":{"line":11,"column":1}},"loc":{"start":{"line":1,"column":7},"end":{"line":11,"column":1}},"line":1}},"f":{"0":13}}
,"/home/runner/work/open-domain-specification/open-domain-specification/packages/doc/src/lib/path.ts": {"path":"/home/runner/work/open-domain-specification/open-domain-specification/packages/doc/src/lib/path.ts","all":false,"statementMap":{"5":{"start":{"line":6,"column":0},"end":{"line":6,"column":78}},"6":{"start":{"line":7,"column":0},"end":{"line":7,"column":33}},"7":{"start":{"line":8,"column":0},"end":{"line":8,"column":3}},"8":{"start":{"line":9,"column":0},"end":{"line":9,"column":43}},"9":{"start":{"line":10,"column":0},"end":{"line":10,"column":53}},"10":{"start":{"line":11,"column":0},"end":{"line":11,"column":63}},"12":{"start":{"line":13,"column":0},"end":{"line":13,"column":43}},"14":{"start":{"line":15,"column":0},"end":{"line":15,"column":58}},"15":{"start":{"line":16,"column":0},"end":{"line":16,"column":63}},"18":{"start":{"line":19,"column":0},"end":{"line":19,"column":11}},"19":{"start":{"line":20,"column":0},"end":{"line":20,"column":69}},"22":{"start":{"line":23,"column":0},"end":{"line":23,"column":29}},"23":{"start":{"line":24,"column":0},"end":{"line":24,"column":27}},"25":{"start":{"line":26,"column":0},"end":{"line":26,"column":48}},"27":{"start":{"line":28,"column":0},"end":{"line":28,"column":51}},"28":{"start":{"line":29,"column":0},"end":{"line":29,"column":32}},"29":{"start":{"line":30,"column":0},"end":{"line":30,"column":37}},"30":{"start":{"line":31,"column":0},"end":{"line":31,"column":1}}},"s":{"5":1,"6":60,"7":83,"8":83,"9":83,"10":83,"12":60,"14":23,"15":23,"18":23,"19":60,"22":23,"23":23,"25":60,"27":9,"28":9,"29":60,"30":60},"branchMap":{"0":{"type":"branch","line":6,"loc":{"start":{"line":6,"column":7},"end":{"line":31,"column":1}},"locations":[{"start":{"line":6,"column":7},"end":{"line":31,"column":1}}]},"1":{"type":"branch","line":13,"loc":{"start":{"line":13,"column":18},"end":{"line":13,"column":43}},"locations":[{"start":{"line":13,"column":18},"end":{"line":13,"column":43}}]},"2":{"type":"branch","line":13,"loc":{"start":{"line":13,"column":41},"end":{"line":20,"column":45}},"locations":[{"start":{"line":13,"column":41},"end":{"line":20,"column":45}}]},"3":{"type":"branch","line":13,"loc":{"start":{"line":13,"column":41},"end":{"line":20,"column":26}},"locations":[{"start":{"line":13,"column":41},"end":{"line":20,"column":26}}]},"4":{"type":"branch","line":20,"loc":{"start":{"line":20,"column":16},"end":{"line":20,"column":45}},"locations":[{"start":{"line":20,"column":16},"end":{"line":20,"column":45}}]},"5":{"type":"branch","line":20,"loc":{"start":{"line":20,"column":35},"end":{"line":20,"column":65}},"locations":[{"start":{"line":20,"column":35},"end":{"line":20,"column":65}}]},"6":{"type":"branch","line":20,"loc":{"start":{"line":20,"column":65},"end":{"line":26,"column":37}},"locations":[{"start":{"line":20,"column":65},"end":{"line":26,"column":37}}]},"7":{"type":"branch","line":20,"loc":{"start":{"line":20,"column":65},"end":{"line":20,"column":69}},"locations":[{"start":{"line":20,"column":65},"end":{"line":20,"column":69}}]},"8":{"type":"branch","line":20,"loc":{"start":{"line":20,"column":65},"end":{"line":26,"column":18}},"locations":[{"start":{"line":20,"column":65},"end":{"line":26,"column":18}}]},"9":{"type":"branch","line":26,"loc":{"start":{"line":26,"column":13},"end":{"line":26,"column":37}},"locations":[{"start":{"line":26,"column":13},"end":{"line":26,"column":37}}]},"10":{"type":"branch","line":26,"loc":{"start":{"line":26,"column":37},"end":{"line":30,"column":33}},"locations":[{"start":{"line":26,"column":37},"end":{"line":30,"column":33}}]},"11":{"type":"branch","line":26,"loc":{"start":{"line":26,"column":37},"end":{"line":26,"column":48}},"locations":[{"start":{"line":26,"column":37},"end":{"line":26,"column":48}}]},"12":{"type":"branch","line":26,"loc":{"start":{"line":26,"column":44},"end":{"line":30,"column":33}},"locations":[{"start":{"line":26,"column":44},"end":{"line":30,"column":33}}]},"13":{"type":"branch","line":30,"loc":{"start":{"line":30,"column":24},"end":{"line":30,"column":37}},"locations":[{"start":{"line":30,"column":24},"end":{"line":30,"column":37}}]},"14":{"type":"branch","line":7,"loc":{"start":{"line":7,"column":19},"end":{"line":11,"column":63}},"locations":[{"start":{"line":7,"column":19},"end":{"line":11,"column":63}}]}},"b":{"0":[60],"1":[37],"2":[58],"3":[23],"4":[85],"5":[79],"6":[58],"7":[76],"8":[23],"9":[20],"10":[58],"11":[14],"12":[9],"13":[0],"14":[83]},"fnMap":{"0":{"name":"getRelativePath","decl":{"start":{"line":6,"column":7},"end":{"line":31,"column":1}},"loc":{"start":{"line":6,"column":7},"end":{"line":31,"column":1}},"line":6},"1":{"name":"normalize","decl":{"start":{"line":7,"column":19},"end":{"line":11,"column":63}},"loc":{"start":{"line":7,"column":19},"end":{"line":11,"column":63}},"line":7}},"f":{"0":60,"1":83}}
,"/home/runner/work/open-domain-specification/open-domain-specification/packages/doc/src/lib/paths.ts": {"path":"/home/runner/work/open-domain-specification/open-domain-specification/packages/doc/src/lib/paths.ts","all":false,"statementMap":{"0":{"start":{"line":1,"column":0},"end":{"line":1,"column":41}},"2":{"start":{"line":3,"column":0},"end":{"line":3,"column":39}},"3":{"start":{"line":4,"column":0},"end":{"line":4,"column":13}},"4":{"start":{"line":5,"column":0},"end":{"line":5,"column":22}},"5":{"start":{"line":6,"column":0},"end":{"line":6,"column":11}},"6":{"start":{"line":7,"column":0},"end":{"line":7,"column":65}},"7":{"start":{"line":8,"column":0},"end":{"line":8,"column":1}},"9":{"start":{"line":10,"column":0},"end":{"line":10,"column":80}},"10":{"start":{"line":11,"column":0},"end":{"line":11,"column":62}},"11":{"start":{"line":12,"column":0},"end":{"line":12,"column":1}},"13":{"start":{"line":14,"column":0},"end":{"line":14,"column":37}},"14":{"start":{"line":15,"column":0},"end":{"line":15,"column":13}},"15":{"start":{"line":16,"column":0},"end":{"line":16,"column":22}},"16":{"start":{"line":17,"column":0},"end":{"line":17,"column":11}},"17":{"start":{"line":18,"column":0},"end":{"line":18,"column":63}},"18":{"start":{"line":19,"column":0},"end":{"line":19,"column":1}},"20":{"start":{"line":21,"column":0},"end":{"line":21,"column":74}},"21":{"start":{"line":22,"column":0},"end":{"line":22,"column":56}},"22":{"start":{"line":23,"column":0},"end":{"line":23,"column":1}}},"s":{"0":1,"2":1,"3":4,"4":4,"5":4,"6":4,"7":4,"9":1,"10":19,"11":19,"13":1,"14":2,"15":2,"16":2,"17":2,"18":2,"20":1,"21":31,"22":31},"branchMap":{"0":{"type":"branch","line":3,"loc":{"start":{"line":3,"column":7},"end":{"line":8,"column":1}},"locations":[{"start":{"line":3,"column":7},"end":{"line":8,"column":1}}]},"1":{"type":"branch","line":10,"loc":{"start":{"line":10,"column":7},"end":{"line":12,"column":1}},"locations":[{"start":{"line":10,"column":7},"end":{"line":12,"column":1}}]},"2":{"type":"branch","line":14,"loc":{"start":{"line":14,"column":7},"end":{"line":19,"column":1}},"locations":[{"start":{"line":14,"column":7},"end":{"line":19,"column":1}}]},"3":{"type":"branch","line":21,"loc":{"start":{"line":21,"column":7},"end":{"line":23,"column":1}},"locations":[{"start":{"line":21,"column":7},"end":{"line":23,"column":1}}]}},"b":{"0":[4],"1":[19],"2":[2],"3":[31]},"fnMap":{"0":{"name":"pathToConsumableMapSvg","decl":{"start":{"line":3,"column":7},"end":{"line":8,"column":1}},"loc":{"start":{"line":3,"column":7},"end":{"line":8,"column":1}},"line":3},"1":{"name":"pathToContextMapSvg","decl":{"start":{"line":10,"column":7},"end":{"line":12,"column":1}},"loc":{"start":{"line":10,"column":7},"end":{"line":12,"column":1}},"line":10},"2":{"name":"pathToRelationMapSvg","decl":{"start":{"line":14,"column":7},"end":{"line":19,"column":1}},"loc":{"start":{"line":14,"column":7},"end":{"line":19,"column":1}},"line":14},"3":{"name":"pathToIndexMd","decl":{"start":{"line":21,"column":7},"end":{"line":23,"column":1}},"loc":{"start":{"line":21,"column":7},"end":{"line":23,"column":1}},"line":21}},"f":{"0":4,"1":19,"2":2,"3":31}}
}
